ERROR - 2023-01-12 06:35:55 --> Error connecting to the database: mysqli_sql_exception: Access denied for user ''@'localhost' (using password: NO) in C:\xampp_8\htdocs\presensi_api\system\Database\MySQLi\Connection.php:173
Stack trace:
#0 C:\xampp_8\htdocs\presensi_api\system\Database\MySQLi\Connection.php(173): mysqli->real_connect('localhost', '', Object(SensitiveParameterValue), 'db_presensi', 3306, '', 0)
#1 C:\xampp_8\htdocs\presensi_api\system\Database\BaseConnection.php(391): CodeIgniter\Database\MySQLi\Connection->connect(false)
#2 C:\xampp_8\htdocs\presensi_api\system\Database\BaseConnection.php(573): CodeIgniter\Database\BaseConnection->initialize()
#3 C:\xampp_8\htdocs\presensi_api\system\Database\BaseBuilder.php(1601): CodeIgniter\Database\BaseConnection->query('SELECT *\nFROM `...', Array, false)
#4 C:\xampp_8\htdocs\presensi_api\system\Model.php(240): CodeIgniter\Database\BaseBuilder->get()
#5 C:\xampp_8\htdocs\presensi_api\system\BaseModel.php(618): CodeIgniter\Model->doFindAll(0, 0)
#6 C:\xampp_8\htdocs\presensi_api\app\Controllers\Qrscan.php(16): CodeIgniter\BaseModel->findAll()
#7 C:\xampp_8\htdocs\presensi_api\system\CodeIgniter.php(934): App\Controllers\Qrscan->index()
#8 C:\xampp_8\htdocs\presensi_api\system\CodeIgniter.php(499): CodeIgniter\CodeIgniter->runController(Object(App\Controllers\Qrscan))
#9 C:\xampp_8\htdocs\presensi_api\system\CodeIgniter.php(368): CodeIgniter\CodeIgniter->handleRequest(NULL, Object(Config\Cache), false)
#10 C:\xampp_8\htdocs\presensi_api\public\index.php(67): CodeIgniter\CodeIgniter->run()
#11 C:\xampp_8\htdocs\presensi_api\system\Commands\Server\rewrite.php(47): require_once('C:\\xampp_8\\htdo...')
#12 {main}

Next CodeIgniter\Database\Exceptions\DatabaseException: Access denied for user ''@'localhost' (using password: NO) in C:\xampp_8\htdocs\presensi_api\system\Database\MySQLi\Connection.php:218
Stack trace:
#0 C:\xampp_8\htdocs\presensi_api\system\Database\BaseConnection.php(391): CodeIgniter\Database\MySQLi\Connection->connect(false)
#1 C:\xampp_8\htdocs\presensi_api\system\Database\BaseConnection.php(573): CodeIgniter\Database\BaseConnection->initialize()
#2 C:\xampp_8\htdocs\presensi_api\system\Database\BaseBuilder.php(1601): CodeIgniter\Database\BaseConnection->query('SELECT *\nFROM `...', Array, false)
#3 C:\xampp_8\htdocs\presensi_api\system\Model.php(240): CodeIgniter\Database\BaseBuilder->get()
#4 C:\xampp_8\htdocs\presensi_api\system\BaseModel.php(618): CodeIgniter\Model->doFindAll(0, 0)
#5 C:\xampp_8\htdocs\presensi_api\app\Controllers\Qrscan.php(16): CodeIgniter\BaseModel->findAll()
#6 C:\xampp_8\htdocs\presensi_api\system\CodeIgniter.php(934): App\Controllers\Qrscan->index()
#7 C:\xampp_8\htdocs\presensi_api\system\CodeIgniter.php(499): CodeIgniter\CodeIgniter->runController(Object(App\Controllers\Qrscan))
#8 C:\xampp_8\htdocs\presensi_api\system\CodeIgniter.php(368): CodeIgniter\CodeIgniter->handleRequest(NULL, Object(Config\Cache), false)
#9 C:\xampp_8\htdocs\presensi_api\public\index.php(67): CodeIgniter\CodeIgniter->run()
#10 C:\xampp_8\htdocs\presensi_api\system\Commands\Server\rewrite.php(47): require_once('C:\\xampp_8\\htdo...')
#11 {main}
CRITICAL - 2023-01-12 06:35:55 --> Unable to connect to the database.
Main connection [MySQLi]: Access denied for user ''@'localhost' (using password: NO)
in SYSTEMPATH\Database\BaseConnection.php on line 427.
 1 SYSTEMPATH\Database\BaseConnection.php(573): CodeIgniter\Database\BaseConnection->initialize()
 2 SYSTEMPATH\Database\BaseBuilder.php(1601): CodeIgniter\Database\BaseConnection->query('SELECT *
FROM `tbl_qr_scan`
ORDER BY `id` DESC', [], false)
 3 SYSTEMPATH\Model.php(240): CodeIgniter\Database\BaseBuilder->get()
 4 SYSTEMPATH\BaseModel.php(618): CodeIgniter\Model->doFindAll(0, 0)
 5 APPPATH\Controllers\Qrscan.php(16): CodeIgniter\BaseModel->findAll()
 6 SYSTEMPATH\CodeIgniter.php(934): App\Controllers\Qrscan->index()
 7 SYSTEMPATH\CodeIgniter.php(499): CodeIgniter\CodeIgniter->runController(Object(App\Controllers\Qrscan))
 8 SYSTEMPATH\CodeIgniter.php(368): CodeIgniter\CodeIgniter->handleRequest(null, Object(Config\Cache), false)
 9 FCPATH\index.php(67): CodeIgniter\CodeIgniter->run()
10 SYSTEMPATH\Commands\Server\rewrite.php(47): require_once('FCPATH\\index.php')
CRITICAL - 2023-01-12 07:28:56 --> Too few arguments to function CodeIgniter\Router\RouteCollection::get(), 1 passed in C:\xampp_8\htdocs\presensi\app\Config\Routes.php on line 33 and at least 2 expected
in SYSTEMPATH\Router\RouteCollection.php on line 912.
 1 APPPATH\Config\Routes.php(33): CodeIgniter\Router\RouteCollection->get('qrscanapi')
 2 SYSTEMPATH\Router\RouteCollection.php(266): require('APPPATH\\Config\\Routes.php')
 3 SYSTEMPATH\CodeIgniter.php(802): CodeIgniter\Router\RouteCollection->loadRoutes()
 4 SYSTEMPATH\CodeIgniter.php(449): CodeIgniter\CodeIgniter->tryToRouteIt(null)
 5 SYSTEMPATH\CodeIgniter.php(368): CodeIgniter\CodeIgniter->handleRequest(null, Object(Config\Cache), false)
 6 FCPATH\index.php(67): CodeIgniter\CodeIgniter->run()
CRITICAL - 2023-01-12 07:28:57 --> Too few arguments to function CodeIgniter\Router\RouteCollection::get(), 1 passed in C:\xampp_8\htdocs\presensi\app\Config\Routes.php on line 33 and at least 2 expected
in SYSTEMPATH\Router\RouteCollection.php on line 912.
 1 APPPATH\Config\Routes.php(33): CodeIgniter\Router\RouteCollection->get('qrscanapi')
 2 SYSTEMPATH\Router\RouteCollection.php(266): require('APPPATH\\Config\\Routes.php')
 3 SYSTEMPATH\CodeIgniter.php(802): CodeIgniter\Router\RouteCollection->loadRoutes()
 4 SYSTEMPATH\CodeIgniter.php(449): CodeIgniter\CodeIgniter->tryToRouteIt(null)
 5 SYSTEMPATH\CodeIgniter.php(368): CodeIgniter\CodeIgniter->handleRequest(null, Object(Config\Cache), false)
 6 FCPATH\index.php(67): CodeIgniter\CodeIgniter->run()
CRITICAL - 2023-01-12 07:28:58 --> Too few arguments to function CodeIgniter\Router\RouteCollection::get(), 1 passed in C:\xampp_8\htdocs\presensi\app\Config\Routes.php on line 33 and at least 2 expected
in SYSTEMPATH\Router\RouteCollection.php on line 912.
 1 APPPATH\Config\Routes.php(33): CodeIgniter\Router\RouteCollection->get('qrscanapi')
 2 SYSTEMPATH\Router\RouteCollection.php(266): require('APPPATH\\Config\\Routes.php')
 3 SYSTEMPATH\CodeIgniter.php(802): CodeIgniter\Router\RouteCollection->loadRoutes()
 4 SYSTEMPATH\CodeIgniter.php(449): CodeIgniter\CodeIgniter->tryToRouteIt(null)
 5 SYSTEMPATH\CodeIgniter.php(368): CodeIgniter\CodeIgniter->handleRequest(null, Object(Config\Cache), false)
 6 FCPATH\index.php(67): CodeIgniter\CodeIgniter->run()
CRITICAL - 2023-01-12 07:28:59 --> Too few arguments to function CodeIgniter\Router\RouteCollection::get(), 1 passed in C:\xampp_8\htdocs\presensi\app\Config\Routes.php on line 33 and at least 2 expected
in SYSTEMPATH\Router\RouteCollection.php on line 912.
 1 APPPATH\Config\Routes.php(33): CodeIgniter\Router\RouteCollection->get('qrscanapi')
 2 SYSTEMPATH\Router\RouteCollection.php(266): require('APPPATH\\Config\\Routes.php')
 3 SYSTEMPATH\CodeIgniter.php(802): CodeIgniter\Router\RouteCollection->loadRoutes()
 4 SYSTEMPATH\CodeIgniter.php(449): CodeIgniter\CodeIgniter->tryToRouteIt(null)
 5 SYSTEMPATH\CodeIgniter.php(368): CodeIgniter\CodeIgniter->handleRequest(null, Object(Config\Cache), false)
 6 FCPATH\index.php(67): CodeIgniter\CodeIgniter->run()
CRITICAL - 2023-01-12 07:29:00 --> Too few arguments to function CodeIgniter\Router\RouteCollection::get(), 1 passed in C:\xampp_8\htdocs\presensi\app\Config\Routes.php on line 33 and at least 2 expected
in SYSTEMPATH\Router\RouteCollection.php on line 912.
 1 APPPATH\Config\Routes.php(33): CodeIgniter\Router\RouteCollection->get('qrscanapi')
 2 SYSTEMPATH\Router\RouteCollection.php(266): require('APPPATH\\Config\\Routes.php')
 3 SYSTEMPATH\CodeIgniter.php(802): CodeIgniter\Router\RouteCollection->loadRoutes()
 4 SYSTEMPATH\CodeIgniter.php(449): CodeIgniter\CodeIgniter->tryToRouteIt(null)
 5 SYSTEMPATH\CodeIgniter.php(368): CodeIgniter\CodeIgniter->handleRequest(null, Object(Config\Cache), false)
 6 FCPATH\index.php(67): CodeIgniter\CodeIgniter->run()
CRITICAL - 2023-01-12 07:29:01 --> Too few arguments to function CodeIgniter\Router\RouteCollection::get(), 1 passed in C:\xampp_8\htdocs\presensi\app\Config\Routes.php on line 33 and at least 2 expected
in SYSTEMPATH\Router\RouteCollection.php on line 912.
 1 APPPATH\Config\Routes.php(33): CodeIgniter\Router\RouteCollection->get('qrscanapi')
 2 SYSTEMPATH\Router\RouteCollection.php(266): require('APPPATH\\Config\\Routes.php')
 3 SYSTEMPATH\CodeIgniter.php(802): CodeIgniter\Router\RouteCollection->loadRoutes()
 4 SYSTEMPATH\CodeIgniter.php(449): CodeIgniter\CodeIgniter->tryToRouteIt(null)
 5 SYSTEMPATH\CodeIgniter.php(368): CodeIgniter\CodeIgniter->handleRequest(null, Object(Config\Cache), false)
 6 FCPATH\index.php(67): CodeIgniter\CodeIgniter->run()
CRITICAL - 2023-01-12 07:29:02 --> syntax error, unexpected identifier "qrscanapi", expecting ")"
in APPPATH\Config\Routes.php on line 33.
 1 SYSTEMPATH\CodeIgniter.php(802): CodeIgniter\Router\RouteCollection->loadRoutes()
 2 SYSTEMPATH\CodeIgniter.php(449): CodeIgniter\CodeIgniter->tryToRouteIt(null)
 3 SYSTEMPATH\CodeIgniter.php(368): CodeIgniter\CodeIgniter->handleRequest(null, Object(Config\Cache), false)
 4 FCPATH\index.php(67): CodeIgniter\CodeIgniter->run()
CRITICAL - 2023-01-12 07:29:03 --> syntax error, unexpected identifier "qrscanapi", expecting ")"
in APPPATH\Config\Routes.php on line 33.
 1 SYSTEMPATH\CodeIgniter.php(802): CodeIgniter\Router\RouteCollection->loadRoutes()
 2 SYSTEMPATH\CodeIgniter.php(449): CodeIgniter\CodeIgniter->tryToRouteIt(null)
 3 SYSTEMPATH\CodeIgniter.php(368): CodeIgniter\CodeIgniter->handleRequest(null, Object(Config\Cache), false)
 4 FCPATH\index.php(67): CodeIgniter\CodeIgniter->run()
CRITICAL - 2023-01-12 07:29:04 --> syntax error, unexpected identifier "qrscanapi", expecting ")"
in APPPATH\Config\Routes.php on line 33.
 1 SYSTEMPATH\CodeIgniter.php(802): CodeIgniter\Router\RouteCollection->loadRoutes()
 2 SYSTEMPATH\CodeIgniter.php(449): CodeIgniter\CodeIgniter->tryToRouteIt(null)
 3 SYSTEMPATH\CodeIgniter.php(368): CodeIgniter\CodeIgniter->handleRequest(null, Object(Config\Cache), false)
 4 FCPATH\index.php(67): CodeIgniter\CodeIgniter->run()
CRITICAL - 2023-01-12 07:29:05 --> syntax error, unexpected identifier "qrscanapi", expecting ")"
in APPPATH\Config\Routes.php on line 33.
 1 SYSTEMPATH\CodeIgniter.php(802): CodeIgniter\Router\RouteCollection->loadRoutes()
 2 SYSTEMPATH\CodeIgniter.php(449): CodeIgniter\CodeIgniter->tryToRouteIt(null)
 3 SYSTEMPATH\CodeIgniter.php(368): CodeIgniter\CodeIgniter->handleRequest(null, Object(Config\Cache), false)
 4 FCPATH\index.php(67): CodeIgniter\CodeIgniter->run()
CRITICAL - 2023-01-12 07:29:06 --> syntax error, unexpected identifier "qrscanapi", expecting ")"
in APPPATH\Config\Routes.php on line 33.
 1 SYSTEMPATH\CodeIgniter.php(802): CodeIgniter\Router\RouteCollection->loadRoutes()
 2 SYSTEMPATH\CodeIgniter.php(449): CodeIgniter\CodeIgniter->tryToRouteIt(null)
 3 SYSTEMPATH\CodeIgniter.php(368): CodeIgniter\CodeIgniter->handleRequest(null, Object(Config\Cache), false)
 4 FCPATH\index.php(67): CodeIgniter\CodeIgniter->run()
CRITICAL - 2023-01-12 07:29:07 --> syntax error, unexpected identifier "qrscanapi", expecting ")"
in APPPATH\Config\Routes.php on line 33.
 1 SYSTEMPATH\CodeIgniter.php(802): CodeIgniter\Router\RouteCollection->loadRoutes()
 2 SYSTEMPATH\CodeIgniter.php(449): CodeIgniter\CodeIgniter->tryToRouteIt(null)
 3 SYSTEMPATH\CodeIgniter.php(368): CodeIgniter\CodeIgniter->handleRequest(null, Object(Config\Cache), false)
 4 FCPATH\index.php(67): CodeIgniter\CodeIgniter->run()
CRITICAL - 2023-01-12 07:29:08 --> syntax error, unexpected identifier "qrscanapi", expecting ")"
in APPPATH\Config\Routes.php on line 33.
 1 SYSTEMPATH\CodeIgniter.php(802): CodeIgniter\Router\RouteCollection->loadRoutes()
 2 SYSTEMPATH\CodeIgniter.php(449): CodeIgniter\CodeIgniter->tryToRouteIt(null)
 3 SYSTEMPATH\CodeIgniter.php(368): CodeIgniter\CodeIgniter->handleRequest(null, Object(Config\Cache), false)
 4 FCPATH\index.php(67): CodeIgniter\CodeIgniter->run()
CRITICAL - 2023-01-12 07:29:09 --> syntax error, unexpected identifier "qrscanapi", expecting ")"
in APPPATH\Config\Routes.php on line 33.
 1 SYSTEMPATH\CodeIgniter.php(802): CodeIgniter\Router\RouteCollection->loadRoutes()
 2 SYSTEMPATH\CodeIgniter.php(449): CodeIgniter\CodeIgniter->tryToRouteIt(null)
 3 SYSTEMPATH\CodeIgniter.php(368): CodeIgniter\CodeIgniter->handleRequest(null, Object(Config\Cache), false)
 4 FCPATH\index.php(67): CodeIgniter\CodeIgniter->run()
CRITICAL - 2023-01-12 07:29:10 --> syntax error, unexpected single-quoted string ");", expecting ")"
in APPPATH\Config\Routes.php on line 34.
 1 SYSTEMPATH\CodeIgniter.php(802): CodeIgniter\Router\RouteCollection->loadRoutes()
 2 SYSTEMPATH\CodeIgniter.php(449): CodeIgniter\CodeIgniter->tryToRouteIt(null)
 3 SYSTEMPATH\CodeIgniter.php(368): CodeIgniter\CodeIgniter->handleRequest(null, Object(Config\Cache), false)
 4 FCPATH\index.php(67): CodeIgniter\CodeIgniter->run()
ERROR - 2023-01-12 07:30:43 --> mysqli_sql_exception: Unknown column 'qr_scan_pagi' in 'field list' in C:\xampp_8\htdocs\presensi\system\Database\MySQLi\Connection.php:295
Stack trace:
#0 C:\xampp_8\htdocs\presensi\system\Database\MySQLi\Connection.php(295): mysqli->query('SELECT `qr_scan...', 0)
#1 C:\xampp_8\htdocs\presensi\system\Database\BaseConnection.php(691): CodeIgniter\Database\MySQLi\Connection->execute('SELECT `qr_scan...')
#2 C:\xampp_8\htdocs\presensi\system\Database\BaseConnection.php(605): CodeIgniter\Database\BaseConnection->simpleQuery('SELECT `qr_scan...')
#3 C:\xampp_8\htdocs\presensi\system\Database\BaseBuilder.php(1601): CodeIgniter\Database\BaseConnection->query('SELECT `qr_scan...', Array, false)
#4 C:\xampp_8\htdocs\presensi\system\Model.php(202): CodeIgniter\Database\BaseBuilder->get()
#5 C:\xampp_8\htdocs\presensi\system\BaseModel.php(557): CodeIgniter\Model->doFind(false, NULL)
#6 C:\xampp_8\htdocs\presensi\system\Model.php(218): CodeIgniter\BaseModel->find()
#7 C:\xampp_8\htdocs\presensi\system\BaseModel.php(588): CodeIgniter\Model->doFindColumn('qr_scan_pagi')
#8 C:\xampp_8\htdocs\presensi\app\Controllers\QrScanApi.php(24): CodeIgniter\BaseModel->findColumn('qr_scan_pagi')
#9 C:\xampp_8\htdocs\presensi\system\CodeIgniter.php(934): App\Controllers\QrScanApi->PostQr()
#10 C:\xampp_8\htdocs\presensi\system\CodeIgniter.php(499): CodeIgniter\CodeIgniter->runController(Object(App\Controllers\QrScanApi))
#11 C:\xampp_8\htdocs\presensi\system\CodeIgniter.php(368): CodeIgniter\CodeIgniter->handleRequest(NULL, Object(Config\Cache), false)
#12 C:\xampp_8\htdocs\presensi\index.php(67): CodeIgniter\CodeIgniter->run()
#13 {main}
CRITICAL - 2023-01-12 07:30:43 --> Unknown column 'qr_scan_pagi' in 'field list'
in SYSTEMPATH\Database\BaseConnection.php on line 645.
 1 SYSTEMPATH\Database\BaseBuilder.php(1601): CodeIgniter\Database\BaseConnection->query('SELECT `qr_scan_pagi`
FROM `tbl_qr_scan`', [], false)
 2 SYSTEMPATH\Model.php(202): CodeIgniter\Database\BaseBuilder->get()
 3 SYSTEMPATH\BaseModel.php(557): CodeIgniter\Model->doFind(false, null)
 4 SYSTEMPATH\Model.php(218): CodeIgniter\BaseModel->find()
 5 SYSTEMPATH\BaseModel.php(588): CodeIgniter\Model->doFindColumn('qr_scan_pagi')
 6 APPPATH\Controllers\QrScanApi.php(24): CodeIgniter\BaseModel->findColumn('qr_scan_pagi')
 7 SYSTEMPATH\CodeIgniter.php(934): App\Controllers\QrScanApi->PostQr()
 8 SYSTEMPATH\CodeIgniter.php(499): CodeIgniter\CodeIgniter->runController(Object(App\Controllers\QrScanApi))
 9 SYSTEMPATH\CodeIgniter.php(368): CodeIgniter\CodeIgniter->handleRequest(null, Object(Config\Cache), false)
10 FCPATH\index.php(67): CodeIgniter\CodeIgniter->run()
CRITICAL - 2023-01-12 07:33:01 --> App\Controllers\QrScanApi::respond(): Argument #2 ($status) must be of type ?int, string given, called in C:\xampp_8\htdocs\presensi\app\Controllers\QrScanApi.php on line 30
in SYSTEMPATH\API\ResponseTrait.php on line 90.
 1 APPPATH\Controllers\QrScanApi.php(30): App\Controllers\QrScanApi->respond([...], 'cc6a22d78b')
 2 SYSTEMPATH\CodeIgniter.php(934): App\Controllers\QrScanApi->PostQr()
 3 SYSTEMPATH\CodeIgniter.php(499): CodeIgniter\CodeIgniter->runController(Object(App\Controllers\QrScanApi))
 4 SYSTEMPATH\CodeIgniter.php(368): CodeIgniter\CodeIgniter->handleRequest(null, Object(Config\Cache), false)
 5 FCPATH\index.php(67): CodeIgniter\CodeIgniter->run()
CRITICAL - 2023-01-12 07:33:13 --> Array to string conversion
in APPPATH\Controllers\QrScanApi.php on line 30.
 1 APPPATH\Controllers\QrScanApi.php(30): CodeIgniter\Debug\Exceptions->errorHandler(2, 'Array to string conversion', 'APPPATH\\Controllers\\QrScanApi.php', 30)
 2 SYSTEMPATH\CodeIgniter.php(934): App\Controllers\QrScanApi->PostQr()
 3 SYSTEMPATH\CodeIgniter.php(499): CodeIgniter\CodeIgniter->runController(Object(App\Controllers\QrScanApi))
 4 SYSTEMPATH\CodeIgniter.php(368): CodeIgniter\CodeIgniter->handleRequest(null, Object(Config\Cache), false)
 5 FCPATH\index.php(67): CodeIgniter\CodeIgniter->run()
CRITICAL - 2023-01-12 07:46:15 --> Too few arguments to function App\Controllers\QrScanApi::PostQr(), 0 passed in C:\xampp_8\htdocs\presensi\system\CodeIgniter.php on line 934 and exactly 1 expected
in APPPATH\Controllers\QrScanApi.php on line 20.
 1 SYSTEMPATH\CodeIgniter.php(934): App\Controllers\QrScanApi->PostQr()
 2 SYSTEMPATH\CodeIgniter.php(499): CodeIgniter\CodeIgniter->runController(Object(App\Controllers\QrScanApi))
 3 SYSTEMPATH\CodeIgniter.php(368): CodeIgniter\CodeIgniter->handleRequest(null, Object(Config\Cache), false)
 4 FCPATH\index.php(67): CodeIgniter\CodeIgniter->run()
CRITICAL - 2023-01-12 08:18:48 --> App\Controllers\QrScanApi::respond(): Argument #2 ($status) must be of type ?int, string given, called in C:\xampp_8\htdocs\presensi\app\Controllers\QrScanApi.php on line 34
in SYSTEMPATH\API\ResponseTrait.php on line 90.
 1 APPPATH\Controllers\QrScanApi.php(34): App\Controllers\QrScanApi->respond(false, 'qr failed')
 2 SYSTEMPATH\CodeIgniter.php(934): App\Controllers\QrScanApi->post_qr()
 3 SYSTEMPATH\CodeIgniter.php(499): CodeIgniter\CodeIgniter->runController(Object(App\Controllers\QrScanApi))
 4 SYSTEMPATH\CodeIgniter.php(368): CodeIgniter\CodeIgniter->handleRequest(null, Object(Config\Cache), false)
 5 FCPATH\index.php(67): CodeIgniter\CodeIgniter->run()
ERROR - 2023-01-12 10:46:09 --> mysqli_sql_exception: Table 'db_presensi.id_unit' doesn't exist in C:\xampp_8\htdocs\presensi\system\Database\MySQLi\Connection.php:295
Stack trace:
#0 C:\xampp_8\htdocs\presensi\system\Database\MySQLi\Connection.php(295): mysqli->query('SELECT *\nFROM `...', 0)
#1 C:\xampp_8\htdocs\presensi\system\Database\BaseConnection.php(691): CodeIgniter\Database\MySQLi\Connection->execute('SELECT *\nFROM `...')
#2 C:\xampp_8\htdocs\presensi\system\Database\BaseConnection.php(605): CodeIgniter\Database\BaseConnection->simpleQuery('SELECT *\nFROM `...')
#3 C:\xampp_8\htdocs\presensi\system\Database\BaseBuilder.php(1601): CodeIgniter\Database\BaseConnection->query('SELECT *\nFROM `...', Array, false)
#4 C:\xampp_8\htdocs\presensi\app\Models\UserModel.php(45): CodeIgniter\Database\BaseBuilder->get()
#5 C:\xampp_8\htdocs\presensi\app\Controllers\User.php(16): App\Models\UserModel->get_user()
#6 C:\xampp_8\htdocs\presensi\system\CodeIgniter.php(934): App\Controllers\User->get_user()
#7 C:\xampp_8\htdocs\presensi\system\CodeIgniter.php(499): CodeIgniter\CodeIgniter->runController(Object(App\Controllers\User))
#8 C:\xampp_8\htdocs\presensi\system\CodeIgniter.php(368): CodeIgniter\CodeIgniter->handleRequest(NULL, Object(Config\Cache), false)
#9 C:\xampp_8\htdocs\presensi\index.php(67): CodeIgniter\CodeIgniter->run()
#10 {main}
CRITICAL - 2023-01-12 10:46:09 --> Table 'db_presensi.id_unit' doesn't exist
in SYSTEMPATH\Database\BaseConnection.php on line 645.
 1 SYSTEMPATH\Database\BaseBuilder.php(1601): CodeIgniter\Database\BaseConnection->query('SELECT *
FROM `tbl_user`
JOIN `id_unit` ON `tbl_user`.`id_unit` = `tbl_unit`.`id_user`', [], false)
 2 APPPATH\Models\UserModel.php(45): CodeIgniter\Database\BaseBuilder->get()
 3 APPPATH\Controllers\User.php(16): App\Models\UserModel->get_user()
 4 SYSTEMPATH\CodeIgniter.php(934): App\Controllers\User->get_user()
 5 SYSTEMPATH\CodeIgniter.php(499): CodeIgniter\CodeIgniter->runController(Object(App\Controllers\User))
 6 SYSTEMPATH\CodeIgniter.php(368): CodeIgniter\CodeIgniter->handleRequest(null, Object(Config\Cache), false)
 7 FCPATH\index.php(67): CodeIgniter\CodeIgniter->run()
ERROR - 2023-01-12 10:46:25 --> mysqli_sql_exception: Unknown column 'tbl_unit.id_user' in 'on clause' in C:\xampp_8\htdocs\presensi\system\Database\MySQLi\Connection.php:295
Stack trace:
#0 C:\xampp_8\htdocs\presensi\system\Database\MySQLi\Connection.php(295): mysqli->query('SELECT *\nFROM `...', 0)
#1 C:\xampp_8\htdocs\presensi\system\Database\BaseConnection.php(691): CodeIgniter\Database\MySQLi\Connection->execute('SELECT *\nFROM `...')
#2 C:\xampp_8\htdocs\presensi\system\Database\BaseConnection.php(605): CodeIgniter\Database\BaseConnection->simpleQuery('SELECT *\nFROM `...')
#3 C:\xampp_8\htdocs\presensi\system\Database\BaseBuilder.php(1601): CodeIgniter\Database\BaseConnection->query('SELECT *\nFROM `...', Array, false)
#4 C:\xampp_8\htdocs\presensi\app\Models\UserModel.php(45): CodeIgniter\Database\BaseBuilder->get()
#5 C:\xampp_8\htdocs\presensi\app\Controllers\User.php(16): App\Models\UserModel->get_user()
#6 C:\xampp_8\htdocs\presensi\system\CodeIgniter.php(934): App\Controllers\User->get_user()
#7 C:\xampp_8\htdocs\presensi\system\CodeIgniter.php(499): CodeIgniter\CodeIgniter->runController(Object(App\Controllers\User))
#8 C:\xampp_8\htdocs\presensi\system\CodeIgniter.php(368): CodeIgniter\CodeIgniter->handleRequest(NULL, Object(Config\Cache), false)
#9 C:\xampp_8\htdocs\presensi\index.php(67): CodeIgniter\CodeIgniter->run()
#10 {main}
CRITICAL - 2023-01-12 10:46:25 --> Unknown column 'tbl_unit.id_user' in 'on clause'
in SYSTEMPATH\Database\BaseConnection.php on line 645.
 1 SYSTEMPATH\Database\BaseBuilder.php(1601): CodeIgniter\Database\BaseConnection->query('SELECT *
FROM `tbl_user`
JOIN `tbl_unit` ON `tbl_user`.`id_unit` = `tbl_unit`.`id_user`', [], false)
 2 APPPATH\Models\UserModel.php(45): CodeIgniter\Database\BaseBuilder->get()
 3 APPPATH\Controllers\User.php(16): App\Models\UserModel->get_user()
 4 SYSTEMPATH\CodeIgniter.php(934): App\Controllers\User->get_user()
 5 SYSTEMPATH\CodeIgniter.php(499): CodeIgniter\CodeIgniter->runController(Object(App\Controllers\User))
 6 SYSTEMPATH\CodeIgniter.php(368): CodeIgniter\CodeIgniter->handleRequest(null, Object(Config\Cache), false)
 7 FCPATH\index.php(67): CodeIgniter\CodeIgniter->run()
