CRITICAL - 2023-04-10 20:01:14 --> Invalid file: "layout/breadcumb.php"
in SYSTEMPATH\Exceptions\FrameworkException.php on line 33.
 1 SYSTEMPATH\View\View.php(201): CodeIgniter\Exceptions\FrameworkException::forInvalidFile('layout/breadcumb.php')
 2 SYSTEMPATH\View\View.php(431): CodeIgniter\View\View->render('layout/breadcumb', null, true)
 3 APPPATH\Views\layout\template.php(27): CodeIgniter\View\View->include('layout/breadcumb')
 4 SYSTEMPATH\View\View.php(213): include('APPPATH\\Views\\layout\\template.php')
 5 SYSTEMPATH\View\View.php(216): CodeIgniter\View\View->CodeIgniter\View\{closure}()
 6 SYSTEMPATH\View\View.php(229): CodeIgniter\View\View->render('layout/template', [], true)
 7 SYSTEMPATH\Common.php(1177): CodeIgniter\View\View->render('qr_scan', [], true)
 8 APPPATH\Controllers\Home.php(10): view('qr_scan', [...])
 9 SYSTEMPATH\CodeIgniter.php(934): App\Controllers\Home->index()
10 SYSTEMPATH\CodeIgniter.php(499): CodeIgniter\CodeIgniter->runController(Object(App\Controllers\Home))
11 SYSTEMPATH\CodeIgniter.php(368): CodeIgniter\CodeIgniter->handleRequest(null, Object(Config\Cache), false)
12 FCPATH\index.php(67): CodeIgniter\CodeIgniter->run()
CRITICAL - 2023-04-10 22:02:41 --> The namespace delimiter is a backslash (\), not a slash (/). Route handler: "\App\Controllers\api/Qrscan::GetQr"
in SYSTEMPATH\Router\Router.php on line 473.
 1 SYSTEMPATH\Router\Router.php(473): CodeIgniter\Router\Exceptions\RouterException::forInvalidControllerName('\\App\\Controllers\\api/Qrscan::GetQr')
 2 SYSTEMPATH\Router\Router.php(181): CodeIgniter\Router\Router->checkRoutes('api/qrscan/getqr')
 3 SYSTEMPATH\Commands\Utilities\Routes\FilterFinder.php(36): CodeIgniter\Router\Router->handle('api/qrscan/getqr')
 4 SYSTEMPATH\Commands\Utilities\Routes\FilterFinder.php(59): CodeIgniter\Commands\Utilities\Routes\FilterFinder->getRouteFilters('api/qrscan/getqr')
 5 SYSTEMPATH\Commands\Utilities\Routes\FilterCollector.php(59): CodeIgniter\Commands\Utilities\Routes\FilterFinder->find('api/qrscan/getqr')
 6 SYSTEMPATH\Commands\Utilities\Routes.php(106): CodeIgniter\Commands\Utilities\Routes\FilterCollector->get('get', 'api/qrscan/getqr')
 7 SYSTEMPATH\CLI\Commands.php(65): CodeIgniter\Commands\Utilities\Routes->run([])
 8 SYSTEMPATH\CLI\Console.php(37): CodeIgniter\CLI\Commands->run('routes', [])
 9 ROOTPATH\spark(97): CodeIgniter\CLI\Console->run()
CRITICAL - 2023-04-10 22:03:12 --> The namespace delimiter is a backslash (\), not a slash (/). Route handler: "\App\Controllers\api/Qrscan::GetQr"
in SYSTEMPATH\Router\Router.php on line 473.
 1 SYSTEMPATH\Router\Router.php(473): CodeIgniter\Router\Exceptions\RouterException::forInvalidControllerName('\\App\\Controllers\\api/Qrscan::GetQr')
 2 SYSTEMPATH\Router\Router.php(181): CodeIgniter\Router\Router->checkRoutes('api/qrscan/getqr')
 3 SYSTEMPATH\Commands\Utilities\Routes\FilterFinder.php(36): CodeIgniter\Router\Router->handle('api/qrscan/getqr')
 4 SYSTEMPATH\Commands\Utilities\Routes\FilterFinder.php(59): CodeIgniter\Commands\Utilities\Routes\FilterFinder->getRouteFilters('api/qrscan/getqr')
 5 SYSTEMPATH\Commands\Utilities\Routes\FilterCollector.php(59): CodeIgniter\Commands\Utilities\Routes\FilterFinder->find('api/qrscan/getqr')
 6 SYSTEMPATH\Commands\Utilities\Routes.php(106): CodeIgniter\Commands\Utilities\Routes\FilterCollector->get('get', 'api/qrscan/getqr')
 7 SYSTEMPATH\CLI\Commands.php(65): CodeIgniter\Commands\Utilities\Routes->run([])
 8 SYSTEMPATH\CLI\Console.php(37): CodeIgniter\CLI\Commands->run('routes', [])
 9 ROOTPATH\spark(97): CodeIgniter\CLI\Console->run()
CRITICAL - 2023-04-10 22:04:30 --> The namespace delimiter is a backslash (\), not a slash (/). Route handler: "\App\Controllers\api/Qrscan::GetQr"
in SYSTEMPATH\Router\Router.php on line 473.
 1 SYSTEMPATH\Router\Router.php(473): CodeIgniter\Router\Exceptions\RouterException::forInvalidControllerName('\\App\\Controllers\\api/Qrscan::GetQr')
 2 SYSTEMPATH\Router\Router.php(181): CodeIgniter\Router\Router->checkRoutes('api/qrscan/getqr')
 3 SYSTEMPATH\Commands\Utilities\Routes\FilterFinder.php(36): CodeIgniter\Router\Router->handle('api/qrscan/getqr')
 4 SYSTEMPATH\Commands\Utilities\Routes\FilterFinder.php(59): CodeIgniter\Commands\Utilities\Routes\FilterFinder->getRouteFilters('api/qrscan/getqr')
 5 SYSTEMPATH\Commands\Utilities\Routes\FilterCollector.php(59): CodeIgniter\Commands\Utilities\Routes\FilterFinder->find('api/qrscan/getqr')
 6 SYSTEMPATH\Commands\Utilities\Routes.php(106): CodeIgniter\Commands\Utilities\Routes\FilterCollector->get('get', 'api/qrscan/getqr')
 7 SYSTEMPATH\CLI\Commands.php(65): CodeIgniter\Commands\Utilities\Routes->run([])
 8 SYSTEMPATH\CLI\Console.php(37): CodeIgniter\CLI\Commands->run('routes', [])
 9 ROOTPATH\spark(97): CodeIgniter\CLI\Console->run()
CRITICAL - 2023-04-10 22:13:40 --> The namespace delimiter is a backslash (\), not a slash (/). Route handler: "\App\Controllers\Api/Qrscanapi::getqr"
in SYSTEMPATH\Router\Router.php on line 473.
 1 SYSTEMPATH\Router\Router.php(473): CodeIgniter\Router\Exceptions\RouterException::forInvalidControllerName('\\App\\Controllers\\Api/Qrscanapi::getqr')
 2 SYSTEMPATH\Router\Router.php(181): CodeIgniter\Router\Router->checkRoutes('api/qrscanapi/getqr')
 3 SYSTEMPATH\CodeIgniter.php(815): CodeIgniter\Router\Router->handle('/api/qrscanapi/getqr')
 4 SYSTEMPATH\CodeIgniter.php(449): CodeIgniter\CodeIgniter->tryToRouteIt(Object(CodeIgniter\Router\RouteCollection))
 5 SYSTEMPATH\CodeIgniter.php(368): CodeIgniter\CodeIgniter->handleRequest(null, Object(Config\Cache), false)
 6 FCPATH\index.php(67): CodeIgniter\CodeIgniter->run()
CRITICAL - 2023-04-10 22:16:41 --> Cannot use object of type CodeIgniter\Router\RouteCollection as array
in APPPATH\Config\Routes.php on line 35.
 1 SYSTEMPATH\Router\RouteCollection.php(266): require()
 2 SYSTEMPATH\CodeIgniter.php(802): CodeIgniter\Router\RouteCollection->loadRoutes()
 3 SYSTEMPATH\CodeIgniter.php(449): CodeIgniter\CodeIgniter->tryToRouteIt(null)
 4 SYSTEMPATH\CodeIgniter.php(368): CodeIgniter\CodeIgniter->handleRequest(null, Object(Config\Cache), false)
 5 FCPATH\index.php(67): CodeIgniter\CodeIgniter->run()
CRITICAL - 2023-04-10 22:16:42 --> Cannot use object of type CodeIgniter\Router\RouteCollection as array
in APPPATH\Config\Routes.php on line 35.
 1 SYSTEMPATH\Router\RouteCollection.php(266): require()
 2 SYSTEMPATH\CodeIgniter.php(802): CodeIgniter\Router\RouteCollection->loadRoutes()
 3 SYSTEMPATH\CodeIgniter.php(449): CodeIgniter\CodeIgniter->tryToRouteIt(null)
 4 SYSTEMPATH\CodeIgniter.php(368): CodeIgniter\CodeIgniter->handleRequest(null, Object(Config\Cache), false)
 5 FCPATH\index.php(67): CodeIgniter\CodeIgniter->run()
CRITICAL - 2023-04-10 22:16:43 --> Cannot use object of type CodeIgniter\Router\RouteCollection as array
in APPPATH\Config\Routes.php on line 35.
 1 SYSTEMPATH\Router\RouteCollection.php(266): require()
 2 SYSTEMPATH\CodeIgniter.php(802): CodeIgniter\Router\RouteCollection->loadRoutes()
 3 SYSTEMPATH\CodeIgniter.php(449): CodeIgniter\CodeIgniter->tryToRouteIt(null)
 4 SYSTEMPATH\CodeIgniter.php(368): CodeIgniter\CodeIgniter->handleRequest(null, Object(Config\Cache), false)
 5 FCPATH\index.php(67): CodeIgniter\CodeIgniter->run()
CRITICAL - 2023-04-10 22:16:44 --> Cannot use object of type CodeIgniter\Router\RouteCollection as array
in APPPATH\Config\Routes.php on line 35.
 1 SYSTEMPATH\Router\RouteCollection.php(266): require()
 2 SYSTEMPATH\CodeIgniter.php(802): CodeIgniter\Router\RouteCollection->loadRoutes()
 3 SYSTEMPATH\CodeIgniter.php(449): CodeIgniter\CodeIgniter->tryToRouteIt(null)
 4 SYSTEMPATH\CodeIgniter.php(368): CodeIgniter\CodeIgniter->handleRequest(null, Object(Config\Cache), false)
 5 FCPATH\index.php(67): CodeIgniter\CodeIgniter->run()
CRITICAL - 2023-04-10 22:16:45 --> Cannot use object of type CodeIgniter\Router\RouteCollection as array
in APPPATH\Config\Routes.php on line 35.
 1 SYSTEMPATH\Router\RouteCollection.php(266): require()
 2 SYSTEMPATH\CodeIgniter.php(802): CodeIgniter\Router\RouteCollection->loadRoutes()
 3 SYSTEMPATH\CodeIgniter.php(449): CodeIgniter\CodeIgniter->tryToRouteIt(null)
 4 SYSTEMPATH\CodeIgniter.php(368): CodeIgniter\CodeIgniter->handleRequest(null, Object(Config\Cache), false)
 5 FCPATH\index.php(67): CodeIgniter\CodeIgniter->run()
CRITICAL - 2023-04-10 22:16:46 --> Cannot use object of type CodeIgniter\Router\RouteCollection as array
in APPPATH\Config\Routes.php on line 35.
 1 SYSTEMPATH\Router\RouteCollection.php(266): require()
 2 SYSTEMPATH\CodeIgniter.php(802): CodeIgniter\Router\RouteCollection->loadRoutes()
 3 SYSTEMPATH\CodeIgniter.php(449): CodeIgniter\CodeIgniter->tryToRouteIt(null)
 4 SYSTEMPATH\CodeIgniter.php(368): CodeIgniter\CodeIgniter->handleRequest(null, Object(Config\Cache), false)
 5 FCPATH\index.php(67): CodeIgniter\CodeIgniter->run()
CRITICAL - 2023-04-10 22:16:47 --> Cannot use object of type CodeIgniter\Router\RouteCollection as array
in APPPATH\Config\Routes.php on line 35.
 1 SYSTEMPATH\Router\RouteCollection.php(266): require()
 2 SYSTEMPATH\CodeIgniter.php(802): CodeIgniter\Router\RouteCollection->loadRoutes()
 3 SYSTEMPATH\CodeIgniter.php(449): CodeIgniter\CodeIgniter->tryToRouteIt(null)
 4 SYSTEMPATH\CodeIgniter.php(368): CodeIgniter\CodeIgniter->handleRequest(null, Object(Config\Cache), false)
 5 FCPATH\index.php(67): CodeIgniter\CodeIgniter->run()
CRITICAL - 2023-04-10 22:16:47 --> Cannot use object of type CodeIgniter\Router\RouteCollection as array
in APPPATH\Config\Routes.php on line 35.
 1 SYSTEMPATH\Router\RouteCollection.php(266): require()
 2 SYSTEMPATH\CodeIgniter.php(802): CodeIgniter\Router\RouteCollection->loadRoutes()
 3 SYSTEMPATH\CodeIgniter.php(449): CodeIgniter\CodeIgniter->tryToRouteIt(null)
 4 SYSTEMPATH\CodeIgniter.php(368): CodeIgniter\CodeIgniter->handleRequest(null, Object(Config\Cache), false)
 5 FCPATH\index.php(67): CodeIgniter\CodeIgniter->run()
CRITICAL - 2023-04-10 22:16:48 --> Cannot use object of type CodeIgniter\Router\RouteCollection as array
in APPPATH\Config\Routes.php on line 35.
 1 SYSTEMPATH\Router\RouteCollection.php(266): require()
 2 SYSTEMPATH\CodeIgniter.php(802): CodeIgniter\Router\RouteCollection->loadRoutes()
 3 SYSTEMPATH\CodeIgniter.php(449): CodeIgniter\CodeIgniter->tryToRouteIt(null)
 4 SYSTEMPATH\CodeIgniter.php(368): CodeIgniter\CodeIgniter->handleRequest(null, Object(Config\Cache), false)
 5 FCPATH\index.php(67): CodeIgniter\CodeIgniter->run()
CRITICAL - 2023-04-10 22:16:49 --> Cannot use object of type CodeIgniter\Router\RouteCollection as array
in APPPATH\Config\Routes.php on line 35.
 1 SYSTEMPATH\Router\RouteCollection.php(266): require()
 2 SYSTEMPATH\CodeIgniter.php(802): CodeIgniter\Router\RouteCollection->loadRoutes()
 3 SYSTEMPATH\CodeIgniter.php(449): CodeIgniter\CodeIgniter->tryToRouteIt(null)
 4 SYSTEMPATH\CodeIgniter.php(368): CodeIgniter\CodeIgniter->handleRequest(null, Object(Config\Cache), false)
 5 FCPATH\index.php(67): CodeIgniter\CodeIgniter->run()
CRITICAL - 2023-04-10 22:16:50 --> Cannot use object of type CodeIgniter\Router\RouteCollection as array
in APPPATH\Config\Routes.php on line 35.
 1 SYSTEMPATH\Router\RouteCollection.php(266): require()
 2 SYSTEMPATH\CodeIgniter.php(802): CodeIgniter\Router\RouteCollection->loadRoutes()
 3 SYSTEMPATH\CodeIgniter.php(449): CodeIgniter\CodeIgniter->tryToRouteIt(null)
 4 SYSTEMPATH\CodeIgniter.php(368): CodeIgniter\CodeIgniter->handleRequest(null, Object(Config\Cache), false)
 5 FCPATH\index.php(67): CodeIgniter\CodeIgniter->run()
CRITICAL - 2023-04-10 22:16:51 --> Cannot use object of type CodeIgniter\Router\RouteCollection as array
in APPPATH\Config\Routes.php on line 35.
 1 SYSTEMPATH\Router\RouteCollection.php(266): require()
 2 SYSTEMPATH\CodeIgniter.php(802): CodeIgniter\Router\RouteCollection->loadRoutes()
 3 SYSTEMPATH\CodeIgniter.php(449): CodeIgniter\CodeIgniter->tryToRouteIt(null)
 4 SYSTEMPATH\CodeIgniter.php(368): CodeIgniter\CodeIgniter->handleRequest(null, Object(Config\Cache), false)
 5 FCPATH\index.php(67): CodeIgniter\CodeIgniter->run()
CRITICAL - 2023-04-10 22:16:53 --> Cannot use object of type CodeIgniter\Router\RouteCollection as array
in APPPATH\Config\Routes.php on line 35.
 1 SYSTEMPATH\Router\RouteCollection.php(266): require()
 2 SYSTEMPATH\CodeIgniter.php(802): CodeIgniter\Router\RouteCollection->loadRoutes()
 3 SYSTEMPATH\CodeIgniter.php(449): CodeIgniter\CodeIgniter->tryToRouteIt(null)
 4 SYSTEMPATH\CodeIgniter.php(368): CodeIgniter\CodeIgniter->handleRequest(null, Object(Config\Cache), false)
 5 FCPATH\index.php(67): CodeIgniter\CodeIgniter->run()
CRITICAL - 2023-04-10 22:16:54 --> Cannot use object of type CodeIgniter\Router\RouteCollection as array
in APPPATH\Config\Routes.php on line 35.
 1 SYSTEMPATH\Router\RouteCollection.php(266): require()
 2 SYSTEMPATH\CodeIgniter.php(802): CodeIgniter\Router\RouteCollection->loadRoutes()
 3 SYSTEMPATH\CodeIgniter.php(449): CodeIgniter\CodeIgniter->tryToRouteIt(null)
 4 SYSTEMPATH\CodeIgniter.php(368): CodeIgniter\CodeIgniter->handleRequest(null, Object(Config\Cache), false)
 5 FCPATH\index.php(67): CodeIgniter\CodeIgniter->run()
CRITICAL - 2023-04-10 22:16:55 --> Cannot use object of type CodeIgniter\Router\RouteCollection as array
in APPPATH\Config\Routes.php on line 35.
 1 SYSTEMPATH\Router\RouteCollection.php(266): require()
 2 SYSTEMPATH\CodeIgniter.php(802): CodeIgniter\Router\RouteCollection->loadRoutes()
 3 SYSTEMPATH\CodeIgniter.php(449): CodeIgniter\CodeIgniter->tryToRouteIt(null)
 4 SYSTEMPATH\CodeIgniter.php(368): CodeIgniter\CodeIgniter->handleRequest(null, Object(Config\Cache), false)
 5 FCPATH\index.php(67): CodeIgniter\CodeIgniter->run()
CRITICAL - 2023-04-10 22:16:55 --> Cannot use object of type CodeIgniter\Router\RouteCollection as array
in APPPATH\Config\Routes.php on line 35.
 1 SYSTEMPATH\Router\RouteCollection.php(266): require()
 2 SYSTEMPATH\CodeIgniter.php(802): CodeIgniter\Router\RouteCollection->loadRoutes()
 3 SYSTEMPATH\CodeIgniter.php(449): CodeIgniter\CodeIgniter->tryToRouteIt(null)
 4 SYSTEMPATH\CodeIgniter.php(368): CodeIgniter\CodeIgniter->handleRequest(null, Object(Config\Cache), false)
 5 FCPATH\index.php(67): CodeIgniter\CodeIgniter->run()
CRITICAL - 2023-04-10 22:16:57 --> Cannot use object of type CodeIgniter\Router\RouteCollection as array
in APPPATH\Config\Routes.php on line 35.
 1 SYSTEMPATH\Router\RouteCollection.php(266): require()
 2 SYSTEMPATH\CodeIgniter.php(802): CodeIgniter\Router\RouteCollection->loadRoutes()
 3 SYSTEMPATH\CodeIgniter.php(449): CodeIgniter\CodeIgniter->tryToRouteIt(null)
 4 SYSTEMPATH\CodeIgniter.php(368): CodeIgniter\CodeIgniter->handleRequest(null, Object(Config\Cache), false)
 5 FCPATH\index.php(67): CodeIgniter\CodeIgniter->run()
CRITICAL - 2023-04-10 22:16:58 --> Cannot use object of type CodeIgniter\Router\RouteCollection as array
in APPPATH\Config\Routes.php on line 35.
 1 SYSTEMPATH\Router\RouteCollection.php(266): require()
 2 SYSTEMPATH\CodeIgniter.php(802): CodeIgniter\Router\RouteCollection->loadRoutes()
 3 SYSTEMPATH\CodeIgniter.php(449): CodeIgniter\CodeIgniter->tryToRouteIt(null)
 4 SYSTEMPATH\CodeIgniter.php(368): CodeIgniter\CodeIgniter->handleRequest(null, Object(Config\Cache), false)
 5 FCPATH\index.php(67): CodeIgniter\CodeIgniter->run()
CRITICAL - 2023-04-10 22:16:59 --> Cannot use object of type CodeIgniter\Router\RouteCollection as array
in APPPATH\Config\Routes.php on line 35.
 1 SYSTEMPATH\Router\RouteCollection.php(266): require()
 2 SYSTEMPATH\CodeIgniter.php(802): CodeIgniter\Router\RouteCollection->loadRoutes()
 3 SYSTEMPATH\CodeIgniter.php(449): CodeIgniter\CodeIgniter->tryToRouteIt(null)
 4 SYSTEMPATH\CodeIgniter.php(368): CodeIgniter\CodeIgniter->handleRequest(null, Object(Config\Cache), false)
 5 FCPATH\index.php(67): CodeIgniter\CodeIgniter->run()
CRITICAL - 2023-04-10 22:17:06 --> Cannot use object of type CodeIgniter\Router\RouteCollection as array
in APPPATH\Config\Routes.php on line 35.
 1 SYSTEMPATH\Router\RouteCollection.php(266): require()
 2 SYSTEMPATH\CodeIgniter.php(802): CodeIgniter\Router\RouteCollection->loadRoutes()
 3 SYSTEMPATH\CodeIgniter.php(449): CodeIgniter\CodeIgniter->tryToRouteIt(null)
 4 SYSTEMPATH\CodeIgniter.php(368): CodeIgniter\CodeIgniter->handleRequest(null, Object(Config\Cache), false)
 5 FCPATH\index.php(67): CodeIgniter\CodeIgniter->run()
CRITICAL - 2023-04-10 22:17:08 --> Cannot use object of type CodeIgniter\Router\RouteCollection as array
in APPPATH\Config\Routes.php on line 35.
 1 SYSTEMPATH\Router\RouteCollection.php(266): require()
 2 SYSTEMPATH\CodeIgniter.php(802): CodeIgniter\Router\RouteCollection->loadRoutes()
 3 SYSTEMPATH\CodeIgniter.php(449): CodeIgniter\CodeIgniter->tryToRouteIt(null)
 4 SYSTEMPATH\CodeIgniter.php(368): CodeIgniter\CodeIgniter->handleRequest(null, Object(Config\Cache), false)
 5 FCPATH\index.php(67): CodeIgniter\CodeIgniter->run()
CRITICAL - 2023-04-10 22:17:09 --> Cannot use object of type CodeIgniter\Router\RouteCollection as array
in APPPATH\Config\Routes.php on line 35.
 1 SYSTEMPATH\Router\RouteCollection.php(266): require()
 2 SYSTEMPATH\CodeIgniter.php(802): CodeIgniter\Router\RouteCollection->loadRoutes()
 3 SYSTEMPATH\CodeIgniter.php(449): CodeIgniter\CodeIgniter->tryToRouteIt(null)
 4 SYSTEMPATH\CodeIgniter.php(368): CodeIgniter\CodeIgniter->handleRequest(null, Object(Config\Cache), false)
 5 FCPATH\index.php(67): CodeIgniter\CodeIgniter->run()
CRITICAL - 2023-04-10 22:17:09 --> Cannot use object of type CodeIgniter\Router\RouteCollection as array
in APPPATH\Config\Routes.php on line 35.
 1 SYSTEMPATH\Router\RouteCollection.php(266): require()
 2 SYSTEMPATH\CodeIgniter.php(802): CodeIgniter\Router\RouteCollection->loadRoutes()
 3 SYSTEMPATH\CodeIgniter.php(449): CodeIgniter\CodeIgniter->tryToRouteIt(null)
 4 SYSTEMPATH\CodeIgniter.php(368): CodeIgniter\CodeIgniter->handleRequest(null, Object(Config\Cache), false)
 5 FCPATH\index.php(67): CodeIgniter\CodeIgniter->run()
CRITICAL - 2023-04-10 22:17:10 --> Cannot use object of type CodeIgniter\Router\RouteCollection as array
in APPPATH\Config\Routes.php on line 35.
 1 SYSTEMPATH\Router\RouteCollection.php(266): require()
 2 SYSTEMPATH\CodeIgniter.php(802): CodeIgniter\Router\RouteCollection->loadRoutes()
 3 SYSTEMPATH\CodeIgniter.php(449): CodeIgniter\CodeIgniter->tryToRouteIt(null)
 4 SYSTEMPATH\CodeIgniter.php(368): CodeIgniter\CodeIgniter->handleRequest(null, Object(Config\Cache), false)
 5 FCPATH\index.php(67): CodeIgniter\CodeIgniter->run()
CRITICAL - 2023-04-10 22:17:11 --> Cannot use object of type CodeIgniter\Router\RouteCollection as array
in APPPATH\Config\Routes.php on line 35.
 1 SYSTEMPATH\Router\RouteCollection.php(266): require()
 2 SYSTEMPATH\CodeIgniter.php(802): CodeIgniter\Router\RouteCollection->loadRoutes()
 3 SYSTEMPATH\CodeIgniter.php(449): CodeIgniter\CodeIgniter->tryToRouteIt(null)
 4 SYSTEMPATH\CodeIgniter.php(368): CodeIgniter\CodeIgniter->handleRequest(null, Object(Config\Cache), false)
 5 FCPATH\index.php(67): CodeIgniter\CodeIgniter->run()
CRITICAL - 2023-04-10 22:17:12 --> Cannot use object of type CodeIgniter\Router\RouteCollection as array
in APPPATH\Config\Routes.php on line 35.
 1 SYSTEMPATH\Router\RouteCollection.php(266): require()
 2 SYSTEMPATH\CodeIgniter.php(802): CodeIgniter\Router\RouteCollection->loadRoutes()
 3 SYSTEMPATH\CodeIgniter.php(449): CodeIgniter\CodeIgniter->tryToRouteIt(null)
 4 SYSTEMPATH\CodeIgniter.php(368): CodeIgniter\CodeIgniter->handleRequest(null, Object(Config\Cache), false)
 5 FCPATH\index.php(67): CodeIgniter\CodeIgniter->run()
CRITICAL - 2023-04-10 22:17:13 --> Cannot use object of type CodeIgniter\Router\RouteCollection as array
in APPPATH\Config\Routes.php on line 35.
 1 SYSTEMPATH\Router\RouteCollection.php(266): require()
 2 SYSTEMPATH\CodeIgniter.php(802): CodeIgniter\Router\RouteCollection->loadRoutes()
 3 SYSTEMPATH\CodeIgniter.php(449): CodeIgniter\CodeIgniter->tryToRouteIt(null)
 4 SYSTEMPATH\CodeIgniter.php(368): CodeIgniter\CodeIgniter->handleRequest(null, Object(Config\Cache), false)
 5 FCPATH\index.php(67): CodeIgniter\CodeIgniter->run()
CRITICAL - 2023-04-10 22:17:15 --> Cannot use object of type CodeIgniter\Router\RouteCollection as array
in APPPATH\Config\Routes.php on line 35.
 1 SYSTEMPATH\Router\RouteCollection.php(266): require()
 2 SYSTEMPATH\CodeIgniter.php(802): CodeIgniter\Router\RouteCollection->loadRoutes()
 3 SYSTEMPATH\CodeIgniter.php(449): CodeIgniter\CodeIgniter->tryToRouteIt(null)
 4 SYSTEMPATH\CodeIgniter.php(368): CodeIgniter\CodeIgniter->handleRequest(null, Object(Config\Cache), false)
 5 FCPATH\index.php(67): CodeIgniter\CodeIgniter->run()
CRITICAL - 2023-04-10 22:17:15 --> Cannot use object of type CodeIgniter\Router\RouteCollection as array
in APPPATH\Config\Routes.php on line 35.
 1 SYSTEMPATH\Router\RouteCollection.php(266): require()
 2 SYSTEMPATH\CodeIgniter.php(802): CodeIgniter\Router\RouteCollection->loadRoutes()
 3 SYSTEMPATH\CodeIgniter.php(449): CodeIgniter\CodeIgniter->tryToRouteIt(null)
 4 SYSTEMPATH\CodeIgniter.php(368): CodeIgniter\CodeIgniter->handleRequest(null, Object(Config\Cache), false)
 5 FCPATH\index.php(67): CodeIgniter\CodeIgniter->run()
CRITICAL - 2023-04-10 22:17:17 --> Cannot use object of type CodeIgniter\Router\RouteCollection as array
in APPPATH\Config\Routes.php on line 35.
 1 SYSTEMPATH\Router\RouteCollection.php(266): require()
 2 SYSTEMPATH\CodeIgniter.php(802): CodeIgniter\Router\RouteCollection->loadRoutes()
 3 SYSTEMPATH\CodeIgniter.php(449): CodeIgniter\CodeIgniter->tryToRouteIt(null)
 4 SYSTEMPATH\CodeIgniter.php(368): CodeIgniter\CodeIgniter->handleRequest(null, Object(Config\Cache), false)
 5 FCPATH\index.php(67): CodeIgniter\CodeIgniter->run()
CRITICAL - 2023-04-10 22:17:17 --> Cannot use object of type CodeIgniter\Router\RouteCollection as array
in APPPATH\Config\Routes.php on line 35.
 1 SYSTEMPATH\Router\RouteCollection.php(266): require()
 2 SYSTEMPATH\CodeIgniter.php(802): CodeIgniter\Router\RouteCollection->loadRoutes()
 3 SYSTEMPATH\CodeIgniter.php(449): CodeIgniter\CodeIgniter->tryToRouteIt(null)
 4 SYSTEMPATH\CodeIgniter.php(368): CodeIgniter\CodeIgniter->handleRequest(null, Object(Config\Cache), false)
 5 FCPATH\index.php(67): CodeIgniter\CodeIgniter->run()
CRITICAL - 2023-04-10 22:17:19 --> Cannot use object of type CodeIgniter\Router\RouteCollection as array
in APPPATH\Config\Routes.php on line 35.
 1 SYSTEMPATH\Router\RouteCollection.php(266): require()
 2 SYSTEMPATH\CodeIgniter.php(802): CodeIgniter\Router\RouteCollection->loadRoutes()
 3 SYSTEMPATH\CodeIgniter.php(449): CodeIgniter\CodeIgniter->tryToRouteIt(null)
 4 SYSTEMPATH\CodeIgniter.php(368): CodeIgniter\CodeIgniter->handleRequest(null, Object(Config\Cache), false)
 5 FCPATH\index.php(67): CodeIgniter\CodeIgniter->run()
CRITICAL - 2023-04-10 22:17:20 --> Cannot use object of type CodeIgniter\Router\RouteCollection as array
in APPPATH\Config\Routes.php on line 35.
 1 SYSTEMPATH\Router\RouteCollection.php(266): require()
 2 SYSTEMPATH\CodeIgniter.php(802): CodeIgniter\Router\RouteCollection->loadRoutes()
 3 SYSTEMPATH\CodeIgniter.php(449): CodeIgniter\CodeIgniter->tryToRouteIt(null)
 4 SYSTEMPATH\CodeIgniter.php(368): CodeIgniter\CodeIgniter->handleRequest(null, Object(Config\Cache), false)
 5 FCPATH\index.php(67): CodeIgniter\CodeIgniter->run()
CRITICAL - 2023-04-10 22:17:20 --> Cannot use object of type CodeIgniter\Router\RouteCollection as array
in APPPATH\Config\Routes.php on line 35.
 1 SYSTEMPATH\Router\RouteCollection.php(266): require()
 2 SYSTEMPATH\CodeIgniter.php(802): CodeIgniter\Router\RouteCollection->loadRoutes()
 3 SYSTEMPATH\CodeIgniter.php(449): CodeIgniter\CodeIgniter->tryToRouteIt(null)
 4 SYSTEMPATH\CodeIgniter.php(368): CodeIgniter\CodeIgniter->handleRequest(null, Object(Config\Cache), false)
 5 FCPATH\index.php(67): CodeIgniter\CodeIgniter->run()
CRITICAL - 2023-04-10 22:17:21 --> Cannot use object of type CodeIgniter\Router\RouteCollection as array
in APPPATH\Config\Routes.php on line 35.
 1 SYSTEMPATH\Router\RouteCollection.php(266): require()
 2 SYSTEMPATH\CodeIgniter.php(802): CodeIgniter\Router\RouteCollection->loadRoutes()
 3 SYSTEMPATH\CodeIgniter.php(449): CodeIgniter\CodeIgniter->tryToRouteIt(null)
 4 SYSTEMPATH\CodeIgniter.php(368): CodeIgniter\CodeIgniter->handleRequest(null, Object(Config\Cache), false)
 5 FCPATH\index.php(67): CodeIgniter\CodeIgniter->run()
CRITICAL - 2023-04-10 22:17:23 --> Cannot use object of type CodeIgniter\Router\RouteCollection as array
in APPPATH\Config\Routes.php on line 35.
 1 SYSTEMPATH\Router\RouteCollection.php(266): require()
 2 SYSTEMPATH\CodeIgniter.php(802): CodeIgniter\Router\RouteCollection->loadRoutes()
 3 SYSTEMPATH\CodeIgniter.php(449): CodeIgniter\CodeIgniter->tryToRouteIt(null)
 4 SYSTEMPATH\CodeIgniter.php(368): CodeIgniter\CodeIgniter->handleRequest(null, Object(Config\Cache), false)
 5 FCPATH\index.php(67): CodeIgniter\CodeIgniter->run()
CRITICAL - 2023-04-10 22:17:23 --> Cannot use object of type CodeIgniter\Router\RouteCollection as array
in APPPATH\Config\Routes.php on line 35.
 1 SYSTEMPATH\Router\RouteCollection.php(266): require()
 2 SYSTEMPATH\CodeIgniter.php(802): CodeIgniter\Router\RouteCollection->loadRoutes()
 3 SYSTEMPATH\CodeIgniter.php(449): CodeIgniter\CodeIgniter->tryToRouteIt(null)
 4 SYSTEMPATH\CodeIgniter.php(368): CodeIgniter\CodeIgniter->handleRequest(null, Object(Config\Cache), false)
 5 FCPATH\index.php(67): CodeIgniter\CodeIgniter->run()
CRITICAL - 2023-04-10 22:17:24 --> Cannot use object of type CodeIgniter\Router\RouteCollection as array
in APPPATH\Config\Routes.php on line 35.
 1 SYSTEMPATH\Router\RouteCollection.php(266): require()
 2 SYSTEMPATH\CodeIgniter.php(802): CodeIgniter\Router\RouteCollection->loadRoutes()
 3 SYSTEMPATH\CodeIgniter.php(449): CodeIgniter\CodeIgniter->tryToRouteIt(null)
 4 SYSTEMPATH\CodeIgniter.php(368): CodeIgniter\CodeIgniter->handleRequest(null, Object(Config\Cache), false)
 5 FCPATH\index.php(67): CodeIgniter\CodeIgniter->run()
CRITICAL - 2023-04-10 22:17:26 --> Cannot use object of type CodeIgniter\Router\RouteCollection as array
in APPPATH\Config\Routes.php on line 35.
 1 SYSTEMPATH\Router\RouteCollection.php(266): require()
 2 SYSTEMPATH\CodeIgniter.php(802): CodeIgniter\Router\RouteCollection->loadRoutes()
 3 SYSTEMPATH\CodeIgniter.php(449): CodeIgniter\CodeIgniter->tryToRouteIt(null)
 4 SYSTEMPATH\CodeIgniter.php(368): CodeIgniter\CodeIgniter->handleRequest(null, Object(Config\Cache), false)
 5 FCPATH\index.php(67): CodeIgniter\CodeIgniter->run()
CRITICAL - 2023-04-10 22:17:27 --> Cannot use object of type CodeIgniter\Router\RouteCollection as array
in APPPATH\Config\Routes.php on line 35.
 1 SYSTEMPATH\Router\RouteCollection.php(266): require()
 2 SYSTEMPATH\CodeIgniter.php(802): CodeIgniter\Router\RouteCollection->loadRoutes()
 3 SYSTEMPATH\CodeIgniter.php(449): CodeIgniter\CodeIgniter->tryToRouteIt(null)
 4 SYSTEMPATH\CodeIgniter.php(368): CodeIgniter\CodeIgniter->handleRequest(null, Object(Config\Cache), false)
 5 FCPATH\index.php(67): CodeIgniter\CodeIgniter->run()
CRITICAL - 2023-04-10 22:17:28 --> Cannot use object of type CodeIgniter\Router\RouteCollection as array
in APPPATH\Config\Routes.php on line 35.
 1 SYSTEMPATH\Router\RouteCollection.php(266): require()
 2 SYSTEMPATH\CodeIgniter.php(802): CodeIgniter\Router\RouteCollection->loadRoutes()
 3 SYSTEMPATH\CodeIgniter.php(449): CodeIgniter\CodeIgniter->tryToRouteIt(null)
 4 SYSTEMPATH\CodeIgniter.php(368): CodeIgniter\CodeIgniter->handleRequest(null, Object(Config\Cache), false)
 5 FCPATH\index.php(67): CodeIgniter\CodeIgniter->run()
CRITICAL - 2023-04-10 22:17:29 --> Cannot use object of type CodeIgniter\Router\RouteCollection as array
in APPPATH\Config\Routes.php on line 35.
 1 SYSTEMPATH\Router\RouteCollection.php(266): require()
 2 SYSTEMPATH\CodeIgniter.php(802): CodeIgniter\Router\RouteCollection->loadRoutes()
 3 SYSTEMPATH\CodeIgniter.php(449): CodeIgniter\CodeIgniter->tryToRouteIt(null)
 4 SYSTEMPATH\CodeIgniter.php(368): CodeIgniter\CodeIgniter->handleRequest(null, Object(Config\Cache), false)
 5 FCPATH\index.php(67): CodeIgniter\CodeIgniter->run()
CRITICAL - 2023-04-10 22:17:30 --> Cannot use object of type CodeIgniter\Router\RouteCollection as array
in APPPATH\Config\Routes.php on line 35.
 1 SYSTEMPATH\Router\RouteCollection.php(266): require()
 2 SYSTEMPATH\CodeIgniter.php(802): CodeIgniter\Router\RouteCollection->loadRoutes()
 3 SYSTEMPATH\CodeIgniter.php(449): CodeIgniter\CodeIgniter->tryToRouteIt(null)
 4 SYSTEMPATH\CodeIgniter.php(368): CodeIgniter\CodeIgniter->handleRequest(null, Object(Config\Cache), false)
 5 FCPATH\index.php(67): CodeIgniter\CodeIgniter->run()
CRITICAL - 2023-04-10 22:17:31 --> Cannot use object of type CodeIgniter\Router\RouteCollection as array
in APPPATH\Config\Routes.php on line 35.
 1 SYSTEMPATH\Router\RouteCollection.php(266): require()
 2 SYSTEMPATH\CodeIgniter.php(802): CodeIgniter\Router\RouteCollection->loadRoutes()
 3 SYSTEMPATH\CodeIgniter.php(449): CodeIgniter\CodeIgniter->tryToRouteIt(null)
 4 SYSTEMPATH\CodeIgniter.php(368): CodeIgniter\CodeIgniter->handleRequest(null, Object(Config\Cache), false)
 5 FCPATH\index.php(67): CodeIgniter\CodeIgniter->run()
CRITICAL - 2023-04-10 22:17:32 --> Cannot use object of type CodeIgniter\Router\RouteCollection as array
in APPPATH\Config\Routes.php on line 35.
 1 SYSTEMPATH\Router\RouteCollection.php(266): require()
 2 SYSTEMPATH\CodeIgniter.php(802): CodeIgniter\Router\RouteCollection->loadRoutes()
 3 SYSTEMPATH\CodeIgniter.php(449): CodeIgniter\CodeIgniter->tryToRouteIt(null)
 4 SYSTEMPATH\CodeIgniter.php(368): CodeIgniter\CodeIgniter->handleRequest(null, Object(Config\Cache), false)
 5 FCPATH\index.php(67): CodeIgniter\CodeIgniter->run()
CRITICAL - 2023-04-10 22:17:33 --> Cannot use object of type CodeIgniter\Router\RouteCollection as array
in APPPATH\Config\Routes.php on line 35.
 1 SYSTEMPATH\Router\RouteCollection.php(266): require()
 2 SYSTEMPATH\CodeIgniter.php(802): CodeIgniter\Router\RouteCollection->loadRoutes()
 3 SYSTEMPATH\CodeIgniter.php(449): CodeIgniter\CodeIgniter->tryToRouteIt(null)
 4 SYSTEMPATH\CodeIgniter.php(368): CodeIgniter\CodeIgniter->handleRequest(null, Object(Config\Cache), false)
 5 FCPATH\index.php(67): CodeIgniter\CodeIgniter->run()
CRITICAL - 2023-04-10 22:17:34 --> Cannot use object of type CodeIgniter\Router\RouteCollection as array
in APPPATH\Config\Routes.php on line 35.
 1 SYSTEMPATH\Router\RouteCollection.php(266): require()
 2 SYSTEMPATH\CodeIgniter.php(802): CodeIgniter\Router\RouteCollection->loadRoutes()
 3 SYSTEMPATH\CodeIgniter.php(449): CodeIgniter\CodeIgniter->tryToRouteIt(null)
 4 SYSTEMPATH\CodeIgniter.php(368): CodeIgniter\CodeIgniter->handleRequest(null, Object(Config\Cache), false)
 5 FCPATH\index.php(67): CodeIgniter\CodeIgniter->run()
CRITICAL - 2023-04-10 22:17:35 --> Cannot use object of type CodeIgniter\Router\RouteCollection as array
in APPPATH\Config\Routes.php on line 35.
 1 SYSTEMPATH\Router\RouteCollection.php(266): require()
 2 SYSTEMPATH\CodeIgniter.php(802): CodeIgniter\Router\RouteCollection->loadRoutes()
 3 SYSTEMPATH\CodeIgniter.php(449): CodeIgniter\CodeIgniter->tryToRouteIt(null)
 4 SYSTEMPATH\CodeIgniter.php(368): CodeIgniter\CodeIgniter->handleRequest(null, Object(Config\Cache), false)
 5 FCPATH\index.php(67): CodeIgniter\CodeIgniter->run()
CRITICAL - 2023-04-10 22:17:36 --> Cannot use object of type CodeIgniter\Router\RouteCollection as array
in APPPATH\Config\Routes.php on line 35.
 1 SYSTEMPATH\Router\RouteCollection.php(266): require()
 2 SYSTEMPATH\CodeIgniter.php(802): CodeIgniter\Router\RouteCollection->loadRoutes()
 3 SYSTEMPATH\CodeIgniter.php(449): CodeIgniter\CodeIgniter->tryToRouteIt(null)
 4 SYSTEMPATH\CodeIgniter.php(368): CodeIgniter\CodeIgniter->handleRequest(null, Object(Config\Cache), false)
 5 FCPATH\index.php(67): CodeIgniter\CodeIgniter->run()
CRITICAL - 2023-04-10 22:17:37 --> Cannot use object of type CodeIgniter\Router\RouteCollection as array
in APPPATH\Config\Routes.php on line 35.
 1 SYSTEMPATH\Router\RouteCollection.php(266): require()
 2 SYSTEMPATH\CodeIgniter.php(802): CodeIgniter\Router\RouteCollection->loadRoutes()
 3 SYSTEMPATH\CodeIgniter.php(449): CodeIgniter\CodeIgniter->tryToRouteIt(null)
 4 SYSTEMPATH\CodeIgniter.php(368): CodeIgniter\CodeIgniter->handleRequest(null, Object(Config\Cache), false)
 5 FCPATH\index.php(67): CodeIgniter\CodeIgniter->run()
CRITICAL - 2023-04-10 22:17:38 --> Cannot use object of type CodeIgniter\Router\RouteCollection as array
in APPPATH\Config\Routes.php on line 35.
 1 SYSTEMPATH\Router\RouteCollection.php(266): require()
 2 SYSTEMPATH\CodeIgniter.php(802): CodeIgniter\Router\RouteCollection->loadRoutes()
 3 SYSTEMPATH\CodeIgniter.php(449): CodeIgniter\CodeIgniter->tryToRouteIt(null)
 4 SYSTEMPATH\CodeIgniter.php(368): CodeIgniter\CodeIgniter->handleRequest(null, Object(Config\Cache), false)
 5 FCPATH\index.php(67): CodeIgniter\CodeIgniter->run()
CRITICAL - 2023-04-10 22:17:39 --> Cannot use object of type CodeIgniter\Router\RouteCollection as array
in APPPATH\Config\Routes.php on line 35.
 1 SYSTEMPATH\Router\RouteCollection.php(266): require()
 2 SYSTEMPATH\CodeIgniter.php(802): CodeIgniter\Router\RouteCollection->loadRoutes()
 3 SYSTEMPATH\CodeIgniter.php(449): CodeIgniter\CodeIgniter->tryToRouteIt(null)
 4 SYSTEMPATH\CodeIgniter.php(368): CodeIgniter\CodeIgniter->handleRequest(null, Object(Config\Cache), false)
 5 FCPATH\index.php(67): CodeIgniter\CodeIgniter->run()
CRITICAL - 2023-04-10 22:17:40 --> Cannot use object of type CodeIgniter\Router\RouteCollection as array
in APPPATH\Config\Routes.php on line 35.
 1 SYSTEMPATH\Router\RouteCollection.php(266): require()
 2 SYSTEMPATH\CodeIgniter.php(802): CodeIgniter\Router\RouteCollection->loadRoutes()
 3 SYSTEMPATH\CodeIgniter.php(449): CodeIgniter\CodeIgniter->tryToRouteIt(null)
 4 SYSTEMPATH\CodeIgniter.php(368): CodeIgniter\CodeIgniter->handleRequest(null, Object(Config\Cache), false)
 5 FCPATH\index.php(67): CodeIgniter\CodeIgniter->run()
CRITICAL - 2023-04-10 22:17:41 --> Cannot use object of type CodeIgniter\Router\RouteCollection as array
in APPPATH\Config\Routes.php on line 35.
 1 SYSTEMPATH\Router\RouteCollection.php(266): require()
 2 SYSTEMPATH\CodeIgniter.php(802): CodeIgniter\Router\RouteCollection->loadRoutes()
 3 SYSTEMPATH\CodeIgniter.php(449): CodeIgniter\CodeIgniter->tryToRouteIt(null)
 4 SYSTEMPATH\CodeIgniter.php(368): CodeIgniter\CodeIgniter->handleRequest(null, Object(Config\Cache), false)
 5 FCPATH\index.php(67): CodeIgniter\CodeIgniter->run()
CRITICAL - 2023-04-10 22:17:42 --> Cannot use object of type CodeIgniter\Router\RouteCollection as array
in APPPATH\Config\Routes.php on line 35.
 1 SYSTEMPATH\Router\RouteCollection.php(266): require()
 2 SYSTEMPATH\CodeIgniter.php(802): CodeIgniter\Router\RouteCollection->loadRoutes()
 3 SYSTEMPATH\CodeIgniter.php(449): CodeIgniter\CodeIgniter->tryToRouteIt(null)
 4 SYSTEMPATH\CodeIgniter.php(368): CodeIgniter\CodeIgniter->handleRequest(null, Object(Config\Cache), false)
 5 FCPATH\index.php(67): CodeIgniter\CodeIgniter->run()
CRITICAL - 2023-04-10 22:17:43 --> Cannot use object of type CodeIgniter\Router\RouteCollection as array
in APPPATH\Config\Routes.php on line 35.
 1 SYSTEMPATH\Router\RouteCollection.php(266): require()
 2 SYSTEMPATH\CodeIgniter.php(802): CodeIgniter\Router\RouteCollection->loadRoutes()
 3 SYSTEMPATH\CodeIgniter.php(449): CodeIgniter\CodeIgniter->tryToRouteIt(null)
 4 SYSTEMPATH\CodeIgniter.php(368): CodeIgniter\CodeIgniter->handleRequest(null, Object(Config\Cache), false)
 5 FCPATH\index.php(67): CodeIgniter\CodeIgniter->run()
CRITICAL - 2023-04-10 22:17:44 --> Cannot use object of type CodeIgniter\Router\RouteCollection as array
in APPPATH\Config\Routes.php on line 35.
 1 SYSTEMPATH\Router\RouteCollection.php(266): require()
 2 SYSTEMPATH\CodeIgniter.php(802): CodeIgniter\Router\RouteCollection->loadRoutes()
 3 SYSTEMPATH\CodeIgniter.php(449): CodeIgniter\CodeIgniter->tryToRouteIt(null)
 4 SYSTEMPATH\CodeIgniter.php(368): CodeIgniter\CodeIgniter->handleRequest(null, Object(Config\Cache), false)
 5 FCPATH\index.php(67): CodeIgniter\CodeIgniter->run()
CRITICAL - 2023-04-10 22:17:45 --> Cannot use object of type CodeIgniter\Router\RouteCollection as array
in APPPATH\Config\Routes.php on line 35.
 1 SYSTEMPATH\Router\RouteCollection.php(266): require()
 2 SYSTEMPATH\CodeIgniter.php(802): CodeIgniter\Router\RouteCollection->loadRoutes()
 3 SYSTEMPATH\CodeIgniter.php(449): CodeIgniter\CodeIgniter->tryToRouteIt(null)
 4 SYSTEMPATH\CodeIgniter.php(368): CodeIgniter\CodeIgniter->handleRequest(null, Object(Config\Cache), false)
 5 FCPATH\index.php(67): CodeIgniter\CodeIgniter->run()
CRITICAL - 2023-04-10 22:17:46 --> Cannot use object of type CodeIgniter\Router\RouteCollection as array
in APPPATH\Config\Routes.php on line 35.
 1 SYSTEMPATH\Router\RouteCollection.php(266): require()
 2 SYSTEMPATH\CodeIgniter.php(802): CodeIgniter\Router\RouteCollection->loadRoutes()
 3 SYSTEMPATH\CodeIgniter.php(449): CodeIgniter\CodeIgniter->tryToRouteIt(null)
 4 SYSTEMPATH\CodeIgniter.php(368): CodeIgniter\CodeIgniter->handleRequest(null, Object(Config\Cache), false)
 5 FCPATH\index.php(67): CodeIgniter\CodeIgniter->run()
CRITICAL - 2023-04-10 22:17:47 --> Cannot use object of type CodeIgniter\Router\RouteCollection as array
in APPPATH\Config\Routes.php on line 35.
 1 SYSTEMPATH\Router\RouteCollection.php(266): require()
 2 SYSTEMPATH\CodeIgniter.php(802): CodeIgniter\Router\RouteCollection->loadRoutes()
 3 SYSTEMPATH\CodeIgniter.php(449): CodeIgniter\CodeIgniter->tryToRouteIt(null)
 4 SYSTEMPATH\CodeIgniter.php(368): CodeIgniter\CodeIgniter->handleRequest(null, Object(Config\Cache), false)
 5 FCPATH\index.php(67): CodeIgniter\CodeIgniter->run()
CRITICAL - 2023-04-10 22:17:48 --> Cannot use object of type CodeIgniter\Router\RouteCollection as array
in APPPATH\Config\Routes.php on line 35.
 1 SYSTEMPATH\Router\RouteCollection.php(266): require()
 2 SYSTEMPATH\CodeIgniter.php(802): CodeIgniter\Router\RouteCollection->loadRoutes()
 3 SYSTEMPATH\CodeIgniter.php(449): CodeIgniter\CodeIgniter->tryToRouteIt(null)
 4 SYSTEMPATH\CodeIgniter.php(368): CodeIgniter\CodeIgniter->handleRequest(null, Object(Config\Cache), false)
 5 FCPATH\index.php(67): CodeIgniter\CodeIgniter->run()
CRITICAL - 2023-04-10 22:17:49 --> Cannot use object of type CodeIgniter\Router\RouteCollection as array
in APPPATH\Config\Routes.php on line 35.
 1 SYSTEMPATH\Router\RouteCollection.php(266): require()
 2 SYSTEMPATH\CodeIgniter.php(802): CodeIgniter\Router\RouteCollection->loadRoutes()
 3 SYSTEMPATH\CodeIgniter.php(449): CodeIgniter\CodeIgniter->tryToRouteIt(null)
 4 SYSTEMPATH\CodeIgniter.php(368): CodeIgniter\CodeIgniter->handleRequest(null, Object(Config\Cache), false)
 5 FCPATH\index.php(67): CodeIgniter\CodeIgniter->run()
CRITICAL - 2023-04-10 22:17:50 --> Cannot use object of type CodeIgniter\Router\RouteCollection as array
in APPPATH\Config\Routes.php on line 35.
 1 SYSTEMPATH\Router\RouteCollection.php(266): require()
 2 SYSTEMPATH\CodeIgniter.php(802): CodeIgniter\Router\RouteCollection->loadRoutes()
 3 SYSTEMPATH\CodeIgniter.php(449): CodeIgniter\CodeIgniter->tryToRouteIt(null)
 4 SYSTEMPATH\CodeIgniter.php(368): CodeIgniter\CodeIgniter->handleRequest(null, Object(Config\Cache), false)
 5 FCPATH\index.php(67): CodeIgniter\CodeIgniter->run()
CRITICAL - 2023-04-10 22:17:51 --> Cannot use object of type CodeIgniter\Router\RouteCollection as array
in APPPATH\Config\Routes.php on line 35.
 1 SYSTEMPATH\Router\RouteCollection.php(266): require()
 2 SYSTEMPATH\CodeIgniter.php(802): CodeIgniter\Router\RouteCollection->loadRoutes()
 3 SYSTEMPATH\CodeIgniter.php(449): CodeIgniter\CodeIgniter->tryToRouteIt(null)
 4 SYSTEMPATH\CodeIgniter.php(368): CodeIgniter\CodeIgniter->handleRequest(null, Object(Config\Cache), false)
 5 FCPATH\index.php(67): CodeIgniter\CodeIgniter->run()
CRITICAL - 2023-04-10 22:17:52 --> Cannot use object of type CodeIgniter\Router\RouteCollection as array
in APPPATH\Config\Routes.php on line 35.
 1 SYSTEMPATH\Router\RouteCollection.php(266): require()
 2 SYSTEMPATH\CodeIgniter.php(802): CodeIgniter\Router\RouteCollection->loadRoutes()
 3 SYSTEMPATH\CodeIgniter.php(449): CodeIgniter\CodeIgniter->tryToRouteIt(null)
 4 SYSTEMPATH\CodeIgniter.php(368): CodeIgniter\CodeIgniter->handleRequest(null, Object(Config\Cache), false)
 5 FCPATH\index.php(67): CodeIgniter\CodeIgniter->run()
CRITICAL - 2023-04-10 22:17:53 --> Cannot use object of type CodeIgniter\Router\RouteCollection as array
in APPPATH\Config\Routes.php on line 35.
 1 SYSTEMPATH\Router\RouteCollection.php(266): require()
 2 SYSTEMPATH\CodeIgniter.php(802): CodeIgniter\Router\RouteCollection->loadRoutes()
 3 SYSTEMPATH\CodeIgniter.php(449): CodeIgniter\CodeIgniter->tryToRouteIt(null)
 4 SYSTEMPATH\CodeIgniter.php(368): CodeIgniter\CodeIgniter->handleRequest(null, Object(Config\Cache), false)
 5 FCPATH\index.php(67): CodeIgniter\CodeIgniter->run()
CRITICAL - 2023-04-10 22:17:54 --> Cannot use object of type CodeIgniter\Router\RouteCollection as array
in APPPATH\Config\Routes.php on line 35.
 1 SYSTEMPATH\Router\RouteCollection.php(266): require()
 2 SYSTEMPATH\CodeIgniter.php(802): CodeIgniter\Router\RouteCollection->loadRoutes()
 3 SYSTEMPATH\CodeIgniter.php(449): CodeIgniter\CodeIgniter->tryToRouteIt(null)
 4 SYSTEMPATH\CodeIgniter.php(368): CodeIgniter\CodeIgniter->handleRequest(null, Object(Config\Cache), false)
 5 FCPATH\index.php(67): CodeIgniter\CodeIgniter->run()
CRITICAL - 2023-04-10 22:17:55 --> Cannot use object of type CodeIgniter\Router\RouteCollection as array
in APPPATH\Config\Routes.php on line 35.
 1 SYSTEMPATH\Router\RouteCollection.php(266): require()
 2 SYSTEMPATH\CodeIgniter.php(802): CodeIgniter\Router\RouteCollection->loadRoutes()
 3 SYSTEMPATH\CodeIgniter.php(449): CodeIgniter\CodeIgniter->tryToRouteIt(null)
 4 SYSTEMPATH\CodeIgniter.php(368): CodeIgniter\CodeIgniter->handleRequest(null, Object(Config\Cache), false)
 5 FCPATH\index.php(67): CodeIgniter\CodeIgniter->run()
CRITICAL - 2023-04-10 22:17:56 --> Cannot use object of type CodeIgniter\Router\RouteCollection as array
in APPPATH\Config\Routes.php on line 35.
 1 SYSTEMPATH\Router\RouteCollection.php(266): require()
 2 SYSTEMPATH\CodeIgniter.php(802): CodeIgniter\Router\RouteCollection->loadRoutes()
 3 SYSTEMPATH\CodeIgniter.php(449): CodeIgniter\CodeIgniter->tryToRouteIt(null)
 4 SYSTEMPATH\CodeIgniter.php(368): CodeIgniter\CodeIgniter->handleRequest(null, Object(Config\Cache), false)
 5 FCPATH\index.php(67): CodeIgniter\CodeIgniter->run()
CRITICAL - 2023-04-10 22:17:57 --> Cannot use object of type CodeIgniter\Router\RouteCollection as array
in APPPATH\Config\Routes.php on line 35.
 1 SYSTEMPATH\Router\RouteCollection.php(266): require()
 2 SYSTEMPATH\CodeIgniter.php(802): CodeIgniter\Router\RouteCollection->loadRoutes()
 3 SYSTEMPATH\CodeIgniter.php(449): CodeIgniter\CodeIgniter->tryToRouteIt(null)
 4 SYSTEMPATH\CodeIgniter.php(368): CodeIgniter\CodeIgniter->handleRequest(null, Object(Config\Cache), false)
 5 FCPATH\index.php(67): CodeIgniter\CodeIgniter->run()
CRITICAL - 2023-04-10 22:17:58 --> Cannot use object of type CodeIgniter\Router\RouteCollection as array
in APPPATH\Config\Routes.php on line 35.
 1 SYSTEMPATH\Router\RouteCollection.php(266): require()
 2 SYSTEMPATH\CodeIgniter.php(802): CodeIgniter\Router\RouteCollection->loadRoutes()
 3 SYSTEMPATH\CodeIgniter.php(449): CodeIgniter\CodeIgniter->tryToRouteIt(null)
 4 SYSTEMPATH\CodeIgniter.php(368): CodeIgniter\CodeIgniter->handleRequest(null, Object(Config\Cache), false)
 5 FCPATH\index.php(67): CodeIgniter\CodeIgniter->run()
CRITICAL - 2023-04-10 22:17:59 --> Cannot use object of type CodeIgniter\Router\RouteCollection as array
in APPPATH\Config\Routes.php on line 35.
 1 SYSTEMPATH\Router\RouteCollection.php(266): require()
 2 SYSTEMPATH\CodeIgniter.php(802): CodeIgniter\Router\RouteCollection->loadRoutes()
 3 SYSTEMPATH\CodeIgniter.php(449): CodeIgniter\CodeIgniter->tryToRouteIt(null)
 4 SYSTEMPATH\CodeIgniter.php(368): CodeIgniter\CodeIgniter->handleRequest(null, Object(Config\Cache), false)
 5 FCPATH\index.php(67): CodeIgniter\CodeIgniter->run()
CRITICAL - 2023-04-10 22:18:00 --> Cannot use object of type CodeIgniter\Router\RouteCollection as array
in APPPATH\Config\Routes.php on line 35.
 1 SYSTEMPATH\Router\RouteCollection.php(266): require()
 2 SYSTEMPATH\CodeIgniter.php(802): CodeIgniter\Router\RouteCollection->loadRoutes()
 3 SYSTEMPATH\CodeIgniter.php(449): CodeIgniter\CodeIgniter->tryToRouteIt(null)
 4 SYSTEMPATH\CodeIgniter.php(368): CodeIgniter\CodeIgniter->handleRequest(null, Object(Config\Cache), false)
 5 FCPATH\index.php(67): CodeIgniter\CodeIgniter->run()
CRITICAL - 2023-04-10 22:18:01 --> Cannot use object of type CodeIgniter\Router\RouteCollection as array
in APPPATH\Config\Routes.php on line 35.
 1 SYSTEMPATH\Router\RouteCollection.php(266): require()
 2 SYSTEMPATH\CodeIgniter.php(802): CodeIgniter\Router\RouteCollection->loadRoutes()
 3 SYSTEMPATH\CodeIgniter.php(449): CodeIgniter\CodeIgniter->tryToRouteIt(null)
 4 SYSTEMPATH\CodeIgniter.php(368): CodeIgniter\CodeIgniter->handleRequest(null, Object(Config\Cache), false)
 5 FCPATH\index.php(67): CodeIgniter\CodeIgniter->run()
CRITICAL - 2023-04-10 22:18:02 --> Cannot use object of type CodeIgniter\Router\RouteCollection as array
in APPPATH\Config\Routes.php on line 35.
 1 SYSTEMPATH\Router\RouteCollection.php(266): require()
 2 SYSTEMPATH\CodeIgniter.php(802): CodeIgniter\Router\RouteCollection->loadRoutes()
 3 SYSTEMPATH\CodeIgniter.php(449): CodeIgniter\CodeIgniter->tryToRouteIt(null)
 4 SYSTEMPATH\CodeIgniter.php(368): CodeIgniter\CodeIgniter->handleRequest(null, Object(Config\Cache), false)
 5 FCPATH\index.php(67): CodeIgniter\CodeIgniter->run()
CRITICAL - 2023-04-10 22:18:03 --> Cannot use object of type CodeIgniter\Router\RouteCollection as array
in APPPATH\Config\Routes.php on line 35.
 1 SYSTEMPATH\Router\RouteCollection.php(266): require()
 2 SYSTEMPATH\CodeIgniter.php(802): CodeIgniter\Router\RouteCollection->loadRoutes()
 3 SYSTEMPATH\CodeIgniter.php(449): CodeIgniter\CodeIgniter->tryToRouteIt(null)
 4 SYSTEMPATH\CodeIgniter.php(368): CodeIgniter\CodeIgniter->handleRequest(null, Object(Config\Cache), false)
 5 FCPATH\index.php(67): CodeIgniter\CodeIgniter->run()
CRITICAL - 2023-04-10 22:18:04 --> Cannot use object of type CodeIgniter\Router\RouteCollection as array
in APPPATH\Config\Routes.php on line 35.
 1 SYSTEMPATH\Router\RouteCollection.php(266): require()
 2 SYSTEMPATH\CodeIgniter.php(802): CodeIgniter\Router\RouteCollection->loadRoutes()
 3 SYSTEMPATH\CodeIgniter.php(449): CodeIgniter\CodeIgniter->tryToRouteIt(null)
 4 SYSTEMPATH\CodeIgniter.php(368): CodeIgniter\CodeIgniter->handleRequest(null, Object(Config\Cache), false)
 5 FCPATH\index.php(67): CodeIgniter\CodeIgniter->run()
CRITICAL - 2023-04-10 22:18:05 --> Cannot use object of type CodeIgniter\Router\RouteCollection as array
in APPPATH\Config\Routes.php on line 35.
 1 SYSTEMPATH\Router\RouteCollection.php(266): require()
 2 SYSTEMPATH\CodeIgniter.php(802): CodeIgniter\Router\RouteCollection->loadRoutes()
 3 SYSTEMPATH\CodeIgniter.php(449): CodeIgniter\CodeIgniter->tryToRouteIt(null)
 4 SYSTEMPATH\CodeIgniter.php(368): CodeIgniter\CodeIgniter->handleRequest(null, Object(Config\Cache), false)
 5 FCPATH\index.php(67): CodeIgniter\CodeIgniter->run()
CRITICAL - 2023-04-10 22:18:06 --> Cannot use object of type CodeIgniter\Router\RouteCollection as array
in APPPATH\Config\Routes.php on line 35.
 1 SYSTEMPATH\Router\RouteCollection.php(266): require()
 2 SYSTEMPATH\CodeIgniter.php(802): CodeIgniter\Router\RouteCollection->loadRoutes()
 3 SYSTEMPATH\CodeIgniter.php(449): CodeIgniter\CodeIgniter->tryToRouteIt(null)
 4 SYSTEMPATH\CodeIgniter.php(368): CodeIgniter\CodeIgniter->handleRequest(null, Object(Config\Cache), false)
 5 FCPATH\index.php(67): CodeIgniter\CodeIgniter->run()
CRITICAL - 2023-04-10 22:18:07 --> Cannot use object of type CodeIgniter\Router\RouteCollection as array
in APPPATH\Config\Routes.php on line 35.
 1 SYSTEMPATH\Router\RouteCollection.php(266): require()
 2 SYSTEMPATH\CodeIgniter.php(802): CodeIgniter\Router\RouteCollection->loadRoutes()
 3 SYSTEMPATH\CodeIgniter.php(449): CodeIgniter\CodeIgniter->tryToRouteIt(null)
 4 SYSTEMPATH\CodeIgniter.php(368): CodeIgniter\CodeIgniter->handleRequest(null, Object(Config\Cache), false)
 5 FCPATH\index.php(67): CodeIgniter\CodeIgniter->run()
CRITICAL - 2023-04-10 22:18:08 --> Cannot use object of type CodeIgniter\Router\RouteCollection as array
in APPPATH\Config\Routes.php on line 35.
 1 SYSTEMPATH\Router\RouteCollection.php(266): require()
 2 SYSTEMPATH\CodeIgniter.php(802): CodeIgniter\Router\RouteCollection->loadRoutes()
 3 SYSTEMPATH\CodeIgniter.php(449): CodeIgniter\CodeIgniter->tryToRouteIt(null)
 4 SYSTEMPATH\CodeIgniter.php(368): CodeIgniter\CodeIgniter->handleRequest(null, Object(Config\Cache), false)
 5 FCPATH\index.php(67): CodeIgniter\CodeIgniter->run()
CRITICAL - 2023-04-10 22:18:09 --> Cannot use object of type CodeIgniter\Router\RouteCollection as array
in APPPATH\Config\Routes.php on line 35.
 1 SYSTEMPATH\Router\RouteCollection.php(266): require()
 2 SYSTEMPATH\CodeIgniter.php(802): CodeIgniter\Router\RouteCollection->loadRoutes()
 3 SYSTEMPATH\CodeIgniter.php(449): CodeIgniter\CodeIgniter->tryToRouteIt(null)
 4 SYSTEMPATH\CodeIgniter.php(368): CodeIgniter\CodeIgniter->handleRequest(null, Object(Config\Cache), false)
 5 FCPATH\index.php(67): CodeIgniter\CodeIgniter->run()
CRITICAL - 2023-04-10 22:18:10 --> Cannot use object of type CodeIgniter\Router\RouteCollection as array
in APPPATH\Config\Routes.php on line 35.
 1 SYSTEMPATH\Router\RouteCollection.php(266): require()
 2 SYSTEMPATH\CodeIgniter.php(802): CodeIgniter\Router\RouteCollection->loadRoutes()
 3 SYSTEMPATH\CodeIgniter.php(449): CodeIgniter\CodeIgniter->tryToRouteIt(null)
 4 SYSTEMPATH\CodeIgniter.php(368): CodeIgniter\CodeIgniter->handleRequest(null, Object(Config\Cache), false)
 5 FCPATH\index.php(67): CodeIgniter\CodeIgniter->run()
CRITICAL - 2023-04-10 22:18:11 --> Cannot use object of type CodeIgniter\Router\RouteCollection as array
in APPPATH\Config\Routes.php on line 35.
 1 SYSTEMPATH\Router\RouteCollection.php(266): require()
 2 SYSTEMPATH\CodeIgniter.php(802): CodeIgniter\Router\RouteCollection->loadRoutes()
 3 SYSTEMPATH\CodeIgniter.php(449): CodeIgniter\CodeIgniter->tryToRouteIt(null)
 4 SYSTEMPATH\CodeIgniter.php(368): CodeIgniter\CodeIgniter->handleRequest(null, Object(Config\Cache), false)
 5 FCPATH\index.php(67): CodeIgniter\CodeIgniter->run()
CRITICAL - 2023-04-10 22:18:12 --> Cannot use object of type CodeIgniter\Router\RouteCollection as array
in APPPATH\Config\Routes.php on line 35.
 1 SYSTEMPATH\Router\RouteCollection.php(266): require()
 2 SYSTEMPATH\CodeIgniter.php(802): CodeIgniter\Router\RouteCollection->loadRoutes()
 3 SYSTEMPATH\CodeIgniter.php(449): CodeIgniter\CodeIgniter->tryToRouteIt(null)
 4 SYSTEMPATH\CodeIgniter.php(368): CodeIgniter\CodeIgniter->handleRequest(null, Object(Config\Cache), false)
 5 FCPATH\index.php(67): CodeIgniter\CodeIgniter->run()
CRITICAL - 2023-04-10 22:18:13 --> Cannot use object of type CodeIgniter\Router\RouteCollection as array
in APPPATH\Config\Routes.php on line 35.
 1 SYSTEMPATH\Router\RouteCollection.php(266): require()
 2 SYSTEMPATH\CodeIgniter.php(802): CodeIgniter\Router\RouteCollection->loadRoutes()
 3 SYSTEMPATH\CodeIgniter.php(449): CodeIgniter\CodeIgniter->tryToRouteIt(null)
 4 SYSTEMPATH\CodeIgniter.php(368): CodeIgniter\CodeIgniter->handleRequest(null, Object(Config\Cache), false)
 5 FCPATH\index.php(67): CodeIgniter\CodeIgniter->run()
CRITICAL - 2023-04-10 22:18:14 --> Cannot use object of type CodeIgniter\Router\RouteCollection as array
in APPPATH\Config\Routes.php on line 35.
 1 SYSTEMPATH\Router\RouteCollection.php(266): require()
 2 SYSTEMPATH\CodeIgniter.php(802): CodeIgniter\Router\RouteCollection->loadRoutes()
 3 SYSTEMPATH\CodeIgniter.php(449): CodeIgniter\CodeIgniter->tryToRouteIt(null)
 4 SYSTEMPATH\CodeIgniter.php(368): CodeIgniter\CodeIgniter->handleRequest(null, Object(Config\Cache), false)
 5 FCPATH\index.php(67): CodeIgniter\CodeIgniter->run()
CRITICAL - 2023-04-10 22:18:15 --> Cannot use object of type CodeIgniter\Router\RouteCollection as array
in APPPATH\Config\Routes.php on line 35.
 1 SYSTEMPATH\Router\RouteCollection.php(266): require()
 2 SYSTEMPATH\CodeIgniter.php(802): CodeIgniter\Router\RouteCollection->loadRoutes()
 3 SYSTEMPATH\CodeIgniter.php(449): CodeIgniter\CodeIgniter->tryToRouteIt(null)
 4 SYSTEMPATH\CodeIgniter.php(368): CodeIgniter\CodeIgniter->handleRequest(null, Object(Config\Cache), false)
 5 FCPATH\index.php(67): CodeIgniter\CodeIgniter->run()
CRITICAL - 2023-04-10 22:18:16 --> Cannot use object of type CodeIgniter\Router\RouteCollection as array
in APPPATH\Config\Routes.php on line 35.
 1 SYSTEMPATH\Router\RouteCollection.php(266): require()
 2 SYSTEMPATH\CodeIgniter.php(802): CodeIgniter\Router\RouteCollection->loadRoutes()
 3 SYSTEMPATH\CodeIgniter.php(449): CodeIgniter\CodeIgniter->tryToRouteIt(null)
 4 SYSTEMPATH\CodeIgniter.php(368): CodeIgniter\CodeIgniter->handleRequest(null, Object(Config\Cache), false)
 5 FCPATH\index.php(67): CodeIgniter\CodeIgniter->run()
CRITICAL - 2023-04-10 22:18:17 --> Cannot use object of type CodeIgniter\Router\RouteCollection as array
in APPPATH\Config\Routes.php on line 35.
 1 SYSTEMPATH\Router\RouteCollection.php(266): require()
 2 SYSTEMPATH\CodeIgniter.php(802): CodeIgniter\Router\RouteCollection->loadRoutes()
 3 SYSTEMPATH\CodeIgniter.php(449): CodeIgniter\CodeIgniter->tryToRouteIt(null)
 4 SYSTEMPATH\CodeIgniter.php(368): CodeIgniter\CodeIgniter->handleRequest(null, Object(Config\Cache), false)
 5 FCPATH\index.php(67): CodeIgniter\CodeIgniter->run()
CRITICAL - 2023-04-10 22:18:18 --> Cannot use object of type CodeIgniter\Router\RouteCollection as array
in APPPATH\Config\Routes.php on line 35.
 1 SYSTEMPATH\Router\RouteCollection.php(266): require()
 2 SYSTEMPATH\CodeIgniter.php(802): CodeIgniter\Router\RouteCollection->loadRoutes()
 3 SYSTEMPATH\CodeIgniter.php(449): CodeIgniter\CodeIgniter->tryToRouteIt(null)
 4 SYSTEMPATH\CodeIgniter.php(368): CodeIgniter\CodeIgniter->handleRequest(null, Object(Config\Cache), false)
 5 FCPATH\index.php(67): CodeIgniter\CodeIgniter->run()
CRITICAL - 2023-04-10 22:18:19 --> Cannot use object of type CodeIgniter\Router\RouteCollection as array
in APPPATH\Config\Routes.php on line 35.
 1 SYSTEMPATH\Router\RouteCollection.php(266): require()
 2 SYSTEMPATH\CodeIgniter.php(802): CodeIgniter\Router\RouteCollection->loadRoutes()
 3 SYSTEMPATH\CodeIgniter.php(449): CodeIgniter\CodeIgniter->tryToRouteIt(null)
 4 SYSTEMPATH\CodeIgniter.php(368): CodeIgniter\CodeIgniter->handleRequest(null, Object(Config\Cache), false)
 5 FCPATH\index.php(67): CodeIgniter\CodeIgniter->run()
CRITICAL - 2023-04-10 22:18:20 --> Cannot use object of type CodeIgniter\Router\RouteCollection as array
in APPPATH\Config\Routes.php on line 35.
 1 SYSTEMPATH\Router\RouteCollection.php(266): require()
 2 SYSTEMPATH\CodeIgniter.php(802): CodeIgniter\Router\RouteCollection->loadRoutes()
 3 SYSTEMPATH\CodeIgniter.php(449): CodeIgniter\CodeIgniter->tryToRouteIt(null)
 4 SYSTEMPATH\CodeIgniter.php(368): CodeIgniter\CodeIgniter->handleRequest(null, Object(Config\Cache), false)
 5 FCPATH\index.php(67): CodeIgniter\CodeIgniter->run()
CRITICAL - 2023-04-10 22:18:21 --> Cannot use object of type CodeIgniter\Router\RouteCollection as array
in APPPATH\Config\Routes.php on line 35.
 1 SYSTEMPATH\Router\RouteCollection.php(266): require()
 2 SYSTEMPATH\CodeIgniter.php(802): CodeIgniter\Router\RouteCollection->loadRoutes()
 3 SYSTEMPATH\CodeIgniter.php(449): CodeIgniter\CodeIgniter->tryToRouteIt(null)
 4 SYSTEMPATH\CodeIgniter.php(368): CodeIgniter\CodeIgniter->handleRequest(null, Object(Config\Cache), false)
 5 FCPATH\index.php(67): CodeIgniter\CodeIgniter->run()
CRITICAL - 2023-04-10 22:18:22 --> Cannot use object of type CodeIgniter\Router\RouteCollection as array
in APPPATH\Config\Routes.php on line 35.
 1 SYSTEMPATH\Router\RouteCollection.php(266): require()
 2 SYSTEMPATH\CodeIgniter.php(802): CodeIgniter\Router\RouteCollection->loadRoutes()
 3 SYSTEMPATH\CodeIgniter.php(449): CodeIgniter\CodeIgniter->tryToRouteIt(null)
 4 SYSTEMPATH\CodeIgniter.php(368): CodeIgniter\CodeIgniter->handleRequest(null, Object(Config\Cache), false)
 5 FCPATH\index.php(67): CodeIgniter\CodeIgniter->run()
CRITICAL - 2023-04-10 22:18:23 --> Cannot use object of type CodeIgniter\Router\RouteCollection as array
in APPPATH\Config\Routes.php on line 35.
 1 SYSTEMPATH\Router\RouteCollection.php(266): require()
 2 SYSTEMPATH\CodeIgniter.php(802): CodeIgniter\Router\RouteCollection->loadRoutes()
 3 SYSTEMPATH\CodeIgniter.php(449): CodeIgniter\CodeIgniter->tryToRouteIt(null)
 4 SYSTEMPATH\CodeIgniter.php(368): CodeIgniter\CodeIgniter->handleRequest(null, Object(Config\Cache), false)
 5 FCPATH\index.php(67): CodeIgniter\CodeIgniter->run()
CRITICAL - 2023-04-10 22:18:24 --> Cannot use object of type CodeIgniter\Router\RouteCollection as array
in APPPATH\Config\Routes.php on line 35.
 1 SYSTEMPATH\Router\RouteCollection.php(266): require()
 2 SYSTEMPATH\CodeIgniter.php(802): CodeIgniter\Router\RouteCollection->loadRoutes()
 3 SYSTEMPATH\CodeIgniter.php(449): CodeIgniter\CodeIgniter->tryToRouteIt(null)
 4 SYSTEMPATH\CodeIgniter.php(368): CodeIgniter\CodeIgniter->handleRequest(null, Object(Config\Cache), false)
 5 FCPATH\index.php(67): CodeIgniter\CodeIgniter->run()
CRITICAL - 2023-04-10 22:18:25 --> Cannot use object of type CodeIgniter\Router\RouteCollection as array
in APPPATH\Config\Routes.php on line 35.
 1 SYSTEMPATH\Router\RouteCollection.php(266): require()
 2 SYSTEMPATH\CodeIgniter.php(802): CodeIgniter\Router\RouteCollection->loadRoutes()
 3 SYSTEMPATH\CodeIgniter.php(449): CodeIgniter\CodeIgniter->tryToRouteIt(null)
 4 SYSTEMPATH\CodeIgniter.php(368): CodeIgniter\CodeIgniter->handleRequest(null, Object(Config\Cache), false)
 5 FCPATH\index.php(67): CodeIgniter\CodeIgniter->run()
CRITICAL - 2023-04-10 22:18:26 --> Cannot use object of type CodeIgniter\Router\RouteCollection as array
in APPPATH\Config\Routes.php on line 35.
 1 SYSTEMPATH\Router\RouteCollection.php(266): require()
 2 SYSTEMPATH\CodeIgniter.php(802): CodeIgniter\Router\RouteCollection->loadRoutes()
 3 SYSTEMPATH\CodeIgniter.php(449): CodeIgniter\CodeIgniter->tryToRouteIt(null)
 4 SYSTEMPATH\CodeIgniter.php(368): CodeIgniter\CodeIgniter->handleRequest(null, Object(Config\Cache), false)
 5 FCPATH\index.php(67): CodeIgniter\CodeIgniter->run()
CRITICAL - 2023-04-10 22:18:27 --> Cannot use object of type CodeIgniter\Router\RouteCollection as array
in APPPATH\Config\Routes.php on line 35.
 1 SYSTEMPATH\Router\RouteCollection.php(266): require()
 2 SYSTEMPATH\CodeIgniter.php(802): CodeIgniter\Router\RouteCollection->loadRoutes()
 3 SYSTEMPATH\CodeIgniter.php(449): CodeIgniter\CodeIgniter->tryToRouteIt(null)
 4 SYSTEMPATH\CodeIgniter.php(368): CodeIgniter\CodeIgniter->handleRequest(null, Object(Config\Cache), false)
 5 FCPATH\index.php(67): CodeIgniter\CodeIgniter->run()
CRITICAL - 2023-04-10 22:18:28 --> Cannot use object of type CodeIgniter\Router\RouteCollection as array
in APPPATH\Config\Routes.php on line 35.
 1 SYSTEMPATH\Router\RouteCollection.php(266): require()
 2 SYSTEMPATH\CodeIgniter.php(802): CodeIgniter\Router\RouteCollection->loadRoutes()
 3 SYSTEMPATH\CodeIgniter.php(449): CodeIgniter\CodeIgniter->tryToRouteIt(null)
 4 SYSTEMPATH\CodeIgniter.php(368): CodeIgniter\CodeIgniter->handleRequest(null, Object(Config\Cache), false)
 5 FCPATH\index.php(67): CodeIgniter\CodeIgniter->run()
CRITICAL - 2023-04-10 22:18:29 --> Cannot use object of type CodeIgniter\Router\RouteCollection as array
in APPPATH\Config\Routes.php on line 35.
 1 SYSTEMPATH\Router\RouteCollection.php(266): require()
 2 SYSTEMPATH\CodeIgniter.php(802): CodeIgniter\Router\RouteCollection->loadRoutes()
 3 SYSTEMPATH\CodeIgniter.php(449): CodeIgniter\CodeIgniter->tryToRouteIt(null)
 4 SYSTEMPATH\CodeIgniter.php(368): CodeIgniter\CodeIgniter->handleRequest(null, Object(Config\Cache), false)
 5 FCPATH\index.php(67): CodeIgniter\CodeIgniter->run()
CRITICAL - 2023-04-10 22:18:30 --> Cannot use object of type CodeIgniter\Router\RouteCollection as array
in APPPATH\Config\Routes.php on line 35.
 1 SYSTEMPATH\Router\RouteCollection.php(266): require()
 2 SYSTEMPATH\CodeIgniter.php(802): CodeIgniter\Router\RouteCollection->loadRoutes()
 3 SYSTEMPATH\CodeIgniter.php(449): CodeIgniter\CodeIgniter->tryToRouteIt(null)
 4 SYSTEMPATH\CodeIgniter.php(368): CodeIgniter\CodeIgniter->handleRequest(null, Object(Config\Cache), false)
 5 FCPATH\index.php(67): CodeIgniter\CodeIgniter->run()
CRITICAL - 2023-04-10 22:18:31 --> Cannot use object of type CodeIgniter\Router\RouteCollection as array
in APPPATH\Config\Routes.php on line 35.
 1 SYSTEMPATH\Router\RouteCollection.php(266): require()
 2 SYSTEMPATH\CodeIgniter.php(802): CodeIgniter\Router\RouteCollection->loadRoutes()
 3 SYSTEMPATH\CodeIgniter.php(449): CodeIgniter\CodeIgniter->tryToRouteIt(null)
 4 SYSTEMPATH\CodeIgniter.php(368): CodeIgniter\CodeIgniter->handleRequest(null, Object(Config\Cache), false)
 5 FCPATH\index.php(67): CodeIgniter\CodeIgniter->run()
CRITICAL - 2023-04-10 22:18:32 --> Cannot use object of type CodeIgniter\Router\RouteCollection as array
in APPPATH\Config\Routes.php on line 35.
 1 SYSTEMPATH\Router\RouteCollection.php(266): require()
 2 SYSTEMPATH\CodeIgniter.php(802): CodeIgniter\Router\RouteCollection->loadRoutes()
 3 SYSTEMPATH\CodeIgniter.php(449): CodeIgniter\CodeIgniter->tryToRouteIt(null)
 4 SYSTEMPATH\CodeIgniter.php(368): CodeIgniter\CodeIgniter->handleRequest(null, Object(Config\Cache), false)
 5 FCPATH\index.php(67): CodeIgniter\CodeIgniter->run()
CRITICAL - 2023-04-10 22:18:33 --> Cannot use object of type CodeIgniter\Router\RouteCollection as array
in APPPATH\Config\Routes.php on line 35.
 1 SYSTEMPATH\Router\RouteCollection.php(266): require()
 2 SYSTEMPATH\CodeIgniter.php(802): CodeIgniter\Router\RouteCollection->loadRoutes()
 3 SYSTEMPATH\CodeIgniter.php(449): CodeIgniter\CodeIgniter->tryToRouteIt(null)
 4 SYSTEMPATH\CodeIgniter.php(368): CodeIgniter\CodeIgniter->handleRequest(null, Object(Config\Cache), false)
 5 FCPATH\index.php(67): CodeIgniter\CodeIgniter->run()
CRITICAL - 2023-04-10 22:18:34 --> Cannot use object of type CodeIgniter\Router\RouteCollection as array
in APPPATH\Config\Routes.php on line 35.
 1 SYSTEMPATH\Router\RouteCollection.php(266): require()
 2 SYSTEMPATH\CodeIgniter.php(802): CodeIgniter\Router\RouteCollection->loadRoutes()
 3 SYSTEMPATH\CodeIgniter.php(449): CodeIgniter\CodeIgniter->tryToRouteIt(null)
 4 SYSTEMPATH\CodeIgniter.php(368): CodeIgniter\CodeIgniter->handleRequest(null, Object(Config\Cache), false)
 5 FCPATH\index.php(67): CodeIgniter\CodeIgniter->run()
CRITICAL - 2023-04-10 22:18:35 --> Cannot use object of type CodeIgniter\Router\RouteCollection as array
in APPPATH\Config\Routes.php on line 35.
 1 SYSTEMPATH\Router\RouteCollection.php(266): require()
 2 SYSTEMPATH\CodeIgniter.php(802): CodeIgniter\Router\RouteCollection->loadRoutes()
 3 SYSTEMPATH\CodeIgniter.php(449): CodeIgniter\CodeIgniter->tryToRouteIt(null)
 4 SYSTEMPATH\CodeIgniter.php(368): CodeIgniter\CodeIgniter->handleRequest(null, Object(Config\Cache), false)
 5 FCPATH\index.php(67): CodeIgniter\CodeIgniter->run()
CRITICAL - 2023-04-10 22:18:37 --> Cannot use object of type CodeIgniter\Router\RouteCollection as array
in APPPATH\Config\Routes.php on line 35.
 1 SYSTEMPATH\Router\RouteCollection.php(266): require()
 2 SYSTEMPATH\CodeIgniter.php(802): CodeIgniter\Router\RouteCollection->loadRoutes()
 3 SYSTEMPATH\CodeIgniter.php(449): CodeIgniter\CodeIgniter->tryToRouteIt(null)
 4 SYSTEMPATH\CodeIgniter.php(368): CodeIgniter\CodeIgniter->handleRequest(null, Object(Config\Cache), false)
 5 FCPATH\index.php(67): CodeIgniter\CodeIgniter->run()
CRITICAL - 2023-04-10 22:18:37 --> Cannot use object of type CodeIgniter\Router\RouteCollection as array
in APPPATH\Config\Routes.php on line 35.
 1 SYSTEMPATH\Router\RouteCollection.php(266): require()
 2 SYSTEMPATH\CodeIgniter.php(802): CodeIgniter\Router\RouteCollection->loadRoutes()
 3 SYSTEMPATH\CodeIgniter.php(449): CodeIgniter\CodeIgniter->tryToRouteIt(null)
 4 SYSTEMPATH\CodeIgniter.php(368): CodeIgniter\CodeIgniter->handleRequest(null, Object(Config\Cache), false)
 5 FCPATH\index.php(67): CodeIgniter\CodeIgniter->run()
CRITICAL - 2023-04-10 22:18:38 --> Cannot use object of type CodeIgniter\Router\RouteCollection as array
in APPPATH\Config\Routes.php on line 35.
 1 SYSTEMPATH\Router\RouteCollection.php(266): require()
 2 SYSTEMPATH\CodeIgniter.php(802): CodeIgniter\Router\RouteCollection->loadRoutes()
 3 SYSTEMPATH\CodeIgniter.php(449): CodeIgniter\CodeIgniter->tryToRouteIt(null)
 4 SYSTEMPATH\CodeIgniter.php(368): CodeIgniter\CodeIgniter->handleRequest(null, Object(Config\Cache), false)
 5 FCPATH\index.php(67): CodeIgniter\CodeIgniter->run()
CRITICAL - 2023-04-10 22:18:39 --> Cannot use object of type CodeIgniter\Router\RouteCollection as array
in APPPATH\Config\Routes.php on line 35.
 1 SYSTEMPATH\Router\RouteCollection.php(266): require()
 2 SYSTEMPATH\CodeIgniter.php(802): CodeIgniter\Router\RouteCollection->loadRoutes()
 3 SYSTEMPATH\CodeIgniter.php(449): CodeIgniter\CodeIgniter->tryToRouteIt(null)
 4 SYSTEMPATH\CodeIgniter.php(368): CodeIgniter\CodeIgniter->handleRequest(null, Object(Config\Cache), false)
 5 FCPATH\index.php(67): CodeIgniter\CodeIgniter->run()
CRITICAL - 2023-04-10 22:18:40 --> Cannot use object of type CodeIgniter\Router\RouteCollection as array
in APPPATH\Config\Routes.php on line 35.
 1 SYSTEMPATH\Router\RouteCollection.php(266): require()
 2 SYSTEMPATH\CodeIgniter.php(802): CodeIgniter\Router\RouteCollection->loadRoutes()
 3 SYSTEMPATH\CodeIgniter.php(449): CodeIgniter\CodeIgniter->tryToRouteIt(null)
 4 SYSTEMPATH\CodeIgniter.php(368): CodeIgniter\CodeIgniter->handleRequest(null, Object(Config\Cache), false)
 5 FCPATH\index.php(67): CodeIgniter\CodeIgniter->run()
CRITICAL - 2023-04-10 22:18:41 --> Cannot use object of type CodeIgniter\Router\RouteCollection as array
in APPPATH\Config\Routes.php on line 35.
 1 SYSTEMPATH\Router\RouteCollection.php(266): require()
 2 SYSTEMPATH\CodeIgniter.php(802): CodeIgniter\Router\RouteCollection->loadRoutes()
 3 SYSTEMPATH\CodeIgniter.php(449): CodeIgniter\CodeIgniter->tryToRouteIt(null)
 4 SYSTEMPATH\CodeIgniter.php(368): CodeIgniter\CodeIgniter->handleRequest(null, Object(Config\Cache), false)
 5 FCPATH\index.php(67): CodeIgniter\CodeIgniter->run()
CRITICAL - 2023-04-10 22:18:42 --> Cannot use object of type CodeIgniter\Router\RouteCollection as array
in APPPATH\Config\Routes.php on line 35.
 1 SYSTEMPATH\Router\RouteCollection.php(266): require()
 2 SYSTEMPATH\CodeIgniter.php(802): CodeIgniter\Router\RouteCollection->loadRoutes()
 3 SYSTEMPATH\CodeIgniter.php(449): CodeIgniter\CodeIgniter->tryToRouteIt(null)
 4 SYSTEMPATH\CodeIgniter.php(368): CodeIgniter\CodeIgniter->handleRequest(null, Object(Config\Cache), false)
 5 FCPATH\index.php(67): CodeIgniter\CodeIgniter->run()
CRITICAL - 2023-04-10 22:18:43 --> Cannot use object of type CodeIgniter\Router\RouteCollection as array
in APPPATH\Config\Routes.php on line 35.
 1 SYSTEMPATH\Router\RouteCollection.php(266): require()
 2 SYSTEMPATH\CodeIgniter.php(802): CodeIgniter\Router\RouteCollection->loadRoutes()
 3 SYSTEMPATH\CodeIgniter.php(449): CodeIgniter\CodeIgniter->tryToRouteIt(null)
 4 SYSTEMPATH\CodeIgniter.php(368): CodeIgniter\CodeIgniter->handleRequest(null, Object(Config\Cache), false)
 5 FCPATH\index.php(67): CodeIgniter\CodeIgniter->run()
CRITICAL - 2023-04-10 22:18:44 --> Cannot use object of type CodeIgniter\Router\RouteCollection as array
in APPPATH\Config\Routes.php on line 35.
 1 SYSTEMPATH\Router\RouteCollection.php(266): require()
 2 SYSTEMPATH\CodeIgniter.php(802): CodeIgniter\Router\RouteCollection->loadRoutes()
 3 SYSTEMPATH\CodeIgniter.php(449): CodeIgniter\CodeIgniter->tryToRouteIt(null)
 4 SYSTEMPATH\CodeIgniter.php(368): CodeIgniter\CodeIgniter->handleRequest(null, Object(Config\Cache), false)
 5 FCPATH\index.php(67): CodeIgniter\CodeIgniter->run()
CRITICAL - 2023-04-10 22:18:45 --> Cannot use object of type CodeIgniter\Router\RouteCollection as array
in APPPATH\Config\Routes.php on line 35.
 1 SYSTEMPATH\Router\RouteCollection.php(266): require()
 2 SYSTEMPATH\CodeIgniter.php(802): CodeIgniter\Router\RouteCollection->loadRoutes()
 3 SYSTEMPATH\CodeIgniter.php(449): CodeIgniter\CodeIgniter->tryToRouteIt(null)
 4 SYSTEMPATH\CodeIgniter.php(368): CodeIgniter\CodeIgniter->handleRequest(null, Object(Config\Cache), false)
 5 FCPATH\index.php(67): CodeIgniter\CodeIgniter->run()
CRITICAL - 2023-04-10 22:18:46 --> Cannot use object of type CodeIgniter\Router\RouteCollection as array
in APPPATH\Config\Routes.php on line 35.
 1 SYSTEMPATH\Router\RouteCollection.php(266): require()
 2 SYSTEMPATH\CodeIgniter.php(802): CodeIgniter\Router\RouteCollection->loadRoutes()
 3 SYSTEMPATH\CodeIgniter.php(449): CodeIgniter\CodeIgniter->tryToRouteIt(null)
 4 SYSTEMPATH\CodeIgniter.php(368): CodeIgniter\CodeIgniter->handleRequest(null, Object(Config\Cache), false)
 5 FCPATH\index.php(67): CodeIgniter\CodeIgniter->run()
CRITICAL - 2023-04-10 22:18:47 --> Cannot use object of type CodeIgniter\Router\RouteCollection as array
in APPPATH\Config\Routes.php on line 35.
 1 SYSTEMPATH\Router\RouteCollection.php(266): require()
 2 SYSTEMPATH\CodeIgniter.php(802): CodeIgniter\Router\RouteCollection->loadRoutes()
 3 SYSTEMPATH\CodeIgniter.php(449): CodeIgniter\CodeIgniter->tryToRouteIt(null)
 4 SYSTEMPATH\CodeIgniter.php(368): CodeIgniter\CodeIgniter->handleRequest(null, Object(Config\Cache), false)
 5 FCPATH\index.php(67): CodeIgniter\CodeIgniter->run()
CRITICAL - 2023-04-10 22:18:48 --> Cannot use object of type CodeIgniter\Router\RouteCollection as array
in APPPATH\Config\Routes.php on line 35.
 1 SYSTEMPATH\Router\RouteCollection.php(266): require()
 2 SYSTEMPATH\CodeIgniter.php(802): CodeIgniter\Router\RouteCollection->loadRoutes()
 3 SYSTEMPATH\CodeIgniter.php(449): CodeIgniter\CodeIgniter->tryToRouteIt(null)
 4 SYSTEMPATH\CodeIgniter.php(368): CodeIgniter\CodeIgniter->handleRequest(null, Object(Config\Cache), false)
 5 FCPATH\index.php(67): CodeIgniter\CodeIgniter->run()
CRITICAL - 2023-04-10 22:18:49 --> Cannot use object of type CodeIgniter\Router\RouteCollection as array
in APPPATH\Config\Routes.php on line 35.
 1 SYSTEMPATH\Router\RouteCollection.php(266): require()
 2 SYSTEMPATH\CodeIgniter.php(802): CodeIgniter\Router\RouteCollection->loadRoutes()
 3 SYSTEMPATH\CodeIgniter.php(449): CodeIgniter\CodeIgniter->tryToRouteIt(null)
 4 SYSTEMPATH\CodeIgniter.php(368): CodeIgniter\CodeIgniter->handleRequest(null, Object(Config\Cache), false)
 5 FCPATH\index.php(67): CodeIgniter\CodeIgniter->run()
CRITICAL - 2023-04-10 22:18:51 --> Cannot use object of type CodeIgniter\Router\RouteCollection as array
in APPPATH\Config\Routes.php on line 35.
 1 SYSTEMPATH\Router\RouteCollection.php(266): require()
 2 SYSTEMPATH\CodeIgniter.php(802): CodeIgniter\Router\RouteCollection->loadRoutes()
 3 SYSTEMPATH\CodeIgniter.php(449): CodeIgniter\CodeIgniter->tryToRouteIt(null)
 4 SYSTEMPATH\CodeIgniter.php(368): CodeIgniter\CodeIgniter->handleRequest(null, Object(Config\Cache), false)
 5 FCPATH\index.php(67): CodeIgniter\CodeIgniter->run()
CRITICAL - 2023-04-10 22:18:51 --> Cannot use object of type CodeIgniter\Router\RouteCollection as array
in APPPATH\Config\Routes.php on line 35.
 1 SYSTEMPATH\Router\RouteCollection.php(266): require()
 2 SYSTEMPATH\CodeIgniter.php(802): CodeIgniter\Router\RouteCollection->loadRoutes()
 3 SYSTEMPATH\CodeIgniter.php(449): CodeIgniter\CodeIgniter->tryToRouteIt(null)
 4 SYSTEMPATH\CodeIgniter.php(368): CodeIgniter\CodeIgniter->handleRequest(null, Object(Config\Cache), false)
 5 FCPATH\index.php(67): CodeIgniter\CodeIgniter->run()
CRITICAL - 2023-04-10 22:18:53 --> Cannot use object of type CodeIgniter\Router\RouteCollection as array
in APPPATH\Config\Routes.php on line 35.
 1 SYSTEMPATH\Router\RouteCollection.php(266): require()
 2 SYSTEMPATH\CodeIgniter.php(802): CodeIgniter\Router\RouteCollection->loadRoutes()
 3 SYSTEMPATH\CodeIgniter.php(449): CodeIgniter\CodeIgniter->tryToRouteIt(null)
 4 SYSTEMPATH\CodeIgniter.php(368): CodeIgniter\CodeIgniter->handleRequest(null, Object(Config\Cache), false)
 5 FCPATH\index.php(67): CodeIgniter\CodeIgniter->run()
CRITICAL - 2023-04-10 22:18:54 --> Cannot use object of type CodeIgniter\Router\RouteCollection as array
in APPPATH\Config\Routes.php on line 35.
 1 SYSTEMPATH\Router\RouteCollection.php(266): require()
 2 SYSTEMPATH\CodeIgniter.php(802): CodeIgniter\Router\RouteCollection->loadRoutes()
 3 SYSTEMPATH\CodeIgniter.php(449): CodeIgniter\CodeIgniter->tryToRouteIt(null)
 4 SYSTEMPATH\CodeIgniter.php(368): CodeIgniter\CodeIgniter->handleRequest(null, Object(Config\Cache), false)
 5 FCPATH\index.php(67): CodeIgniter\CodeIgniter->run()
CRITICAL - 2023-04-10 22:18:55 --> Cannot use object of type CodeIgniter\Router\RouteCollection as array
in APPPATH\Config\Routes.php on line 35.
 1 SYSTEMPATH\Router\RouteCollection.php(266): require()
 2 SYSTEMPATH\CodeIgniter.php(802): CodeIgniter\Router\RouteCollection->loadRoutes()
 3 SYSTEMPATH\CodeIgniter.php(449): CodeIgniter\CodeIgniter->tryToRouteIt(null)
 4 SYSTEMPATH\CodeIgniter.php(368): CodeIgniter\CodeIgniter->handleRequest(null, Object(Config\Cache), false)
 5 FCPATH\index.php(67): CodeIgniter\CodeIgniter->run()
CRITICAL - 2023-04-10 22:18:56 --> Cannot use object of type CodeIgniter\Router\RouteCollection as array
in APPPATH\Config\Routes.php on line 35.
 1 SYSTEMPATH\Router\RouteCollection.php(266): require()
 2 SYSTEMPATH\CodeIgniter.php(802): CodeIgniter\Router\RouteCollection->loadRoutes()
 3 SYSTEMPATH\CodeIgniter.php(449): CodeIgniter\CodeIgniter->tryToRouteIt(null)
 4 SYSTEMPATH\CodeIgniter.php(368): CodeIgniter\CodeIgniter->handleRequest(null, Object(Config\Cache), false)
 5 FCPATH\index.php(67): CodeIgniter\CodeIgniter->run()
CRITICAL - 2023-04-10 22:18:57 --> Cannot use object of type CodeIgniter\Router\RouteCollection as array
in APPPATH\Config\Routes.php on line 35.
 1 SYSTEMPATH\Router\RouteCollection.php(266): require()
 2 SYSTEMPATH\CodeIgniter.php(802): CodeIgniter\Router\RouteCollection->loadRoutes()
 3 SYSTEMPATH\CodeIgniter.php(449): CodeIgniter\CodeIgniter->tryToRouteIt(null)
 4 SYSTEMPATH\CodeIgniter.php(368): CodeIgniter\CodeIgniter->handleRequest(null, Object(Config\Cache), false)
 5 FCPATH\index.php(67): CodeIgniter\CodeIgniter->run()
CRITICAL - 2023-04-10 22:18:58 --> Cannot use object of type CodeIgniter\Router\RouteCollection as array
in APPPATH\Config\Routes.php on line 35.
 1 SYSTEMPATH\Router\RouteCollection.php(266): require()
 2 SYSTEMPATH\CodeIgniter.php(802): CodeIgniter\Router\RouteCollection->loadRoutes()
 3 SYSTEMPATH\CodeIgniter.php(449): CodeIgniter\CodeIgniter->tryToRouteIt(null)
 4 SYSTEMPATH\CodeIgniter.php(368): CodeIgniter\CodeIgniter->handleRequest(null, Object(Config\Cache), false)
 5 FCPATH\index.php(67): CodeIgniter\CodeIgniter->run()
CRITICAL - 2023-04-10 22:18:59 --> Cannot use object of type CodeIgniter\Router\RouteCollection as array
in APPPATH\Config\Routes.php on line 35.
 1 SYSTEMPATH\Router\RouteCollection.php(266): require()
 2 SYSTEMPATH\CodeIgniter.php(802): CodeIgniter\Router\RouteCollection->loadRoutes()
 3 SYSTEMPATH\CodeIgniter.php(449): CodeIgniter\CodeIgniter->tryToRouteIt(null)
 4 SYSTEMPATH\CodeIgniter.php(368): CodeIgniter\CodeIgniter->handleRequest(null, Object(Config\Cache), false)
 5 FCPATH\index.php(67): CodeIgniter\CodeIgniter->run()
CRITICAL - 2023-04-10 22:19:00 --> Cannot use object of type CodeIgniter\Router\RouteCollection as array
in APPPATH\Config\Routes.php on line 35.
 1 SYSTEMPATH\Router\RouteCollection.php(266): require()
 2 SYSTEMPATH\CodeIgniter.php(802): CodeIgniter\Router\RouteCollection->loadRoutes()
 3 SYSTEMPATH\CodeIgniter.php(449): CodeIgniter\CodeIgniter->tryToRouteIt(null)
 4 SYSTEMPATH\CodeIgniter.php(368): CodeIgniter\CodeIgniter->handleRequest(null, Object(Config\Cache), false)
 5 FCPATH\index.php(67): CodeIgniter\CodeIgniter->run()
CRITICAL - 2023-04-10 22:19:01 --> Cannot use object of type CodeIgniter\Router\RouteCollection as array
in APPPATH\Config\Routes.php on line 35.
 1 SYSTEMPATH\Router\RouteCollection.php(266): require()
 2 SYSTEMPATH\CodeIgniter.php(802): CodeIgniter\Router\RouteCollection->loadRoutes()
 3 SYSTEMPATH\CodeIgniter.php(449): CodeIgniter\CodeIgniter->tryToRouteIt(null)
 4 SYSTEMPATH\CodeIgniter.php(368): CodeIgniter\CodeIgniter->handleRequest(null, Object(Config\Cache), false)
 5 FCPATH\index.php(67): CodeIgniter\CodeIgniter->run()
CRITICAL - 2023-04-10 22:19:02 --> Cannot use object of type CodeIgniter\Router\RouteCollection as array
in APPPATH\Config\Routes.php on line 35.
 1 SYSTEMPATH\Router\RouteCollection.php(266): require()
 2 SYSTEMPATH\CodeIgniter.php(802): CodeIgniter\Router\RouteCollection->loadRoutes()
 3 SYSTEMPATH\CodeIgniter.php(449): CodeIgniter\CodeIgniter->tryToRouteIt(null)
 4 SYSTEMPATH\CodeIgniter.php(368): CodeIgniter\CodeIgniter->handleRequest(null, Object(Config\Cache), false)
 5 FCPATH\index.php(67): CodeIgniter\CodeIgniter->run()
CRITICAL - 2023-04-10 22:19:03 --> Cannot use object of type CodeIgniter\Router\RouteCollection as array
in APPPATH\Config\Routes.php on line 35.
 1 SYSTEMPATH\Router\RouteCollection.php(266): require()
 2 SYSTEMPATH\CodeIgniter.php(802): CodeIgniter\Router\RouteCollection->loadRoutes()
 3 SYSTEMPATH\CodeIgniter.php(449): CodeIgniter\CodeIgniter->tryToRouteIt(null)
 4 SYSTEMPATH\CodeIgniter.php(368): CodeIgniter\CodeIgniter->handleRequest(null, Object(Config\Cache), false)
 5 FCPATH\index.php(67): CodeIgniter\CodeIgniter->run()
CRITICAL - 2023-04-10 22:19:04 --> Cannot use object of type CodeIgniter\Router\RouteCollection as array
in APPPATH\Config\Routes.php on line 35.
 1 SYSTEMPATH\Router\RouteCollection.php(266): require()
 2 SYSTEMPATH\CodeIgniter.php(802): CodeIgniter\Router\RouteCollection->loadRoutes()
 3 SYSTEMPATH\CodeIgniter.php(449): CodeIgniter\CodeIgniter->tryToRouteIt(null)
 4 SYSTEMPATH\CodeIgniter.php(368): CodeIgniter\CodeIgniter->handleRequest(null, Object(Config\Cache), false)
 5 FCPATH\index.php(67): CodeIgniter\CodeIgniter->run()
CRITICAL - 2023-04-10 22:19:05 --> Cannot use object of type CodeIgniter\Router\RouteCollection as array
in APPPATH\Config\Routes.php on line 35.
 1 SYSTEMPATH\Router\RouteCollection.php(266): require()
 2 SYSTEMPATH\CodeIgniter.php(802): CodeIgniter\Router\RouteCollection->loadRoutes()
 3 SYSTEMPATH\CodeIgniter.php(449): CodeIgniter\CodeIgniter->tryToRouteIt(null)
 4 SYSTEMPATH\CodeIgniter.php(368): CodeIgniter\CodeIgniter->handleRequest(null, Object(Config\Cache), false)
 5 FCPATH\index.php(67): CodeIgniter\CodeIgniter->run()
CRITICAL - 2023-04-10 22:19:06 --> Cannot use object of type CodeIgniter\Router\RouteCollection as array
in APPPATH\Config\Routes.php on line 35.
 1 SYSTEMPATH\Router\RouteCollection.php(266): require()
 2 SYSTEMPATH\CodeIgniter.php(802): CodeIgniter\Router\RouteCollection->loadRoutes()
 3 SYSTEMPATH\CodeIgniter.php(449): CodeIgniter\CodeIgniter->tryToRouteIt(null)
 4 SYSTEMPATH\CodeIgniter.php(368): CodeIgniter\CodeIgniter->handleRequest(null, Object(Config\Cache), false)
 5 FCPATH\index.php(67): CodeIgniter\CodeIgniter->run()
CRITICAL - 2023-04-10 22:19:07 --> Cannot use object of type CodeIgniter\Router\RouteCollection as array
in APPPATH\Config\Routes.php on line 35.
 1 SYSTEMPATH\Router\RouteCollection.php(266): require()
 2 SYSTEMPATH\CodeIgniter.php(802): CodeIgniter\Router\RouteCollection->loadRoutes()
 3 SYSTEMPATH\CodeIgniter.php(449): CodeIgniter\CodeIgniter->tryToRouteIt(null)
 4 SYSTEMPATH\CodeIgniter.php(368): CodeIgniter\CodeIgniter->handleRequest(null, Object(Config\Cache), false)
 5 FCPATH\index.php(67): CodeIgniter\CodeIgniter->run()
ERROR - 2023-04-10 22:26:57 --> mysqli_sql_exception: Unknown column 'id_user' in 'where clause' in C:\xampp_8.2\htdocs\presensi\system\Database\MySQLi\Connection.php:295
Stack trace:
#0 C:\xampp_8.2\htdocs\presensi\system\Database\MySQLi\Connection.php(295): mysqli->query('SELECT COUNT(*)...', 0)
#1 C:\xampp_8.2\htdocs\presensi\system\Database\BaseConnection.php(691): CodeIgniter\Database\MySQLi\Connection->execute('SELECT COUNT(*)...')
#2 C:\xampp_8.2\htdocs\presensi\system\Database\BaseConnection.php(605): CodeIgniter\Database\BaseConnection->simpleQuery('SELECT COUNT(*)...')
#3 C:\xampp_8.2\htdocs\presensi\system\Database\BaseBuilder.php(1685): CodeIgniter\Database\BaseConnection->query('SELECT COUNT(*)...', Array, false)
#4 C:\xampp_8.2\htdocs\presensi\app\Controllers\Api\Qrscan.php(31): CodeIgniter\Database\BaseBuilder->countAllResults()
#5 C:\xampp_8.2\htdocs\presensi\system\CodeIgniter.php(934): App\Controllers\Api\Qrscan->post_qr()
#6 C:\xampp_8.2\htdocs\presensi\system\CodeIgniter.php(499): CodeIgniter\CodeIgniter->runController(Object(App\Controllers\Api\Qrscan))
#7 C:\xampp_8.2\htdocs\presensi\system\CodeIgniter.php(368): CodeIgniter\CodeIgniter->handleRequest(NULL, Object(Config\Cache), false)
#8 C:\xampp_8.2\htdocs\presensi\index.php(67): CodeIgniter\CodeIgniter->run()
#9 {main}
CRITICAL - 2023-04-10 22:26:57 --> Unknown column 'id_user' in 'where clause'
in SYSTEMPATH\Database\BaseConnection.php on line 645.
 1 SYSTEMPATH\Database\BaseBuilder.php(1685): CodeIgniter\Database\BaseConnection->query('SELECT COUNT(*) AS `numrows`
FROM `tbl_qr_scan`
WHERE `qr_in` = :qr_in:
AND `id_user` IS NULL', [...], false)
 2 APPPATH\Controllers\Api\Qrscan.php(31): CodeIgniter\Database\BaseBuilder->countAllResults()
 3 SYSTEMPATH\CodeIgniter.php(934): App\Controllers\Api\Qrscan->post_qr()
 4 SYSTEMPATH\CodeIgniter.php(499): CodeIgniter\CodeIgniter->runController(Object(App\Controllers\Api\Qrscan))
 5 SYSTEMPATH\CodeIgniter.php(368): CodeIgniter\CodeIgniter->handleRequest(null, Object(Config\Cache), false)
 6 FCPATH\index.php(67): CodeIgniter\CodeIgniter->run()
WARNING - 2023-04-10 22:28:29 --> [DEPRECATED] substr(): Passing null to parameter #1 ($string) of type string is deprecated in APPPATH\Controllers\Api\Qrscan.php on line 98.
 1 APPPATH\Controllers\Api\Qrscan.php(98): substr(null, -10)
 2 SYSTEMPATH\CodeIgniter.php(934): App\Controllers\Api\Qrscan->post_qr_out()
 3 SYSTEMPATH\CodeIgniter.php(499): CodeIgniter\CodeIgniter->runController(Object(App\Controllers\Api\Qrscan))
 4 SYSTEMPATH\CodeIgniter.php(368): CodeIgniter\CodeIgniter->handleRequest(null, Object(Config\Cache), false)
 5 FCPATH\index.php(67): CodeIgniter\CodeIgniter->run()
WARNING - 2023-04-10 22:28:29 --> [DEPRECATED] substr(): Passing null to parameter #1 ($string) of type string is deprecated in APPPATH\Controllers\Api\Qrscan.php on line 99.
 1 APPPATH\Controllers\Api\Qrscan.php(99): substr(null, 0, -10)
 2 SYSTEMPATH\CodeIgniter.php(934): App\Controllers\Api\Qrscan->post_qr_out()
 3 SYSTEMPATH\CodeIgniter.php(499): CodeIgniter\CodeIgniter->runController(Object(App\Controllers\Api\Qrscan))
 4 SYSTEMPATH\CodeIgniter.php(368): CodeIgniter\CodeIgniter->handleRequest(null, Object(Config\Cache), false)
 5 FCPATH\index.php(67): CodeIgniter\CodeIgniter->run()
CRITICAL - 2023-04-10 23:01:51 --> filter_var(): Unknown filter with ID 1
in SYSTEMPATH\HTTP\RequestTrait.php on line 330.
 1 [internal function]: CodeIgniter\Debug\Exceptions->errorHandler(2, 'filter_var(): Unknown filter with ID 1', 'SYSTEMPATH\\HTTP\\RequestTrait.php', 330)
 2 SYSTEMPATH\HTTP\RequestTrait.php(330): filter_var('SuperPresensi', 1, 0)
 3 SYSTEMPATH\HTTP\IncomingRequest.php(582): CodeIgniter\HTTP\Request->fetchGlobal('request', 'username', 1, 0)
 4 APPPATH\Controllers\Auth.php(13): CodeIgniter\HTTP\IncomingRequest->getVar('username', true)
 5 SYSTEMPATH\CodeIgniter.php(934): App\Controllers\Auth->login()
 6 SYSTEMPATH\CodeIgniter.php(499): CodeIgniter\CodeIgniter->runController(Object(App\Controllers\Auth))
 7 SYSTEMPATH\CodeIgniter.php(368): CodeIgniter\CodeIgniter->handleRequest(null, Object(Config\Cache), false)
 8 FCPATH\index.php(67): CodeIgniter\CodeIgniter->run()
CRITICAL - 2023-04-10 23:03:54 --> filter_var(): Unknown filter with ID 1
in SYSTEMPATH\HTTP\RequestTrait.php on line 330.
 1 [internal function]: CodeIgniter\Debug\Exceptions->errorHandler(2, 'filter_var(): Unknown filter with ID 1', 'SYSTEMPATH\\HTTP\\RequestTrait.php', 330)
 2 SYSTEMPATH\HTTP\RequestTrait.php(330): filter_var('SuperPresensi', 1, 0)
 3 SYSTEMPATH\HTTP\IncomingRequest.php(582): CodeIgniter\HTTP\Request->fetchGlobal('request', 'username', 1, 0)
 4 APPPATH\Controllers\Auth.php(15): CodeIgniter\HTTP\IncomingRequest->getVar('username', true)
 5 SYSTEMPATH\CodeIgniter.php(934): App\Controllers\Auth->login()
 6 SYSTEMPATH\CodeIgniter.php(499): CodeIgniter\CodeIgniter->runController(Object(App\Controllers\Auth))
 7 SYSTEMPATH\CodeIgniter.php(368): CodeIgniter\CodeIgniter->handleRequest(null, Object(Config\Cache), false)
 8 FCPATH\index.php(67): CodeIgniter\CodeIgniter->run()
CRITICAL - 2023-04-10 23:03:56 --> filter_var(): Unknown filter with ID 1
in SYSTEMPATH\HTTP\RequestTrait.php on line 330.
 1 [internal function]: CodeIgniter\Debug\Exceptions->errorHandler(2, 'filter_var(): Unknown filter with ID 1', 'SYSTEMPATH\\HTTP\\RequestTrait.php', 330)
 2 SYSTEMPATH\HTTP\RequestTrait.php(330): filter_var('SuperPresensi', 1, 0)
 3 SYSTEMPATH\HTTP\IncomingRequest.php(582): CodeIgniter\HTTP\Request->fetchGlobal('request', 'username', 1, 0)
 4 APPPATH\Controllers\Auth.php(15): CodeIgniter\HTTP\IncomingRequest->getVar('username', true)
 5 SYSTEMPATH\CodeIgniter.php(934): App\Controllers\Auth->login()
 6 SYSTEMPATH\CodeIgniter.php(499): CodeIgniter\CodeIgniter->runController(Object(App\Controllers\Auth))
 7 SYSTEMPATH\CodeIgniter.php(368): CodeIgniter\CodeIgniter->handleRequest(null, Object(Config\Cache), false)
 8 FCPATH\index.php(67): CodeIgniter\CodeIgniter->run()
CRITICAL - 2023-04-10 23:03:58 --> filter_var(): Unknown filter with ID 1
in SYSTEMPATH\HTTP\RequestTrait.php on line 330.
 1 [internal function]: CodeIgniter\Debug\Exceptions->errorHandler(2, 'filter_var(): Unknown filter with ID 1', 'SYSTEMPATH\\HTTP\\RequestTrait.php', 330)
 2 SYSTEMPATH\HTTP\RequestTrait.php(330): filter_var('SuperPresensi', 1, 0)
 3 SYSTEMPATH\HTTP\IncomingRequest.php(582): CodeIgniter\HTTP\Request->fetchGlobal('request', 'username', 1, 0)
 4 APPPATH\Controllers\Auth.php(15): CodeIgniter\HTTP\IncomingRequest->getVar('username', true)
 5 SYSTEMPATH\CodeIgniter.php(934): App\Controllers\Auth->login()
 6 SYSTEMPATH\CodeIgniter.php(499): CodeIgniter\CodeIgniter->runController(Object(App\Controllers\Auth))
 7 SYSTEMPATH\CodeIgniter.php(368): CodeIgniter\CodeIgniter->handleRequest(null, Object(Config\Cache), false)
 8 FCPATH\index.php(67): CodeIgniter\CodeIgniter->run()
CRITICAL - 2023-04-10 23:05:21 --> filter_var(): Unknown filter with ID 1
in SYSTEMPATH\HTTP\RequestTrait.php on line 330.
 1 [internal function]: CodeIgniter\Debug\Exceptions->errorHandler(2, 'filter_var(): Unknown filter with ID 1', 'SYSTEMPATH\\HTTP\\RequestTrait.php', 330)
 2 SYSTEMPATH\HTTP\RequestTrait.php(330): filter_var('SuperPresensi', 1, 0)
 3 SYSTEMPATH\HTTP\IncomingRequest.php(582): CodeIgniter\HTTP\Request->fetchGlobal('request', 'username', 1, 0)
 4 APPPATH\Controllers\Auth.php(15): CodeIgniter\HTTP\IncomingRequest->getVar('username', true)
 5 SYSTEMPATH\CodeIgniter.php(934): App\Controllers\Auth->login()
 6 SYSTEMPATH\CodeIgniter.php(499): CodeIgniter\CodeIgniter->runController(Object(App\Controllers\Auth))
 7 SYSTEMPATH\CodeIgniter.php(368): CodeIgniter\CodeIgniter->handleRequest(null, Object(Config\Cache), false)
 8 FCPATH\index.php(67): CodeIgniter\CodeIgniter->run()
CRITICAL - 2023-04-10 23:07:34 --> filter_var(): Unknown filter with ID 1
in SYSTEMPATH\HTTP\RequestTrait.php on line 330.
 1 [internal function]: CodeIgniter\Debug\Exceptions->errorHandler(2, 'filter_var(): Unknown filter with ID 1', 'SYSTEMPATH\\HTTP\\RequestTrait.php', 330)
 2 SYSTEMPATH\HTTP\RequestTrait.php(330): filter_var('SuperPresensi', 1, 0)
 3 SYSTEMPATH\HTTP\IncomingRequest.php(582): CodeIgniter\HTTP\Request->fetchGlobal('request', 'username', 1, 0)
 4 APPPATH\Controllers\Auth.php(15): CodeIgniter\HTTP\IncomingRequest->getVar('username', true)
 5 SYSTEMPATH\CodeIgniter.php(934): App\Controllers\Auth->login()
 6 SYSTEMPATH\CodeIgniter.php(499): CodeIgniter\CodeIgniter->runController(Object(App\Controllers\Auth))
 7 SYSTEMPATH\CodeIgniter.php(368): CodeIgniter\CodeIgniter->handleRequest(null, Object(Config\Cache), false)
 8 FCPATH\index.php(67): CodeIgniter\CodeIgniter->run()
CRITICAL - 2023-04-10 23:09:24 --> filter_var(): Unknown filter with ID 1
in SYSTEMPATH\HTTP\RequestTrait.php on line 330.
 1 [internal function]: CodeIgniter\Debug\Exceptions->errorHandler(2, 'filter_var(): Unknown filter with ID 1', 'SYSTEMPATH\\HTTP\\RequestTrait.php', 330)
 2 SYSTEMPATH\HTTP\RequestTrait.php(330): filter_var('SuperPresensi', 1, 0)
 3 SYSTEMPATH\HTTP\IncomingRequest.php(582): CodeIgniter\HTTP\Request->fetchGlobal('request', 'username', 1, 0)
 4 APPPATH\Controllers\Auth.php(14): CodeIgniter\HTTP\IncomingRequest->getVar('username', true)
 5 SYSTEMPATH\CodeIgniter.php(934): App\Controllers\Auth->login()
 6 SYSTEMPATH\CodeIgniter.php(499): CodeIgniter\CodeIgniter->runController(Object(App\Controllers\Auth))
 7 SYSTEMPATH\CodeIgniter.php(368): CodeIgniter\CodeIgniter->handleRequest(null, Object(Config\Cache), false)
 8 FCPATH\index.php(67): CodeIgniter\CodeIgniter->run()
CRITICAL - 2023-04-10 23:09:34 --> filter_var(): Unknown filter with ID 1
in SYSTEMPATH\HTTP\RequestTrait.php on line 330.
 1 [internal function]: CodeIgniter\Debug\Exceptions->errorHandler(2, 'filter_var(): Unknown filter with ID 1', 'SYSTEMPATH\\HTTP\\RequestTrait.php', 330)
 2 SYSTEMPATH\HTTP\RequestTrait.php(330): filter_var('SuperPresensi', 1, 0)
 3 SYSTEMPATH\HTTP\IncomingRequest.php(582): CodeIgniter\HTTP\Request->fetchGlobal('request', 'username', 1, 0)
 4 APPPATH\Controllers\Auth.php(14): CodeIgniter\HTTP\IncomingRequest->getVar('username', true)
 5 SYSTEMPATH\CodeIgniter.php(934): App\Controllers\Auth->login()
 6 SYSTEMPATH\CodeIgniter.php(499): CodeIgniter\CodeIgniter->runController(Object(App\Controllers\Auth))
 7 SYSTEMPATH\CodeIgniter.php(368): CodeIgniter\CodeIgniter->handleRequest(null, Object(Config\Cache), false)
 8 FCPATH\index.php(67): CodeIgniter\CodeIgniter->run()
CRITICAL - 2023-04-10 23:10:54 --> filter_var(): Unknown filter with ID 1
in SYSTEMPATH\HTTP\RequestTrait.php on line 330.
 1 [internal function]: CodeIgniter\Debug\Exceptions->errorHandler(2, 'filter_var(): Unknown filter with ID 1', 'SYSTEMPATH\\HTTP\\RequestTrait.php', 330)
 2 SYSTEMPATH\HTTP\RequestTrait.php(330): filter_var('SuperPresensi', 1, 0)
 3 SYSTEMPATH\HTTP\IncomingRequest.php(582): CodeIgniter\HTTP\Request->fetchGlobal('request', 'username', 1, 0)
 4 APPPATH\Controllers\Auth.php(14): CodeIgniter\HTTP\IncomingRequest->getVar('username', true)
 5 SYSTEMPATH\CodeIgniter.php(934): App\Controllers\Auth->login()
 6 SYSTEMPATH\CodeIgniter.php(499): CodeIgniter\CodeIgniter->runController(Object(App\Controllers\Auth))
 7 SYSTEMPATH\CodeIgniter.php(368): CodeIgniter\CodeIgniter->handleRequest(null, Object(Config\Cache), false)
 8 FCPATH\index.php(67): CodeIgniter\CodeIgniter->run()
CRITICAL - 2023-04-10 23:11:19 --> filter_var(): Unknown filter with ID 1
in SYSTEMPATH\HTTP\RequestTrait.php on line 330.
 1 [internal function]: CodeIgniter\Debug\Exceptions->errorHandler(2, 'filter_var(): Unknown filter with ID 1', 'SYSTEMPATH\\HTTP\\RequestTrait.php', 330)
 2 SYSTEMPATH\HTTP\RequestTrait.php(330): filter_var('SuperPresensi', 1, 0)
 3 SYSTEMPATH\HTTP\IncomingRequest.php(582): CodeIgniter\HTTP\Request->fetchGlobal('request', 'username', 1, 0)
 4 APPPATH\Controllers\Auth.php(14): CodeIgniter\HTTP\IncomingRequest->getVar('username', true)
 5 SYSTEMPATH\CodeIgniter.php(934): App\Controllers\Auth->login()
 6 SYSTEMPATH\CodeIgniter.php(499): CodeIgniter\CodeIgniter->runController(Object(App\Controllers\Auth))
 7 SYSTEMPATH\CodeIgniter.php(368): CodeIgniter\CodeIgniter->handleRequest(null, Object(Config\Cache), false)
 8 FCPATH\index.php(67): CodeIgniter\CodeIgniter->run()
INFO - 2023-04-10 23:22:35 --> Session: Class initialized using 'CodeIgniter\Session\Handlers\FileHandler' driver.
CRITICAL - 2023-04-10 23:22:35 --> Call to undefined method CodeIgniter\Session\Session::set_userdata()
in APPPATH\Controllers\Auth.php on line 20.
 1 SYSTEMPATH\CodeIgniter.php(934): App\Controllers\Auth->login()
 2 SYSTEMPATH\CodeIgniter.php(499): CodeIgniter\CodeIgniter->runController(Object(App\Controllers\Auth))
 3 SYSTEMPATH\CodeIgniter.php(368): CodeIgniter\CodeIgniter->handleRequest(null, Object(Config\Cache), false)
 4 FCPATH\index.php(67): CodeIgniter\CodeIgniter->run()
INFO - 2023-04-10 23:24:10 --> Session: Class initialized using 'CodeIgniter\Session\Handlers\FileHandler' driver.
CRITICAL - 2023-04-10 23:24:10 --> The route for "admin/dashboard" cannot be found.
in SYSTEMPATH\HTTP\RedirectResponse.php on line 60.
 1 SYSTEMPATH\HTTP\RedirectResponse.php(60): CodeIgniter\HTTP\Exceptions\HTTPException::forInvalidRedirectRoute('admin/dashboard')
 2 SYSTEMPATH\Common.php(869): CodeIgniter\HTTP\RedirectResponse->route(false)
 3 APPPATH\Controllers\Auth.php(28): redirect('admin/dashboard')
 4 SYSTEMPATH\CodeIgniter.php(934): App\Controllers\Auth->login()
 5 SYSTEMPATH\CodeIgniter.php(499): CodeIgniter\CodeIgniter->runController(Object(App\Controllers\Auth))
 6 SYSTEMPATH\CodeIgniter.php(368): CodeIgniter\CodeIgniter->handleRequest(null, Object(Config\Cache), false)
 7 FCPATH\index.php(67): CodeIgniter\CodeIgniter->run()
