CRITICAL - 2023-03-09 12:12:05 --> syntax error, unexpected token "echo", expecting ";"
in APPPATH\Controllers\Qrscan.php on line 17.
 1 SYSTEMPATH\Autoloader\Autoloader.php(289): CodeIgniter\Autoloader\Autoloader->includeFile('APPPATH\\Controllers\\Qrscan.php')
 2 SYSTEMPATH\Autoloader\Autoloader.php(267): CodeIgniter\Autoloader\Autoloader->loadInNamespace('App\\Controllers\\Qrscan')
 3 [internal function]: CodeIgniter\Autoloader\Autoloader->loadClass('App\\Controllers\\Qrscan')
 4 SYSTEMPATH\CodeIgniter.php(892): class_exists('\\App\\Controllers\\Qrscan', true)
 5 SYSTEMPATH\CodeIgniter.php(486): CodeIgniter\CodeIgniter->startController()
 6 SYSTEMPATH\CodeIgniter.php(368): CodeIgniter\CodeIgniter->handleRequest(null, Object(Config\Cache), false)
 7 FCPATH\index.php(67): CodeIgniter\CodeIgniter->run()
CRITICAL - 2023-03-09 12:12:06 --> syntax error, unexpected token "echo", expecting ";"
in APPPATH\Controllers\Qrscan.php on line 17.
 1 SYSTEMPATH\Autoloader\Autoloader.php(289): CodeIgniter\Autoloader\Autoloader->includeFile('APPPATH\\Controllers\\Qrscan.php')
 2 SYSTEMPATH\Autoloader\Autoloader.php(267): CodeIgniter\Autoloader\Autoloader->loadInNamespace('App\\Controllers\\Qrscan')
 3 [internal function]: CodeIgniter\Autoloader\Autoloader->loadClass('App\\Controllers\\Qrscan')
 4 SYSTEMPATH\CodeIgniter.php(892): class_exists('\\App\\Controllers\\Qrscan', true)
 5 SYSTEMPATH\CodeIgniter.php(486): CodeIgniter\CodeIgniter->startController()
 6 SYSTEMPATH\CodeIgniter.php(368): CodeIgniter\CodeIgniter->handleRequest(null, Object(Config\Cache), false)
 7 FCPATH\index.php(67): CodeIgniter\CodeIgniter->run()
CRITICAL - 2023-03-09 12:12:07 --> syntax error, unexpected token "echo", expecting ";"
in APPPATH\Controllers\Qrscan.php on line 17.
 1 SYSTEMPATH\Autoloader\Autoloader.php(289): CodeIgniter\Autoloader\Autoloader->includeFile('APPPATH\\Controllers\\Qrscan.php')
 2 SYSTEMPATH\Autoloader\Autoloader.php(267): CodeIgniter\Autoloader\Autoloader->loadInNamespace('App\\Controllers\\Qrscan')
 3 [internal function]: CodeIgniter\Autoloader\Autoloader->loadClass('App\\Controllers\\Qrscan')
 4 SYSTEMPATH\CodeIgniter.php(892): class_exists('\\App\\Controllers\\Qrscan', true)
 5 SYSTEMPATH\CodeIgniter.php(486): CodeIgniter\CodeIgniter->startController()
 6 SYSTEMPATH\CodeIgniter.php(368): CodeIgniter\CodeIgniter->handleRequest(null, Object(Config\Cache), false)
 7 FCPATH\index.php(67): CodeIgniter\CodeIgniter->run()
CRITICAL - 2023-03-09 12:13:23 --> syntax error, unexpected token "echo", expecting ";"
in APPPATH\Controllers\Qrscan.php on line 17.
 1 SYSTEMPATH\Autoloader\Autoloader.php(289): CodeIgniter\Autoloader\Autoloader->includeFile('APPPATH\\Controllers\\Qrscan.php')
 2 SYSTEMPATH\Autoloader\Autoloader.php(267): CodeIgniter\Autoloader\Autoloader->loadInNamespace('App\\Controllers\\Qrscan')
 3 [internal function]: CodeIgniter\Autoloader\Autoloader->loadClass('App\\Controllers\\Qrscan')
 4 SYSTEMPATH\CodeIgniter.php(892): class_exists('\\App\\Controllers\\Qrscan', true)
 5 SYSTEMPATH\CodeIgniter.php(486): CodeIgniter\CodeIgniter->startController()
 6 SYSTEMPATH\CodeIgniter.php(368): CodeIgniter\CodeIgniter->handleRequest(null, Object(Config\Cache), false)
 7 FCPATH\index.php(67): CodeIgniter\CodeIgniter->run()
CRITICAL - 2023-03-09 12:13:23 --> syntax error, unexpected token "echo", expecting ";"
in APPPATH\Controllers\Qrscan.php on line 17.
 1 SYSTEMPATH\Autoloader\Autoloader.php(289): CodeIgniter\Autoloader\Autoloader->includeFile('APPPATH\\Controllers\\Qrscan.php')
 2 SYSTEMPATH\Autoloader\Autoloader.php(267): CodeIgniter\Autoloader\Autoloader->loadInNamespace('App\\Controllers\\Qrscan')
 3 [internal function]: CodeIgniter\Autoloader\Autoloader->loadClass('App\\Controllers\\Qrscan')
 4 SYSTEMPATH\CodeIgniter.php(892): class_exists('\\App\\Controllers\\Qrscan', true)
 5 SYSTEMPATH\CodeIgniter.php(486): CodeIgniter\CodeIgniter->startController()
 6 SYSTEMPATH\CodeIgniter.php(368): CodeIgniter\CodeIgniter->handleRequest(null, Object(Config\Cache), false)
 7 FCPATH\index.php(67): CodeIgniter\CodeIgniter->run()
CRITICAL - 2023-03-09 12:13:24 --> syntax error, unexpected token "echo", expecting ";"
in APPPATH\Controllers\Qrscan.php on line 17.
 1 SYSTEMPATH\Autoloader\Autoloader.php(289): CodeIgniter\Autoloader\Autoloader->includeFile('APPPATH\\Controllers\\Qrscan.php')
 2 SYSTEMPATH\Autoloader\Autoloader.php(267): CodeIgniter\Autoloader\Autoloader->loadInNamespace('App\\Controllers\\Qrscan')
 3 [internal function]: CodeIgniter\Autoloader\Autoloader->loadClass('App\\Controllers\\Qrscan')
 4 SYSTEMPATH\CodeIgniter.php(892): class_exists('\\App\\Controllers\\Qrscan', true)
 5 SYSTEMPATH\CodeIgniter.php(486): CodeIgniter\CodeIgniter->startController()
 6 SYSTEMPATH\CodeIgniter.php(368): CodeIgniter\CodeIgniter->handleRequest(null, Object(Config\Cache), false)
 7 FCPATH\index.php(67): CodeIgniter\CodeIgniter->run()
CRITICAL - 2023-03-09 12:13:24 --> syntax error, unexpected token "echo", expecting ";"
in APPPATH\Controllers\Qrscan.php on line 17.
 1 SYSTEMPATH\Autoloader\Autoloader.php(289): CodeIgniter\Autoloader\Autoloader->includeFile('APPPATH\\Controllers\\Qrscan.php')
 2 SYSTEMPATH\Autoloader\Autoloader.php(267): CodeIgniter\Autoloader\Autoloader->loadInNamespace('App\\Controllers\\Qrscan')
 3 [internal function]: CodeIgniter\Autoloader\Autoloader->loadClass('App\\Controllers\\Qrscan')
 4 SYSTEMPATH\CodeIgniter.php(892): class_exists('\\App\\Controllers\\Qrscan', true)
 5 SYSTEMPATH\CodeIgniter.php(486): CodeIgniter\CodeIgniter->startController()
 6 SYSTEMPATH\CodeIgniter.php(368): CodeIgniter\CodeIgniter->handleRequest(null, Object(Config\Cache), false)
 7 FCPATH\index.php(67): CodeIgniter\CodeIgniter->run()
CRITICAL - 2023-03-09 12:13:25 --> syntax error, unexpected token "echo", expecting ";"
in APPPATH\Controllers\Qrscan.php on line 17.
 1 SYSTEMPATH\Autoloader\Autoloader.php(289): CodeIgniter\Autoloader\Autoloader->includeFile('APPPATH\\Controllers\\Qrscan.php')
 2 SYSTEMPATH\Autoloader\Autoloader.php(267): CodeIgniter\Autoloader\Autoloader->loadInNamespace('App\\Controllers\\Qrscan')
 3 [internal function]: CodeIgniter\Autoloader\Autoloader->loadClass('App\\Controllers\\Qrscan')
 4 SYSTEMPATH\CodeIgniter.php(892): class_exists('\\App\\Controllers\\Qrscan', true)
 5 SYSTEMPATH\CodeIgniter.php(486): CodeIgniter\CodeIgniter->startController()
 6 SYSTEMPATH\CodeIgniter.php(368): CodeIgniter\CodeIgniter->handleRequest(null, Object(Config\Cache), false)
 7 FCPATH\index.php(67): CodeIgniter\CodeIgniter->run()
CRITICAL - 2023-03-09 12:13:26 --> syntax error, unexpected token "echo", expecting ";"
in APPPATH\Controllers\Qrscan.php on line 17.
 1 SYSTEMPATH\Autoloader\Autoloader.php(289): CodeIgniter\Autoloader\Autoloader->includeFile('APPPATH\\Controllers\\Qrscan.php')
 2 SYSTEMPATH\Autoloader\Autoloader.php(267): CodeIgniter\Autoloader\Autoloader->loadInNamespace('App\\Controllers\\Qrscan')
 3 [internal function]: CodeIgniter\Autoloader\Autoloader->loadClass('App\\Controllers\\Qrscan')
 4 SYSTEMPATH\CodeIgniter.php(892): class_exists('\\App\\Controllers\\Qrscan', true)
 5 SYSTEMPATH\CodeIgniter.php(486): CodeIgniter\CodeIgniter->startController()
 6 SYSTEMPATH\CodeIgniter.php(368): CodeIgniter\CodeIgniter->handleRequest(null, Object(Config\Cache), false)
 7 FCPATH\index.php(67): CodeIgniter\CodeIgniter->run()
CRITICAL - 2023-03-09 12:13:26 --> syntax error, unexpected token "echo", expecting ";"
in APPPATH\Controllers\Qrscan.php on line 17.
 1 SYSTEMPATH\Autoloader\Autoloader.php(289): CodeIgniter\Autoloader\Autoloader->includeFile('APPPATH\\Controllers\\Qrscan.php')
 2 SYSTEMPATH\Autoloader\Autoloader.php(267): CodeIgniter\Autoloader\Autoloader->loadInNamespace('App\\Controllers\\Qrscan')
 3 [internal function]: CodeIgniter\Autoloader\Autoloader->loadClass('App\\Controllers\\Qrscan')
 4 SYSTEMPATH\CodeIgniter.php(892): class_exists('\\App\\Controllers\\Qrscan', true)
 5 SYSTEMPATH\CodeIgniter.php(486): CodeIgniter\CodeIgniter->startController()
 6 SYSTEMPATH\CodeIgniter.php(368): CodeIgniter\CodeIgniter->handleRequest(null, Object(Config\Cache), false)
 7 FCPATH\index.php(67): CodeIgniter\CodeIgniter->run()
CRITICAL - 2023-03-09 12:18:25 --> Namespace declaration statement has to be the very first statement or after any declare call in the script
in APPPATH\Controllers\Qrscan.php on line 4.
 1 [internal function]: CodeIgniter\Debug\Exceptions->shutdownHandler()
CRITICAL - 2023-03-09 12:18:26 --> Namespace declaration statement has to be the very first statement or after any declare call in the script
in APPPATH\Controllers\Qrscan.php on line 4.
 1 [internal function]: CodeIgniter\Debug\Exceptions->shutdownHandler()
CRITICAL - 2023-03-09 12:18:27 --> Namespace declaration statement has to be the very first statement or after any declare call in the script
in APPPATH\Controllers\Qrscan.php on line 4.
 1 [internal function]: CodeIgniter\Debug\Exceptions->shutdownHandler()
CRITICAL - 2023-03-09 12:18:28 --> Namespace declaration statement has to be the very first statement or after any declare call in the script
in APPPATH\Controllers\Qrscan.php on line 4.
 1 [internal function]: CodeIgniter\Debug\Exceptions->shutdownHandler()
CRITICAL - 2023-03-09 12:18:29 --> Namespace declaration statement has to be the very first statement or after any declare call in the script
in APPPATH\Controllers\Qrscan.php on line 4.
 1 [internal function]: CodeIgniter\Debug\Exceptions->shutdownHandler()
CRITICAL - 2023-03-09 12:18:30 --> Namespace declaration statement has to be the very first statement or after any declare call in the script
in APPPATH\Controllers\Qrscan.php on line 4.
 1 [internal function]: CodeIgniter\Debug\Exceptions->shutdownHandler()
CRITICAL - 2023-03-09 12:18:31 --> Namespace declaration statement has to be the very first statement or after any declare call in the script
in APPPATH\Controllers\Qrscan.php on line 4.
 1 [internal function]: CodeIgniter\Debug\Exceptions->shutdownHandler()
CRITICAL - 2023-03-09 12:18:32 --> Namespace declaration statement has to be the very first statement or after any declare call in the script
in APPPATH\Controllers\Qrscan.php on line 4.
 1 [internal function]: CodeIgniter\Debug\Exceptions->shutdownHandler()
CRITICAL - 2023-03-09 12:18:33 --> Namespace declaration statement has to be the very first statement or after any declare call in the script
in APPPATH\Controllers\Qrscan.php on line 4.
 1 [internal function]: CodeIgniter\Debug\Exceptions->shutdownHandler()
CRITICAL - 2023-03-09 12:18:34 --> Namespace declaration statement has to be the very first statement or after any declare call in the script
in APPPATH\Controllers\Qrscan.php on line 4.
 1 [internal function]: CodeIgniter\Debug\Exceptions->shutdownHandler()
CRITICAL - 2023-03-09 12:18:35 --> Namespace declaration statement has to be the very first statement or after any declare call in the script
in APPPATH\Controllers\Qrscan.php on line 4.
 1 [internal function]: CodeIgniter\Debug\Exceptions->shutdownHandler()
CRITICAL - 2023-03-09 12:18:36 --> Namespace declaration statement has to be the very first statement or after any declare call in the script
in APPPATH\Controllers\Qrscan.php on line 4.
 1 [internal function]: CodeIgniter\Debug\Exceptions->shutdownHandler()
CRITICAL - 2023-03-09 12:18:37 --> Namespace declaration statement has to be the very first statement or after any declare call in the script
in APPPATH\Controllers\Qrscan.php on line 4.
 1 [internal function]: CodeIgniter\Debug\Exceptions->shutdownHandler()
CRITICAL - 2023-03-09 12:18:38 --> Namespace declaration statement has to be the very first statement or after any declare call in the script
in APPPATH\Controllers\Qrscan.php on line 4.
 1 [internal function]: CodeIgniter\Debug\Exceptions->shutdownHandler()
CRITICAL - 2023-03-09 12:18:39 --> Namespace declaration statement has to be the very first statement or after any declare call in the script
in APPPATH\Controllers\Qrscan.php on line 4.
 1 [internal function]: CodeIgniter\Debug\Exceptions->shutdownHandler()
CRITICAL - 2023-03-09 12:18:40 --> Namespace declaration statement has to be the very first statement or after any declare call in the script
in APPPATH\Controllers\Qrscan.php on line 4.
 1 [internal function]: CodeIgniter\Debug\Exceptions->shutdownHandler()
CRITICAL - 2023-03-09 12:18:41 --> Namespace declaration statement has to be the very first statement or after any declare call in the script
in APPPATH\Controllers\Qrscan.php on line 4.
 1 [internal function]: CodeIgniter\Debug\Exceptions->shutdownHandler()
CRITICAL - 2023-03-09 12:18:42 --> Namespace declaration statement has to be the very first statement or after any declare call in the script
in APPPATH\Controllers\Qrscan.php on line 4.
 1 [internal function]: CodeIgniter\Debug\Exceptions->shutdownHandler()
CRITICAL - 2023-03-09 12:18:43 --> Namespace declaration statement has to be the very first statement or after any declare call in the script
in APPPATH\Controllers\Qrscan.php on line 4.
 1 [internal function]: CodeIgniter\Debug\Exceptions->shutdownHandler()
CRITICAL - 2023-03-09 12:18:44 --> Namespace declaration statement has to be the very first statement or after any declare call in the script
in APPPATH\Controllers\Qrscan.php on line 4.
 1 [internal function]: CodeIgniter\Debug\Exceptions->shutdownHandler()
CRITICAL - 2023-03-09 12:18:45 --> Namespace declaration statement has to be the very first statement or after any declare call in the script
in APPPATH\Controllers\Qrscan.php on line 4.
 1 [internal function]: CodeIgniter\Debug\Exceptions->shutdownHandler()
CRITICAL - 2023-03-09 12:18:46 --> Namespace declaration statement has to be the very first statement or after any declare call in the script
in APPPATH\Controllers\Qrscan.php on line 4.
 1 [internal function]: CodeIgniter\Debug\Exceptions->shutdownHandler()
CRITICAL - 2023-03-09 12:18:47 --> Namespace declaration statement has to be the very first statement or after any declare call in the script
in APPPATH\Controllers\Qrscan.php on line 4.
 1 [internal function]: CodeIgniter\Debug\Exceptions->shutdownHandler()
CRITICAL - 2023-03-09 12:18:48 --> Namespace declaration statement has to be the very first statement or after any declare call in the script
in APPPATH\Controllers\Qrscan.php on line 4.
 1 [internal function]: CodeIgniter\Debug\Exceptions->shutdownHandler()
CRITICAL - 2023-03-09 12:18:49 --> Namespace declaration statement has to be the very first statement or after any declare call in the script
in APPPATH\Controllers\Qrscan.php on line 4.
 1 [internal function]: CodeIgniter\Debug\Exceptions->shutdownHandler()
CRITICAL - 2023-03-09 12:18:50 --> Namespace declaration statement has to be the very first statement or after any declare call in the script
in APPPATH\Controllers\Qrscan.php on line 4.
 1 [internal function]: CodeIgniter\Debug\Exceptions->shutdownHandler()
CRITICAL - 2023-03-09 12:18:51 --> Namespace declaration statement has to be the very first statement or after any declare call in the script
in APPPATH\Controllers\Qrscan.php on line 4.
 1 [internal function]: CodeIgniter\Debug\Exceptions->shutdownHandler()
CRITICAL - 2023-03-09 12:18:52 --> Namespace declaration statement has to be the very first statement or after any declare call in the script
in APPPATH\Controllers\Qrscan.php on line 4.
 1 [internal function]: CodeIgniter\Debug\Exceptions->shutdownHandler()
CRITICAL - 2023-03-09 13:23:27 --> Namespace declaration statement has to be the very first statement or after any declare call in the script
in APPPATH\Controllers\Qrscan.php on line 3.
 1 [internal function]: CodeIgniter\Debug\Exceptions->shutdownHandler()
CRITICAL - 2023-03-09 13:23:28 --> Namespace declaration statement has to be the very first statement or after any declare call in the script
in APPPATH\Controllers\Qrscan.php on line 3.
 1 [internal function]: CodeIgniter\Debug\Exceptions->shutdownHandler()
CRITICAL - 2023-03-09 13:23:29 --> Namespace declaration statement has to be the very first statement or after any declare call in the script
in APPPATH\Controllers\Qrscan.php on line 3.
 1 [internal function]: CodeIgniter\Debug\Exceptions->shutdownHandler()
CRITICAL - 2023-03-09 13:23:30 --> Namespace declaration statement has to be the very first statement or after any declare call in the script
in APPPATH\Controllers\Qrscan.php on line 3.
 1 [internal function]: CodeIgniter\Debug\Exceptions->shutdownHandler()
CRITICAL - 2023-03-09 13:23:31 --> Namespace declaration statement has to be the very first statement or after any declare call in the script
in APPPATH\Controllers\Qrscan.php on line 3.
 1 [internal function]: CodeIgniter\Debug\Exceptions->shutdownHandler()
CRITICAL - 2023-03-09 13:23:32 --> Namespace declaration statement has to be the very first statement or after any declare call in the script
in APPPATH\Controllers\Qrscan.php on line 3.
 1 [internal function]: CodeIgniter\Debug\Exceptions->shutdownHandler()
CRITICAL - 2023-03-09 13:23:33 --> Namespace declaration statement has to be the very first statement or after any declare call in the script
in APPPATH\Controllers\Qrscan.php on line 3.
 1 [internal function]: CodeIgniter\Debug\Exceptions->shutdownHandler()
CRITICAL - 2023-03-09 13:23:34 --> Namespace declaration statement has to be the very first statement or after any declare call in the script
in APPPATH\Controllers\Qrscan.php on line 3.
 1 [internal function]: CodeIgniter\Debug\Exceptions->shutdownHandler()
CRITICAL - 2023-03-09 13:23:35 --> Namespace declaration statement has to be the very first statement or after any declare call in the script
in APPPATH\Controllers\Qrscan.php on line 3.
 1 [internal function]: CodeIgniter\Debug\Exceptions->shutdownHandler()
CRITICAL - 2023-03-09 13:23:36 --> Namespace declaration statement has to be the very first statement or after any declare call in the script
in APPPATH\Controllers\Qrscan.php on line 3.
 1 [internal function]: CodeIgniter\Debug\Exceptions->shutdownHandler()
CRITICAL - 2023-03-09 13:23:37 --> Namespace declaration statement has to be the very first statement or after any declare call in the script
in APPPATH\Controllers\Qrscan.php on line 3.
 1 [internal function]: CodeIgniter\Debug\Exceptions->shutdownHandler()
CRITICAL - 2023-03-09 13:23:38 --> Namespace declaration statement has to be the very first statement or after any declare call in the script
in APPPATH\Controllers\Qrscan.php on line 3.
 1 [internal function]: CodeIgniter\Debug\Exceptions->shutdownHandler()
CRITICAL - 2023-03-09 13:23:39 --> Namespace declaration statement has to be the very first statement or after any declare call in the script
in APPPATH\Controllers\Qrscan.php on line 3.
 1 [internal function]: CodeIgniter\Debug\Exceptions->shutdownHandler()
CRITICAL - 2023-03-09 13:23:40 --> Namespace declaration statement has to be the very first statement or after any declare call in the script
in APPPATH\Controllers\Qrscan.php on line 3.
 1 [internal function]: CodeIgniter\Debug\Exceptions->shutdownHandler()
