WARNING - 2023-01-22 04:06:12 --> [DEPRECATED] Creation of dynamic property App\Controllers\QrScanApi::$tbl_absen_pagi is deprecated in APPPATH\Controllers\QrScanApi.php on line 25.
 1 SYSTEMPATH\CodeIgniter.php(934): App\Controllers\QrScanApi->post_qr()
 2 SYSTEMPATH\CodeIgniter.php(499): CodeIgniter\CodeIgniter->runController(Object(App\Controllers\QrScanApi))
 3 SYSTEMPATH\CodeIgniter.php(368): CodeIgniter\CodeIgniter->handleRequest(null, Object(Config\Cache), false)
 4 FCPATH\index.php(67): CodeIgniter\CodeIgniter->run()
WARNING - 2023-01-22 04:06:25 --> [DEPRECATED] Creation of dynamic property App\Controllers\QrScanApi::$tbl_absen_pagi is deprecated in APPPATH\Controllers\QrScanApi.php on line 25.
 1 SYSTEMPATH\CodeIgniter.php(934): App\Controllers\QrScanApi->post_qr()
 2 SYSTEMPATH\CodeIgniter.php(499): CodeIgniter\CodeIgniter->runController(Object(App\Controllers\QrScanApi))
 3 SYSTEMPATH\CodeIgniter.php(368): CodeIgniter\CodeIgniter->handleRequest(null, Object(Config\Cache), false)
 4 FCPATH\index.php(67): CodeIgniter\CodeIgniter->run()
CRITICAL - 2023-01-22 09:07:49 --> Undefined variable $model
in APPPATH\Controllers\Resource.php on line 17.
 1 APPPATH\Controllers\Resource.php(17): CodeIgniter\Debug\Exceptions->errorHandler(2, 'Undefined variable $model', 'APPPATH\\Controllers\\Resource.php', 17)
 2 SYSTEMPATH\CodeIgniter.php(934): App\Controllers\Resource->jadwal()
 3 SYSTEMPATH\CodeIgniter.php(499): CodeIgniter\CodeIgniter->runController(Object(App\Controllers\Resource))
 4 SYSTEMPATH\CodeIgniter.php(368): CodeIgniter\CodeIgniter->handleRequest(null, Object(Config\Cache), false)
 5 FCPATH\index.php(67): CodeIgniter\CodeIgniter->run()
ERROR - 2023-01-22 12:45:23 --> mysqli_sql_exception: Table 'db_presensi.resources' doesn't exist in C:\xampp_8\htdocs\presensi\system\Database\MySQLi\Connection.php:295
Stack trace:
#0 C:\xampp_8\htdocs\presensi\system\Database\MySQLi\Connection.php(295): mysqli->query('SELECT *\nFROM `...', 0)
#1 C:\xampp_8\htdocs\presensi\system\Database\BaseConnection.php(691): CodeIgniter\Database\MySQLi\Connection->execute('SELECT *\nFROM `...')
#2 C:\xampp_8\htdocs\presensi\system\Database\BaseConnection.php(605): CodeIgniter\Database\BaseConnection->simpleQuery('SELECT *\nFROM `...')
#3 C:\xampp_8\htdocs\presensi\system\Database\BaseBuilder.php(1601): CodeIgniter\Database\BaseConnection->query('SELECT *\nFROM `...', Array, false)
#4 C:\xampp_8\htdocs\presensi\system\Model.php(240): CodeIgniter\Database\BaseBuilder->get()
#5 C:\xampp_8\htdocs\presensi\system\BaseModel.php(618): CodeIgniter\Model->doFindAll(0, 0)
#6 C:\xampp_8\htdocs\presensi\app\Controllers\Resource.php(26): CodeIgniter\BaseModel->findAll()
#7 C:\xampp_8\htdocs\presensi\system\CodeIgniter.php(934): App\Controllers\Resource->banner_promo()
#8 C:\xampp_8\htdocs\presensi\system\CodeIgniter.php(499): CodeIgniter\CodeIgniter->runController(Object(App\Controllers\Resource))
#9 C:\xampp_8\htdocs\presensi\system\CodeIgniter.php(368): CodeIgniter\CodeIgniter->handleRequest(NULL, Object(Config\Cache), false)
#10 C:\xampp_8\htdocs\presensi\index.php(67): CodeIgniter\CodeIgniter->run()
#11 {main}
CRITICAL - 2023-01-22 12:45:24 --> Table 'db_presensi.resources' doesn't exist
in SYSTEMPATH\Database\BaseConnection.php on line 645.
 1 SYSTEMPATH\Database\BaseBuilder.php(1601): CodeIgniter\Database\BaseConnection->query('SELECT *
FROM `resources`', [], false)
 2 SYSTEMPATH\Model.php(240): CodeIgniter\Database\BaseBuilder->get()
 3 SYSTEMPATH\BaseModel.php(618): CodeIgniter\Model->doFindAll(0, 0)
 4 APPPATH\Controllers\Resource.php(26): CodeIgniter\BaseModel->findAll()
 5 SYSTEMPATH\CodeIgniter.php(934): App\Controllers\Resource->banner_promo()
 6 SYSTEMPATH\CodeIgniter.php(499): CodeIgniter\CodeIgniter->runController(Object(App\Controllers\Resource))
 7 SYSTEMPATH\CodeIgniter.php(368): CodeIgniter\CodeIgniter->handleRequest(null, Object(Config\Cache), false)
 8 FCPATH\index.php(67): CodeIgniter\CodeIgniter->run()
