INFO - 2023-04-23 16:17:21 --> Session: Class initialized using 'CodeIgniter\Session\Handlers\FileHandler' driver.
INFO - 2023-04-23 16:17:27 --> Session: Class initialized using 'CodeIgniter\Session\Handlers\FileHandler' driver.
INFO - 2023-04-23 16:17:59 --> Session: Class initialized using 'CodeIgniter\Session\Handlers\FileHandler' driver.
INFO - 2023-04-23 16:18:00 --> Session: Class initialized using 'CodeIgniter\Session\Handlers\FileHandler' driver.
INFO - 2023-04-23 16:18:03 --> Session: Class initialized using 'CodeIgniter\Session\Handlers\FileHandler' driver.
INFO - 2023-04-23 16:18:04 --> Session: Class initialized using 'CodeIgniter\Session\Handlers\FileHandler' driver.
INFO - 2023-04-23 16:18:06 --> Session: Class initialized using 'CodeIgniter\Session\Handlers\FileHandler' driver.
INFO - 2023-04-23 16:20:06 --> Session: Class initialized using 'CodeIgniter\Session\Handlers\FileHandler' driver.
INFO - 2023-04-23 16:20:22 --> Session: Class initialized using 'CodeIgniter\Session\Handlers\FileHandler' driver.
INFO - 2023-04-23 16:20:22 --> Session: Class initialized using 'CodeIgniter\Session\Handlers\FileHandler' driver.
INFO - 2023-04-23 16:20:26 --> Session: Class initialized using 'CodeIgniter\Session\Handlers\FileHandler' driver.
INFO - 2023-04-23 16:20:27 --> Session: Class initialized using 'CodeIgniter\Session\Handlers\FileHandler' driver.
INFO - 2023-04-23 16:20:52 --> Session: Class initialized using 'CodeIgniter\Session\Handlers\FileHandler' driver.
INFO - 2023-04-23 16:20:53 --> Session: Class initialized using 'CodeIgniter\Session\Handlers\FileHandler' driver.
INFO - 2023-04-23 16:21:02 --> Session: Class initialized using 'CodeIgniter\Session\Handlers\FileHandler' driver.
INFO - 2023-04-23 16:21:02 --> Session: Class initialized using 'CodeIgniter\Session\Handlers\FileHandler' driver.
INFO - 2023-04-23 16:21:11 --> Session: Class initialized using 'CodeIgniter\Session\Handlers\FileHandler' driver.
INFO - 2023-04-23 16:22:00 --> Session: Class initialized using 'CodeIgniter\Session\Handlers\FileHandler' driver.
INFO - 2023-04-23 16:22:00 --> Session: Class initialized using 'CodeIgniter\Session\Handlers\FileHandler' driver.
INFO - 2023-04-23 20:11:20 --> Session: Class initialized using 'CodeIgniter\Session\Handlers\FileHandler' driver.
INFO - 2023-04-23 20:11:20 --> Session: Class initialized using 'CodeIgniter\Session\Handlers\FileHandler' driver.
INFO - 2023-04-23 20:11:55 --> Session: Class initialized using 'CodeIgniter\Session\Handlers\FileHandler' driver.
INFO - 2023-04-23 20:11:56 --> Session: Class initialized using 'CodeIgniter\Session\Handlers\FileHandler' driver.
WARNING - 2023-04-23 20:12:17 --> [DEPRECATED] substr(): Passing null to parameter #1 ($string) of type string is deprecated in APPPATH\Controllers\Api\Qrscan.php on line 99.
 1 APPPATH\Controllers\Api\Qrscan.php(99): substr(null, -10)
 2 SYSTEMPATH\CodeIgniter.php(934): App\Controllers\Api\Qrscan->post_qr_out()
 3 SYSTEMPATH\CodeIgniter.php(499): CodeIgniter\CodeIgniter->runController(Object(App\Controllers\Api\Qrscan))
 4 SYSTEMPATH\CodeIgniter.php(368): CodeIgniter\CodeIgniter->handleRequest(null, Object(Config\Cache), false)
 5 FCPATH\index.php(67): CodeIgniter\CodeIgniter->run()
WARNING - 2023-04-23 20:12:17 --> [DEPRECATED] substr(): Passing null to parameter #1 ($string) of type string is deprecated in APPPATH\Controllers\Api\Qrscan.php on line 100.
 1 APPPATH\Controllers\Api\Qrscan.php(100): substr(null, 0, -10)
 2 SYSTEMPATH\CodeIgniter.php(934): App\Controllers\Api\Qrscan->post_qr_out()
 3 SYSTEMPATH\CodeIgniter.php(499): CodeIgniter\CodeIgniter->runController(Object(App\Controllers\Api\Qrscan))
 4 SYSTEMPATH\CodeIgniter.php(368): CodeIgniter\CodeIgniter->handleRequest(null, Object(Config\Cache), false)
 5 FCPATH\index.php(67): CodeIgniter\CodeIgniter->run()
WARNING - 2023-04-23 20:12:28 --> [DEPRECATED] substr(): Passing null to parameter #1 ($string) of type string is deprecated in APPPATH\Controllers\Api\Qrscan.php on line 99.
 1 APPPATH\Controllers\Api\Qrscan.php(99): substr(null, -10)
 2 SYSTEMPATH\CodeIgniter.php(934): App\Controllers\Api\Qrscan->post_qr_out()
 3 SYSTEMPATH\CodeIgniter.php(499): CodeIgniter\CodeIgniter->runController(Object(App\Controllers\Api\Qrscan))
 4 SYSTEMPATH\CodeIgniter.php(368): CodeIgniter\CodeIgniter->handleRequest(null, Object(Config\Cache), false)
 5 FCPATH\index.php(67): CodeIgniter\CodeIgniter->run()
WARNING - 2023-04-23 20:12:28 --> [DEPRECATED] substr(): Passing null to parameter #1 ($string) of type string is deprecated in APPPATH\Controllers\Api\Qrscan.php on line 100.
 1 APPPATH\Controllers\Api\Qrscan.php(100): substr(null, 0, -10)
 2 SYSTEMPATH\CodeIgniter.php(934): App\Controllers\Api\Qrscan->post_qr_out()
 3 SYSTEMPATH\CodeIgniter.php(499): CodeIgniter\CodeIgniter->runController(Object(App\Controllers\Api\Qrscan))
 4 SYSTEMPATH\CodeIgniter.php(368): CodeIgniter\CodeIgniter->handleRequest(null, Object(Config\Cache), false)
 5 FCPATH\index.php(67): CodeIgniter\CodeIgniter->run()
WARNING - 2023-04-23 20:12:34 --> [DEPRECATED] substr(): Passing null to parameter #1 ($string) of type string is deprecated in APPPATH\Controllers\Api\Qrscan.php on line 99.
 1 APPPATH\Controllers\Api\Qrscan.php(99): substr(null, -10)
 2 SYSTEMPATH\CodeIgniter.php(934): App\Controllers\Api\Qrscan->post_qr_out()
 3 SYSTEMPATH\CodeIgniter.php(499): CodeIgniter\CodeIgniter->runController(Object(App\Controllers\Api\Qrscan))
 4 SYSTEMPATH\CodeIgniter.php(368): CodeIgniter\CodeIgniter->handleRequest(null, Object(Config\Cache), false)
 5 FCPATH\index.php(67): CodeIgniter\CodeIgniter->run()
WARNING - 2023-04-23 20:12:34 --> [DEPRECATED] substr(): Passing null to parameter #1 ($string) of type string is deprecated in APPPATH\Controllers\Api\Qrscan.php on line 100.
 1 APPPATH\Controllers\Api\Qrscan.php(100): substr(null, 0, -10)
 2 SYSTEMPATH\CodeIgniter.php(934): App\Controllers\Api\Qrscan->post_qr_out()
 3 SYSTEMPATH\CodeIgniter.php(499): CodeIgniter\CodeIgniter->runController(Object(App\Controllers\Api\Qrscan))
 4 SYSTEMPATH\CodeIgniter.php(368): CodeIgniter\CodeIgniter->handleRequest(null, Object(Config\Cache), false)
 5 FCPATH\index.php(67): CodeIgniter\CodeIgniter->run()
WARNING - 2023-04-23 20:12:56 --> [DEPRECATED] substr(): Passing null to parameter #1 ($string) of type string is deprecated in APPPATH\Controllers\Api\Qrscan.php on line 99.
 1 APPPATH\Controllers\Api\Qrscan.php(99): substr(null, -10)
 2 SYSTEMPATH\CodeIgniter.php(934): App\Controllers\Api\Qrscan->post_qr_out()
 3 SYSTEMPATH\CodeIgniter.php(499): CodeIgniter\CodeIgniter->runController(Object(App\Controllers\Api\Qrscan))
 4 SYSTEMPATH\CodeIgniter.php(368): CodeIgniter\CodeIgniter->handleRequest(null, Object(Config\Cache), false)
 5 FCPATH\index.php(67): CodeIgniter\CodeIgniter->run()
WARNING - 2023-04-23 20:12:56 --> [DEPRECATED] substr(): Passing null to parameter #1 ($string) of type string is deprecated in APPPATH\Controllers\Api\Qrscan.php on line 100.
 1 APPPATH\Controllers\Api\Qrscan.php(100): substr(null, 0, -10)
 2 SYSTEMPATH\CodeIgniter.php(934): App\Controllers\Api\Qrscan->post_qr_out()
 3 SYSTEMPATH\CodeIgniter.php(499): CodeIgniter\CodeIgniter->runController(Object(App\Controllers\Api\Qrscan))
 4 SYSTEMPATH\CodeIgniter.php(368): CodeIgniter\CodeIgniter->handleRequest(null, Object(Config\Cache), false)
 5 FCPATH\index.php(67): CodeIgniter\CodeIgniter->run()
WARNING - 2023-04-23 20:16:35 --> [DEPRECATED] substr(): Passing null to parameter #1 ($string) of type string is deprecated in APPPATH\Controllers\Api\Qrscan.php on line 99.
 1 APPPATH\Controllers\Api\Qrscan.php(99): substr(null, -10)
 2 SYSTEMPATH\CodeIgniter.php(934): App\Controllers\Api\Qrscan->post_qr_out()
 3 SYSTEMPATH\CodeIgniter.php(499): CodeIgniter\CodeIgniter->runController(Object(App\Controllers\Api\Qrscan))
 4 SYSTEMPATH\CodeIgniter.php(368): CodeIgniter\CodeIgniter->handleRequest(null, Object(Config\Cache), false)
 5 FCPATH\index.php(67): CodeIgniter\CodeIgniter->run()
WARNING - 2023-04-23 20:16:35 --> [DEPRECATED] substr(): Passing null to parameter #1 ($string) of type string is deprecated in APPPATH\Controllers\Api\Qrscan.php on line 100.
 1 APPPATH\Controllers\Api\Qrscan.php(100): substr(null, 0, -10)
 2 SYSTEMPATH\CodeIgniter.php(934): App\Controllers\Api\Qrscan->post_qr_out()
 3 SYSTEMPATH\CodeIgniter.php(499): CodeIgniter\CodeIgniter->runController(Object(App\Controllers\Api\Qrscan))
 4 SYSTEMPATH\CodeIgniter.php(368): CodeIgniter\CodeIgniter->handleRequest(null, Object(Config\Cache), false)
 5 FCPATH\index.php(67): CodeIgniter\CodeIgniter->run()
CRITICAL - 2023-04-23 20:23:00 --> Call to undefined function App\Controllers\Api\format_indo()
in APPPATH\Controllers\Api\Qrscan.php on line 114.
 1 SYSTEMPATH\CodeIgniter.php(934): App\Controllers\Api\Qrscan->post_qr_out()
 2 SYSTEMPATH\CodeIgniter.php(499): CodeIgniter\CodeIgniter->runController(Object(App\Controllers\Api\Qrscan))
 3 SYSTEMPATH\CodeIgniter.php(368): CodeIgniter\CodeIgniter->handleRequest(null, Object(Config\Cache), false)
 4 FCPATH\index.php(67): CodeIgniter\CodeIgniter->run()
CRITICAL - 2023-04-23 20:23:14 --> Call to undefined function App\Controllers\Api\format_indo()
in APPPATH\Controllers\Api\Qrscan.php on line 114.
 1 SYSTEMPATH\CodeIgniter.php(934): App\Controllers\Api\Qrscan->post_qr_out()
 2 SYSTEMPATH\CodeIgniter.php(499): CodeIgniter\CodeIgniter->runController(Object(App\Controllers\Api\Qrscan))
 3 SYSTEMPATH\CodeIgniter.php(368): CodeIgniter\CodeIgniter->handleRequest(null, Object(Config\Cache), false)
 4 FCPATH\index.php(67): CodeIgniter\CodeIgniter->run()
INFO - 2023-04-23 20:24:59 --> Session: Class initialized using 'CodeIgniter\Session\Handlers\FileHandler' driver.
CRITICAL - 2023-04-23 20:24:59 --> Call to undefined function format_indo()
in APPPATH\Views\qr_scan.php on line 34.
 1 SYSTEMPATH\View\View.php(213): include()
 2 SYSTEMPATH\View\View.php(216): CodeIgniter\View\View->CodeIgniter\View\{closure}()
 3 SYSTEMPATH\Common.php(1177): CodeIgniter\View\View->render('qr_scan', [], true)
 4 APPPATH\Controllers\Qr_code_scan.php(17): view('qr_scan', [...])
 5 SYSTEMPATH\CodeIgniter.php(934): App\Controllers\Qr_code_scan->index()
 6 SYSTEMPATH\CodeIgniter.php(499): CodeIgniter\CodeIgniter->runController(Object(App\Controllers\Qr_code_scan))
 7 SYSTEMPATH\CodeIgniter.php(368): CodeIgniter\CodeIgniter->handleRequest(null, Object(Config\Cache), false)
 8 FCPATH\index.php(67): CodeIgniter\CodeIgniter->run()
INFO - 2023-04-23 20:26:42 --> Session: Class initialized using 'CodeIgniter\Session\Handlers\FileHandler' driver.
INFO - 2023-04-23 20:27:13 --> Session: Class initialized using 'CodeIgniter\Session\Handlers\FileHandler' driver.
CRITICAL - 2023-04-23 20:27:13 --> Call to undefined function App\Controllers\format_indo()
in APPPATH\Controllers\Qr_code_scan.php on line 16.
 1 SYSTEMPATH\CodeIgniter.php(934): App\Controllers\Qr_code_scan->index()
 2 SYSTEMPATH\CodeIgniter.php(499): CodeIgniter\CodeIgniter->runController(Object(App\Controllers\Qr_code_scan))
 3 SYSTEMPATH\CodeIgniter.php(368): CodeIgniter\CodeIgniter->handleRequest(null, Object(Config\Cache), false)
 4 FCPATH\index.php(67): CodeIgniter\CodeIgniter->run()
INFO - 2023-04-23 20:28:33 --> Session: Class initialized using 'CodeIgniter\Session\Handlers\FileHandler' driver.
CRITICAL - 2023-04-23 20:28:33 --> Call to undefined function App\Controllers\format_indo()
in APPPATH\Controllers\Qr_code_scan.php on line 17.
 1 SYSTEMPATH\CodeIgniter.php(934): App\Controllers\Qr_code_scan->index()
 2 SYSTEMPATH\CodeIgniter.php(499): CodeIgniter\CodeIgniter->runController(Object(App\Controllers\Qr_code_scan))
 3 SYSTEMPATH\CodeIgniter.php(368): CodeIgniter\CodeIgniter->handleRequest(null, Object(Config\Cache), false)
 4 FCPATH\index.php(67): CodeIgniter\CodeIgniter->run()
INFO - 2023-04-23 20:28:35 --> Session: Class initialized using 'CodeIgniter\Session\Handlers\FileHandler' driver.
CRITICAL - 2023-04-23 20:28:35 --> Call to undefined function App\Controllers\format_indo()
in APPPATH\Controllers\Qr_code_scan.php on line 17.
 1 SYSTEMPATH\CodeIgniter.php(934): App\Controllers\Qr_code_scan->index()
 2 SYSTEMPATH\CodeIgniter.php(499): CodeIgniter\CodeIgniter->runController(Object(App\Controllers\Qr_code_scan))
 3 SYSTEMPATH\CodeIgniter.php(368): CodeIgniter\CodeIgniter->handleRequest(null, Object(Config\Cache), false)
 4 FCPATH\index.php(67): CodeIgniter\CodeIgniter->run()
INFO - 2023-04-23 20:28:39 --> Session: Class initialized using 'CodeIgniter\Session\Handlers\FileHandler' driver.
CRITICAL - 2023-04-23 20:28:39 --> Call to undefined function App\Controllers\format_indo()
in APPPATH\Controllers\Qr_code_scan.php on line 17.
 1 SYSTEMPATH\CodeIgniter.php(934): App\Controllers\Qr_code_scan->index()
 2 SYSTEMPATH\CodeIgniter.php(499): CodeIgniter\CodeIgniter->runController(Object(App\Controllers\Qr_code_scan))
 3 SYSTEMPATH\CodeIgniter.php(368): CodeIgniter\CodeIgniter->handleRequest(null, Object(Config\Cache), false)
 4 FCPATH\index.php(67): CodeIgniter\CodeIgniter->run()
INFO - 2023-04-23 20:28:40 --> Session: Class initialized using 'CodeIgniter\Session\Handlers\FileHandler' driver.
CRITICAL - 2023-04-23 20:28:40 --> Call to undefined function App\Controllers\format_indo()
in APPPATH\Controllers\Qr_code_scan.php on line 17.
 1 SYSTEMPATH\CodeIgniter.php(934): App\Controllers\Qr_code_scan->index()
 2 SYSTEMPATH\CodeIgniter.php(499): CodeIgniter\CodeIgniter->runController(Object(App\Controllers\Qr_code_scan))
 3 SYSTEMPATH\CodeIgniter.php(368): CodeIgniter\CodeIgniter->handleRequest(null, Object(Config\Cache), false)
 4 FCPATH\index.php(67): CodeIgniter\CodeIgniter->run()
INFO - 2023-04-23 20:29:38 --> Session: Class initialized using 'CodeIgniter\Session\Handlers\FileHandler' driver.
CRITICAL - 2023-04-23 20:29:38 --> Call to undefined function App\Controllers\format_indo()
in APPPATH\Controllers\Qr_code_scan.php on line 17.
 1 SYSTEMPATH\CodeIgniter.php(934): App\Controllers\Qr_code_scan->index()
 2 SYSTEMPATH\CodeIgniter.php(499): CodeIgniter\CodeIgniter->runController(Object(App\Controllers\Qr_code_scan))
 3 SYSTEMPATH\CodeIgniter.php(368): CodeIgniter\CodeIgniter->handleRequest(null, Object(Config\Cache), false)
 4 FCPATH\index.php(67): CodeIgniter\CodeIgniter->run()
INFO - 2023-04-23 20:32:22 --> Session: Class initialized using 'CodeIgniter\Session\Handlers\FileHandler' driver.
INFO - 2023-04-23 20:32:47 --> Session: Class initialized using 'CodeIgniter\Session\Handlers\FileHandler' driver.
CRITICAL - 2023-04-23 20:32:47 --> Undefined array key -1
in APPPATH\Helpers\tanggal_indo_helper.php on line 18.
 1 APPPATH\Helpers\tanggal_indo_helper.php(18): CodeIgniter\Debug\Exceptions->errorHandler(2, 'Undefined array key -1', 'APPPATH\\Helpers\\tanggal_indo_helper.php', 18)
 2 APPPATH\Controllers\Qr_code_scan.php(17): format_indo(2005)
 3 SYSTEMPATH\CodeIgniter.php(934): App\Controllers\Qr_code_scan->index()
 4 SYSTEMPATH\CodeIgniter.php(499): CodeIgniter\CodeIgniter->runController(Object(App\Controllers\Qr_code_scan))
 5 SYSTEMPATH\CodeIgniter.php(368): CodeIgniter\CodeIgniter->handleRequest(null, Object(Config\Cache), false)
 6 FCPATH\index.php(67): CodeIgniter\CodeIgniter->run()
INFO - 2023-04-23 20:33:17 --> Session: Class initialized using 'CodeIgniter\Session\Handlers\FileHandler' driver.
CRITICAL - 2023-04-23 20:33:17 --> Undefined array key -1
in APPPATH\Helpers\tanggal_indo_helper.php on line 18.
 1 APPPATH\Helpers\tanggal_indo_helper.php(18): CodeIgniter\Debug\Exceptions->errorHandler(2, 'Undefined array key -1', 'APPPATH\\Helpers\\tanggal_indo_helper.php', 18)
 2 APPPATH\Controllers\Qr_code_scan.php(17): format_indo(2012)
 3 SYSTEMPATH\CodeIgniter.php(934): App\Controllers\Qr_code_scan->index()
 4 SYSTEMPATH\CodeIgniter.php(499): CodeIgniter\CodeIgniter->runController(Object(App\Controllers\Qr_code_scan))
 5 SYSTEMPATH\CodeIgniter.php(368): CodeIgniter\CodeIgniter->handleRequest(null, Object(Config\Cache), false)
 6 FCPATH\index.php(67): CodeIgniter\CodeIgniter->run()
INFO - 2023-04-23 20:33:19 --> Session: Class initialized using 'CodeIgniter\Session\Handlers\FileHandler' driver.
CRITICAL - 2023-04-23 20:33:20 --> Undefined array key -1
in APPPATH\Helpers\tanggal_indo_helper.php on line 18.
 1 APPPATH\Helpers\tanggal_indo_helper.php(18): CodeIgniter\Debug\Exceptions->errorHandler(2, 'Undefined array key -1', 'APPPATH\\Helpers\\tanggal_indo_helper.php', 18)
 2 APPPATH\Controllers\Qr_code_scan.php(17): format_indo(2012)
 3 SYSTEMPATH\CodeIgniter.php(934): App\Controllers\Qr_code_scan->index()
 4 SYSTEMPATH\CodeIgniter.php(499): CodeIgniter\CodeIgniter->runController(Object(App\Controllers\Qr_code_scan))
 5 SYSTEMPATH\CodeIgniter.php(368): CodeIgniter\CodeIgniter->handleRequest(null, Object(Config\Cache), false)
 6 FCPATH\index.php(67): CodeIgniter\CodeIgniter->run()
INFO - 2023-04-23 20:33:21 --> Session: Class initialized using 'CodeIgniter\Session\Handlers\FileHandler' driver.
CRITICAL - 2023-04-23 20:33:21 --> Undefined array key -1
in APPPATH\Helpers\tanggal_indo_helper.php on line 18.
 1 APPPATH\Helpers\tanggal_indo_helper.php(18): CodeIgniter\Debug\Exceptions->errorHandler(2, 'Undefined array key -1', 'APPPATH\\Helpers\\tanggal_indo_helper.php', 18)
 2 APPPATH\Controllers\Qr_code_scan.php(17): format_indo(2012)
 3 SYSTEMPATH\CodeIgniter.php(934): App\Controllers\Qr_code_scan->index()
 4 SYSTEMPATH\CodeIgniter.php(499): CodeIgniter\CodeIgniter->runController(Object(App\Controllers\Qr_code_scan))
 5 SYSTEMPATH\CodeIgniter.php(368): CodeIgniter\CodeIgniter->handleRequest(null, Object(Config\Cache), false)
 6 FCPATH\index.php(67): CodeIgniter\CodeIgniter->run()
INFO - 2023-04-23 20:33:42 --> Session: Class initialized using 'CodeIgniter\Session\Handlers\FileHandler' driver.
CRITICAL - 2023-04-23 20:33:42 --> Undefined array key -1
in APPPATH\Helpers\tanggal_indo_helper.php on line 18.
 1 APPPATH\Helpers\tanggal_indo_helper.php(18): CodeIgniter\Debug\Exceptions->errorHandler(2, 'Undefined array key -1', 'APPPATH\\Helpers\\tanggal_indo_helper.php', 18)
 2 APPPATH\Controllers\Qr_code_scan.php(17): format_indo('2023-04-23')
 3 SYSTEMPATH\CodeIgniter.php(934): App\Controllers\Qr_code_scan->index()
 4 SYSTEMPATH\CodeIgniter.php(499): CodeIgniter\CodeIgniter->runController(Object(App\Controllers\Qr_code_scan))
 5 SYSTEMPATH\CodeIgniter.php(368): CodeIgniter\CodeIgniter->handleRequest(null, Object(Config\Cache), false)
 6 FCPATH\index.php(67): CodeIgniter\CodeIgniter->run()
INFO - 2023-04-23 20:33:44 --> Session: Class initialized using 'CodeIgniter\Session\Handlers\FileHandler' driver.
CRITICAL - 2023-04-23 20:33:44 --> Undefined array key -1
in APPPATH\Helpers\tanggal_indo_helper.php on line 18.
 1 APPPATH\Helpers\tanggal_indo_helper.php(18): CodeIgniter\Debug\Exceptions->errorHandler(2, 'Undefined array key -1', 'APPPATH\\Helpers\\tanggal_indo_helper.php', 18)
 2 APPPATH\Controllers\Qr_code_scan.php(17): format_indo('2023-04-23')
 3 SYSTEMPATH\CodeIgniter.php(934): App\Controllers\Qr_code_scan->index()
 4 SYSTEMPATH\CodeIgniter.php(499): CodeIgniter\CodeIgniter->runController(Object(App\Controllers\Qr_code_scan))
 5 SYSTEMPATH\CodeIgniter.php(368): CodeIgniter\CodeIgniter->handleRequest(null, Object(Config\Cache), false)
 6 FCPATH\index.php(67): CodeIgniter\CodeIgniter->run()
INFO - 2023-04-23 20:33:44 --> Session: Class initialized using 'CodeIgniter\Session\Handlers\FileHandler' driver.
CRITICAL - 2023-04-23 20:33:44 --> Undefined array key -1
in APPPATH\Helpers\tanggal_indo_helper.php on line 18.
 1 APPPATH\Helpers\tanggal_indo_helper.php(18): CodeIgniter\Debug\Exceptions->errorHandler(2, 'Undefined array key -1', 'APPPATH\\Helpers\\tanggal_indo_helper.php', 18)
 2 APPPATH\Controllers\Qr_code_scan.php(17): format_indo('2023-04-23')
 3 SYSTEMPATH\CodeIgniter.php(934): App\Controllers\Qr_code_scan->index()
 4 SYSTEMPATH\CodeIgniter.php(499): CodeIgniter\CodeIgniter->runController(Object(App\Controllers\Qr_code_scan))
 5 SYSTEMPATH\CodeIgniter.php(368): CodeIgniter\CodeIgniter->handleRequest(null, Object(Config\Cache), false)
 6 FCPATH\index.php(67): CodeIgniter\CodeIgniter->run()
INFO - 2023-04-23 20:33:44 --> Session: Class initialized using 'CodeIgniter\Session\Handlers\FileHandler' driver.
CRITICAL - 2023-04-23 20:33:45 --> Undefined array key -1
in APPPATH\Helpers\tanggal_indo_helper.php on line 18.
 1 APPPATH\Helpers\tanggal_indo_helper.php(18): CodeIgniter\Debug\Exceptions->errorHandler(2, 'Undefined array key -1', 'APPPATH\\Helpers\\tanggal_indo_helper.php', 18)
 2 APPPATH\Controllers\Qr_code_scan.php(17): format_indo('2023-04-23')
 3 SYSTEMPATH\CodeIgniter.php(934): App\Controllers\Qr_code_scan->index()
 4 SYSTEMPATH\CodeIgniter.php(499): CodeIgniter\CodeIgniter->runController(Object(App\Controllers\Qr_code_scan))
 5 SYSTEMPATH\CodeIgniter.php(368): CodeIgniter\CodeIgniter->handleRequest(null, Object(Config\Cache), false)
 6 FCPATH\index.php(67): CodeIgniter\CodeIgniter->run()
INFO - 2023-04-23 20:33:45 --> Session: Class initialized using 'CodeIgniter\Session\Handlers\FileHandler' driver.
CRITICAL - 2023-04-23 20:33:45 --> Undefined array key -1
in APPPATH\Helpers\tanggal_indo_helper.php on line 18.
 1 APPPATH\Helpers\tanggal_indo_helper.php(18): CodeIgniter\Debug\Exceptions->errorHandler(2, 'Undefined array key -1', 'APPPATH\\Helpers\\tanggal_indo_helper.php', 18)
 2 APPPATH\Controllers\Qr_code_scan.php(17): format_indo('2023-04-23')
 3 SYSTEMPATH\CodeIgniter.php(934): App\Controllers\Qr_code_scan->index()
 4 SYSTEMPATH\CodeIgniter.php(499): CodeIgniter\CodeIgniter->runController(Object(App\Controllers\Qr_code_scan))
 5 SYSTEMPATH\CodeIgniter.php(368): CodeIgniter\CodeIgniter->handleRequest(null, Object(Config\Cache), false)
 6 FCPATH\index.php(67): CodeIgniter\CodeIgniter->run()
INFO - 2023-04-23 20:33:46 --> Session: Class initialized using 'CodeIgniter\Session\Handlers\FileHandler' driver.
CRITICAL - 2023-04-23 20:33:46 --> Undefined array key -1
in APPPATH\Helpers\tanggal_indo_helper.php on line 18.
 1 APPPATH\Helpers\tanggal_indo_helper.php(18): CodeIgniter\Debug\Exceptions->errorHandler(2, 'Undefined array key -1', 'APPPATH\\Helpers\\tanggal_indo_helper.php', 18)
 2 APPPATH\Controllers\Qr_code_scan.php(17): format_indo('2023-04-23')
 3 SYSTEMPATH\CodeIgniter.php(934): App\Controllers\Qr_code_scan->index()
 4 SYSTEMPATH\CodeIgniter.php(499): CodeIgniter\CodeIgniter->runController(Object(App\Controllers\Qr_code_scan))
 5 SYSTEMPATH\CodeIgniter.php(368): CodeIgniter\CodeIgniter->handleRequest(null, Object(Config\Cache), false)
 6 FCPATH\index.php(67): CodeIgniter\CodeIgniter->run()
INFO - 2023-04-23 20:33:46 --> Session: Class initialized using 'CodeIgniter\Session\Handlers\FileHandler' driver.
CRITICAL - 2023-04-23 20:33:46 --> Undefined array key -1
in APPPATH\Helpers\tanggal_indo_helper.php on line 18.
 1 APPPATH\Helpers\tanggal_indo_helper.php(18): CodeIgniter\Debug\Exceptions->errorHandler(2, 'Undefined array key -1', 'APPPATH\\Helpers\\tanggal_indo_helper.php', 18)
 2 APPPATH\Controllers\Qr_code_scan.php(17): format_indo('2023-04-23')
 3 SYSTEMPATH\CodeIgniter.php(934): App\Controllers\Qr_code_scan->index()
 4 SYSTEMPATH\CodeIgniter.php(499): CodeIgniter\CodeIgniter->runController(Object(App\Controllers\Qr_code_scan))
 5 SYSTEMPATH\CodeIgniter.php(368): CodeIgniter\CodeIgniter->handleRequest(null, Object(Config\Cache), false)
 6 FCPATH\index.php(67): CodeIgniter\CodeIgniter->run()
INFO - 2023-04-23 20:33:47 --> Session: Class initialized using 'CodeIgniter\Session\Handlers\FileHandler' driver.
CRITICAL - 2023-04-23 20:33:47 --> Undefined array key -1
in APPPATH\Helpers\tanggal_indo_helper.php on line 18.
 1 APPPATH\Helpers\tanggal_indo_helper.php(18): CodeIgniter\Debug\Exceptions->errorHandler(2, 'Undefined array key -1', 'APPPATH\\Helpers\\tanggal_indo_helper.php', 18)
 2 APPPATH\Controllers\Qr_code_scan.php(17): format_indo('2023-04-23')
 3 SYSTEMPATH\CodeIgniter.php(934): App\Controllers\Qr_code_scan->index()
 4 SYSTEMPATH\CodeIgniter.php(499): CodeIgniter\CodeIgniter->runController(Object(App\Controllers\Qr_code_scan))
 5 SYSTEMPATH\CodeIgniter.php(368): CodeIgniter\CodeIgniter->handleRequest(null, Object(Config\Cache), false)
 6 FCPATH\index.php(67): CodeIgniter\CodeIgniter->run()
INFO - 2023-04-23 20:35:41 --> Session: Class initialized using 'CodeIgniter\Session\Handlers\FileHandler' driver.
CRITICAL - 2023-04-23 20:35:41 --> Undefined array key -1
in APPPATH\Helpers\tanggal_indo_helper.php on line 18.
 1 APPPATH\Helpers\tanggal_indo_helper.php(18): CodeIgniter\Debug\Exceptions->errorHandler(2, 'Undefined array key -1', 'APPPATH\\Helpers\\tanggal_indo_helper.php', 18)
 2 APPPATH\Controllers\Qr_code_scan.php(17): format_indo('2023-04-23')
 3 SYSTEMPATH\CodeIgniter.php(934): App\Controllers\Qr_code_scan->index()
 4 SYSTEMPATH\CodeIgniter.php(499): CodeIgniter\CodeIgniter->runController(Object(App\Controllers\Qr_code_scan))
 5 SYSTEMPATH\CodeIgniter.php(368): CodeIgniter\CodeIgniter->handleRequest(null, Object(Config\Cache), false)
 6 FCPATH\index.php(67): CodeIgniter\CodeIgniter->run()
INFO - 2023-04-23 20:35:43 --> Session: Class initialized using 'CodeIgniter\Session\Handlers\FileHandler' driver.
CRITICAL - 2023-04-23 20:35:43 --> Undefined array key -1
in APPPATH\Helpers\tanggal_indo_helper.php on line 18.
 1 APPPATH\Helpers\tanggal_indo_helper.php(18): CodeIgniter\Debug\Exceptions->errorHandler(2, 'Undefined array key -1', 'APPPATH\\Helpers\\tanggal_indo_helper.php', 18)
 2 APPPATH\Controllers\Qr_code_scan.php(17): format_indo('2023-04-23')
 3 SYSTEMPATH\CodeIgniter.php(934): App\Controllers\Qr_code_scan->index()
 4 SYSTEMPATH\CodeIgniter.php(499): CodeIgniter\CodeIgniter->runController(Object(App\Controllers\Qr_code_scan))
 5 SYSTEMPATH\CodeIgniter.php(368): CodeIgniter\CodeIgniter->handleRequest(null, Object(Config\Cache), false)
 6 FCPATH\index.php(67): CodeIgniter\CodeIgniter->run()
INFO - 2023-04-23 20:35:56 --> Session: Class initialized using 'CodeIgniter\Session\Handlers\FileHandler' driver.
CRITICAL - 2023-04-23 20:35:56 --> Undefined array key -1
in APPPATH\Helpers\tanggal_indo_helper.php on line 18.
 1 APPPATH\Helpers\tanggal_indo_helper.php(18): CodeIgniter\Debug\Exceptions->errorHandler(2, 'Undefined array key -1', 'APPPATH\\Helpers\\tanggal_indo_helper.php', 18)
 2 APPPATH\Controllers\Qr_code_scan.php(17): format_indo('2023-04-23')
 3 SYSTEMPATH\CodeIgniter.php(934): App\Controllers\Qr_code_scan->index()
 4 SYSTEMPATH\CodeIgniter.php(499): CodeIgniter\CodeIgniter->runController(Object(App\Controllers\Qr_code_scan))
 5 SYSTEMPATH\CodeIgniter.php(368): CodeIgniter\CodeIgniter->handleRequest(null, Object(Config\Cache), false)
 6 FCPATH\index.php(67): CodeIgniter\CodeIgniter->run()
INFO - 2023-04-23 20:37:02 --> Session: Class initialized using 'CodeIgniter\Session\Handlers\FileHandler' driver.
INFO - 2023-04-23 20:37:05 --> Session: Class initialized using 'CodeIgniter\Session\Handlers\FileHandler' driver.
INFO - 2023-04-23 20:37:34 --> Session: Class initialized using 'CodeIgniter\Session\Handlers\FileHandler' driver.
INFO - 2023-04-23 20:38:39 --> Session: Class initialized using 'CodeIgniter\Session\Handlers\FileHandler' driver.
CRITICAL - 2023-04-23 20:42:38 --> syntax error, unexpected identifier "helper", expecting "function" or "const"
in APPPATH\Controllers\Api\Qrscan.php on line 12.
 1 SYSTEMPATH\Autoloader\Autoloader.php(289): CodeIgniter\Autoloader\Autoloader->includeFile('APPPATH\\Controllers\\Api\\Qrscan.php')
 2 SYSTEMPATH\Autoloader\Autoloader.php(267): CodeIgniter\Autoloader\Autoloader->loadInNamespace('App\\Controllers\\Api\\Qrscan')
 3 [internal function]: CodeIgniter\Autoloader\Autoloader->loadClass('App\\Controllers\\Api\\Qrscan')
 4 SYSTEMPATH\CodeIgniter.php(892): class_exists('\\App\\Controllers\\Api\\Qrscan', true)
 5 SYSTEMPATH\CodeIgniter.php(486): CodeIgniter\CodeIgniter->startController()
 6 SYSTEMPATH\CodeIgniter.php(368): CodeIgniter\CodeIgniter->handleRequest(null, Object(Config\Cache), false)
 7 FCPATH\index.php(67): CodeIgniter\CodeIgniter->run()
CRITICAL - 2023-04-23 20:42:40 --> syntax error, unexpected identifier "helper", expecting "function" or "const"
in APPPATH\Controllers\Api\Qrscan.php on line 12.
 1 SYSTEMPATH\Autoloader\Autoloader.php(289): CodeIgniter\Autoloader\Autoloader->includeFile('APPPATH\\Controllers\\Api\\Qrscan.php')
 2 SYSTEMPATH\Autoloader\Autoloader.php(267): CodeIgniter\Autoloader\Autoloader->loadInNamespace('App\\Controllers\\Api\\Qrscan')
 3 [internal function]: CodeIgniter\Autoloader\Autoloader->loadClass('App\\Controllers\\Api\\Qrscan')
 4 SYSTEMPATH\CodeIgniter.php(892): class_exists('\\App\\Controllers\\Api\\Qrscan', true)
 5 SYSTEMPATH\CodeIgniter.php(486): CodeIgniter\CodeIgniter->startController()
 6 SYSTEMPATH\CodeIgniter.php(368): CodeIgniter\CodeIgniter->handleRequest(null, Object(Config\Cache), false)
 7 FCPATH\index.php(67): CodeIgniter\CodeIgniter->run()
CRITICAL - 2023-04-23 20:42:42 --> syntax error, unexpected identifier "helper", expecting "function" or "const"
in APPPATH\Controllers\Api\Qrscan.php on line 12.
 1 SYSTEMPATH\Autoloader\Autoloader.php(289): CodeIgniter\Autoloader\Autoloader->includeFile('APPPATH\\Controllers\\Api\\Qrscan.php')
 2 SYSTEMPATH\Autoloader\Autoloader.php(267): CodeIgniter\Autoloader\Autoloader->loadInNamespace('App\\Controllers\\Api\\Qrscan')
 3 [internal function]: CodeIgniter\Autoloader\Autoloader->loadClass('App\\Controllers\\Api\\Qrscan')
 4 SYSTEMPATH\CodeIgniter.php(892): class_exists('\\App\\Controllers\\Api\\Qrscan', true)
 5 SYSTEMPATH\CodeIgniter.php(486): CodeIgniter\CodeIgniter->startController()
 6 SYSTEMPATH\CodeIgniter.php(368): CodeIgniter\CodeIgniter->handleRequest(null, Object(Config\Cache), false)
 7 FCPATH\index.php(67): CodeIgniter\CodeIgniter->run()
