WARNING - 2023-03-04 01:30:40 --> [DEPRECATED] substr(): Passing null to parameter #1 ($string) of type string is deprecated in APPPATH\Controllers\QrScanApi.php on line 29.
 1 APPPATH\Controllers\QrScanApi.php(29): substr(null, -10)
 2 SYSTEMPATH\CodeIgniter.php(934): App\Controllers\QrScanApi->post_qr()
 3 SYSTEMPATH\CodeIgniter.php(499): CodeIgniter\CodeIgniter->runController(Object(App\Controllers\QrScanApi))
 4 SYSTEMPATH\CodeIgniter.php(368): CodeIgniter\CodeIgniter->handleRequest(null, Object(Config\Cache), false)
 5 FCPATH\index.php(67): CodeIgniter\CodeIgniter->run()
WARNING - 2023-03-04 01:30:40 --> [DEPRECATED] substr(): Passing null to parameter #1 ($string) of type string is deprecated in APPPATH\Controllers\QrScanApi.php on line 30.
 1 APPPATH\Controllers\QrScanApi.php(30): substr(null, 0, -10)
 2 SYSTEMPATH\CodeIgniter.php(934): App\Controllers\QrScanApi->post_qr()
 3 SYSTEMPATH\CodeIgniter.php(499): CodeIgniter\CodeIgniter->runController(Object(App\Controllers\QrScanApi))
 4 SYSTEMPATH\CodeIgniter.php(368): CodeIgniter\CodeIgniter->handleRequest(null, Object(Config\Cache), false)
 5 FCPATH\index.php(67): CodeIgniter\CodeIgniter->run()
CRITICAL - 2023-03-04 01:32:45 --> Call to a member function add() on null
in APPPATH\Controllers\QrScanApi.php on line 56.
 1 SYSTEMPATH\CodeIgniter.php(934): App\Controllers\QrScanApi->post_qr()
 2 SYSTEMPATH\CodeIgniter.php(499): CodeIgniter\CodeIgniter->runController(Object(App\Controllers\QrScanApi))
 3 SYSTEMPATH\CodeIgniter.php(368): CodeIgniter\CodeIgniter->handleRequest(null, Object(Config\Cache), false)
 4 FCPATH\index.php(67): CodeIgniter\CodeIgniter->run()
ERROR - 2023-03-04 01:33:12 --> mysqli_sql_exception: Unknown column 'keterangan' in 'field list' in C:\xampp_8.2\htdocs\presensi\system\Database\MySQLi\Connection.php:295
Stack trace:
#0 C:\xampp_8.2\htdocs\presensi\system\Database\MySQLi\Connection.php(295): mysqli->query('INSERT INTO `tb...', 0)
#1 C:\xampp_8.2\htdocs\presensi\system\Database\BaseConnection.php(691): CodeIgniter\Database\MySQLi\Connection->execute('INSERT INTO `tb...')
#2 C:\xampp_8.2\htdocs\presensi\system\Database\BaseConnection.php(605): CodeIgniter\Database\BaseConnection->simpleQuery('INSERT INTO `tb...')
#3 C:\xampp_8.2\htdocs\presensi\system\Database\BaseBuilder.php(2294): CodeIgniter\Database\BaseConnection->query('INSERT INTO `tb...', Array, false)
#4 C:\xampp_8.2\htdocs\presensi\app\Models\InModel.php(18): CodeIgniter\Database\BaseBuilder->insert(Array)
#5 C:\xampp_8.2\htdocs\presensi\app\Controllers\QrScanApi.php(56): App\Models\InModel->add(Array)
#6 C:\xampp_8.2\htdocs\presensi\system\CodeIgniter.php(934): App\Controllers\QrScanApi->post_qr()
#7 C:\xampp_8.2\htdocs\presensi\system\CodeIgniter.php(499): CodeIgniter\CodeIgniter->runController(Object(App\Controllers\QrScanApi))
#8 C:\xampp_8.2\htdocs\presensi\system\CodeIgniter.php(368): CodeIgniter\CodeIgniter->handleRequest(NULL, Object(Config\Cache), false)
#9 C:\xampp_8.2\htdocs\presensi\index.php(67): CodeIgniter\CodeIgniter->run()
#10 {main}
CRITICAL - 2023-03-04 01:33:12 --> Unknown column 'keterangan' in 'field list'
in SYSTEMPATH\Database\BaseConnection.php on line 645.
 1 SYSTEMPATH\Database\BaseBuilder.php(2294): CodeIgniter\Database\BaseConnection->query('INSERT INTO `tbl_in` (`tgl`, `jam`, `keterangan`) VALUES (:tgl:, :jam:, :keterangan:)', [...], false)
 2 APPPATH\Models\InModel.php(18): CodeIgniter\Database\BaseBuilder->insert([...])
 3 APPPATH\Controllers\QrScanApi.php(56): App\Models\InModel->add([...])
 4 SYSTEMPATH\CodeIgniter.php(934): App\Controllers\QrScanApi->post_qr()
 5 SYSTEMPATH\CodeIgniter.php(499): CodeIgniter\CodeIgniter->runController(Object(App\Controllers\QrScanApi))
 6 SYSTEMPATH\CodeIgniter.php(368): CodeIgniter\CodeIgniter->handleRequest(null, Object(Config\Cache), false)
 7 FCPATH\index.php(67): CodeIgniter\CodeIgniter->run()
ERROR - 2023-03-04 01:33:58 --> mysqli_sql_exception: Unknown column 'keterangan' in 'field list' in C:\xampp_8.2\htdocs\presensi\system\Database\MySQLi\Connection.php:295
Stack trace:
#0 C:\xampp_8.2\htdocs\presensi\system\Database\MySQLi\Connection.php(295): mysqli->query('INSERT INTO `tb...', 0)
#1 C:\xampp_8.2\htdocs\presensi\system\Database\BaseConnection.php(691): CodeIgniter\Database\MySQLi\Connection->execute('INSERT INTO `tb...')
#2 C:\xampp_8.2\htdocs\presensi\system\Database\BaseConnection.php(605): CodeIgniter\Database\BaseConnection->simpleQuery('INSERT INTO `tb...')
#3 C:\xampp_8.2\htdocs\presensi\system\Database\BaseBuilder.php(2294): CodeIgniter\Database\BaseConnection->query('INSERT INTO `tb...', Array, false)
#4 C:\xampp_8.2\htdocs\presensi\app\Models\InModel.php(18): CodeIgniter\Database\BaseBuilder->insert(Array)
#5 C:\xampp_8.2\htdocs\presensi\app\Controllers\QrScanApi.php(56): App\Models\InModel->add(Array)
#6 C:\xampp_8.2\htdocs\presensi\system\CodeIgniter.php(934): App\Controllers\QrScanApi->post_qr()
#7 C:\xampp_8.2\htdocs\presensi\system\CodeIgniter.php(499): CodeIgniter\CodeIgniter->runController(Object(App\Controllers\QrScanApi))
#8 C:\xampp_8.2\htdocs\presensi\system\CodeIgniter.php(368): CodeIgniter\CodeIgniter->handleRequest(NULL, Object(Config\Cache), false)
#9 C:\xampp_8.2\htdocs\presensi\index.php(67): CodeIgniter\CodeIgniter->run()
#10 {main}
CRITICAL - 2023-03-04 01:33:58 --> Unknown column 'keterangan' in 'field list'
in SYSTEMPATH\Database\BaseConnection.php on line 645.
 1 SYSTEMPATH\Database\BaseBuilder.php(2294): CodeIgniter\Database\BaseConnection->query('INSERT INTO `tbl_in` (`tgl`, `jam`, `keterangan`) VALUES (:tgl:, :jam:, :keterangan:)', [...], false)
 2 APPPATH\Models\InModel.php(18): CodeIgniter\Database\BaseBuilder->insert([...])
 3 APPPATH\Controllers\QrScanApi.php(56): App\Models\InModel->add([...])
 4 SYSTEMPATH\CodeIgniter.php(934): App\Controllers\QrScanApi->post_qr()
 5 SYSTEMPATH\CodeIgniter.php(499): CodeIgniter\CodeIgniter->runController(Object(App\Controllers\QrScanApi))
 6 SYSTEMPATH\CodeIgniter.php(368): CodeIgniter\CodeIgniter->handleRequest(null, Object(Config\Cache), false)
 7 FCPATH\index.php(67): CodeIgniter\CodeIgniter->run()
WARNING - 2023-03-04 01:34:42 --> [DEPRECATED] substr(): Passing null to parameter #1 ($string) of type string is deprecated in APPPATH\Controllers\QrScanApi.php on line 29.
 1 APPPATH\Controllers\QrScanApi.php(29): substr(null, -10)
 2 SYSTEMPATH\CodeIgniter.php(934): App\Controllers\QrScanApi->post_qr()
 3 SYSTEMPATH\CodeIgniter.php(499): CodeIgniter\CodeIgniter->runController(Object(App\Controllers\QrScanApi))
 4 SYSTEMPATH\CodeIgniter.php(368): CodeIgniter\CodeIgniter->handleRequest(null, Object(Config\Cache), false)
 5 FCPATH\index.php(67): CodeIgniter\CodeIgniter->run()
WARNING - 2023-03-04 01:34:42 --> [DEPRECATED] substr(): Passing null to parameter #1 ($string) of type string is deprecated in APPPATH\Controllers\QrScanApi.php on line 30.
 1 APPPATH\Controllers\QrScanApi.php(30): substr(null, 0, -10)
 2 SYSTEMPATH\CodeIgniter.php(934): App\Controllers\QrScanApi->post_qr()
 3 SYSTEMPATH\CodeIgniter.php(499): CodeIgniter\CodeIgniter->runController(Object(App\Controllers\QrScanApi))
 4 SYSTEMPATH\CodeIgniter.php(368): CodeIgniter\CodeIgniter->handleRequest(null, Object(Config\Cache), false)
 5 FCPATH\index.php(67): CodeIgniter\CodeIgniter->run()
ERROR - 2023-03-04 01:54:33 --> mysqli_sql_exception: Unknown column 'tahun' in 'where clause' in C:\xampp_8.2\htdocs\presensi\system\Database\MySQLi\Connection.php:295
Stack trace:
#0 C:\xampp_8.2\htdocs\presensi\system\Database\MySQLi\Connection.php(295): mysqli->query('SELECT *\nFROM `...', 0)
#1 C:\xampp_8.2\htdocs\presensi\system\Database\BaseConnection.php(691): CodeIgniter\Database\MySQLi\Connection->execute('SELECT *\nFROM `...')
#2 C:\xampp_8.2\htdocs\presensi\system\Database\BaseConnection.php(605): CodeIgniter\Database\BaseConnection->simpleQuery('SELECT *\nFROM `...')
#3 C:\xampp_8.2\htdocs\presensi\system\Database\BaseBuilder.php(1601): CodeIgniter\Database\BaseConnection->query('SELECT *\nFROM `...', Array, false)
#4 C:\xampp_8.2\htdocs\presensi\app\Models\UserModel.php(54): CodeIgniter\Database\BaseBuilder->get()
#5 C:\xampp_8.2\htdocs\presensi\app\Controllers\User.php(66): App\Models\UserModel->get_rekap('qwqwqwqw32esaew...', '2023', 1)
#6 C:\xampp_8.2\htdocs\presensi\system\CodeIgniter.php(934): App\Controllers\User->get_rekap()
#7 C:\xampp_8.2\htdocs\presensi\system\CodeIgniter.php(499): CodeIgniter\CodeIgniter->runController(Object(App\Controllers\User))
#8 C:\xampp_8.2\htdocs\presensi\system\CodeIgniter.php(368): CodeIgniter\CodeIgniter->handleRequest(NULL, Object(Config\Cache), false)
#9 C:\xampp_8.2\htdocs\presensi\index.php(67): CodeIgniter\CodeIgniter->run()
#10 {main}
CRITICAL - 2023-03-04 01:54:33 --> Unknown column 'tahun' in 'where clause'
in SYSTEMPATH\Database\BaseConnection.php on line 645.
 1 SYSTEMPATH\Database\BaseBuilder.php(1601): CodeIgniter\Database\BaseConnection->query('SELECT *
FROM `tbl_in`
LEFT JOIN `tbl_ket` ON `tbl_in`.`id_ket` = `tbl_ket`.`id_ket`
WHERE `id_user` = :id_user:
AND `tahun` = :tahun:
AND `bulan` = :bulan:', [...], false)
 2 APPPATH\Models\UserModel.php(54): CodeIgniter\Database\BaseBuilder->get()
 3 APPPATH\Controllers\User.php(66): App\Models\UserModel->get_rekap('qwqwqwqw32esaewesasad', '2023', 1)
 4 SYSTEMPATH\CodeIgniter.php(934): App\Controllers\User->get_rekap()
 5 SYSTEMPATH\CodeIgniter.php(499): CodeIgniter\CodeIgniter->runController(Object(App\Controllers\User))
 6 SYSTEMPATH\CodeIgniter.php(368): CodeIgniter\CodeIgniter->handleRequest(null, Object(Config\Cache), false)
 7 FCPATH\index.php(67): CodeIgniter\CodeIgniter->run()
