CRITICAL - 2023-04-08 21:11:19 --> include(partial/header.php): Failed to open stream: No such file or directory
in APPPATH\Views\layout\template.php on line 201.
 1 APPPATH\Views\layout\template.php(201): CodeIgniter\Debug\Exceptions->errorHandler(2, 'include(partial/header.php): Failed to open stream: No such file or directory', 'APPPATH\\Views\\layout\\template.php', 201)
 2 APPPATH\Views\layout\template.php(201): include()
 3 SYSTEMPATH\View\View.php(213): include('APPPATH\\Views\\layout\\template.php')
 4 SYSTEMPATH\View\View.php(216): CodeIgniter\View\View->CodeIgniter\View\{closure}()
 5 SYSTEMPATH\View\View.php(229): CodeIgniter\View\View->render('layout/template', [], true)
 6 SYSTEMPATH\Common.php(1177): CodeIgniter\View\View->render('qr_scan', [], true)
 7 APPPATH\Controllers\Home.php(9): view('qr_scan')
 8 SYSTEMPATH\CodeIgniter.php(934): App\Controllers\Home->index()
 9 SYSTEMPATH\CodeIgniter.php(499): CodeIgniter\CodeIgniter->runController(Object(App\Controllers\Home))
10 SYSTEMPATH\CodeIgniter.php(368): CodeIgniter\CodeIgniter->handleRequest(null, Object(Config\Cache), false)
11 FCPATH\index.php(67): CodeIgniter\CodeIgniter->run()
CRITICAL - 2023-04-08 21:11:25 --> include(partial/header): Failed to open stream: No such file or directory
in APPPATH\Views\layout\template.php on line 201.
 1 APPPATH\Views\layout\template.php(201): CodeIgniter\Debug\Exceptions->errorHandler(2, 'include(partial/header): Failed to open stream: No such file or directory', 'APPPATH\\Views\\layout\\template.php', 201)
 2 APPPATH\Views\layout\template.php(201): include()
 3 SYSTEMPATH\View\View.php(213): include('APPPATH\\Views\\layout\\template.php')
 4 SYSTEMPATH\View\View.php(216): CodeIgniter\View\View->CodeIgniter\View\{closure}()
 5 SYSTEMPATH\View\View.php(229): CodeIgniter\View\View->render('layout/template', [], true)
 6 SYSTEMPATH\Common.php(1177): CodeIgniter\View\View->render('qr_scan', [], true)
 7 APPPATH\Controllers\Home.php(9): view('qr_scan')
 8 SYSTEMPATH\CodeIgniter.php(934): App\Controllers\Home->index()
 9 SYSTEMPATH\CodeIgniter.php(499): CodeIgniter\CodeIgniter->runController(Object(App\Controllers\Home))
10 SYSTEMPATH\CodeIgniter.php(368): CodeIgniter\CodeIgniter->handleRequest(null, Object(Config\Cache), false)
11 FCPATH\index.php(67): CodeIgniter\CodeIgniter->run()
CRITICAL - 2023-04-08 21:14:03 --> include(partial/header): Failed to open stream: No such file or directory
in APPPATH\Views\layout\template.php on line 201.
 1 APPPATH\Views\layout\template.php(201): CodeIgniter\Debug\Exceptions->errorHandler(2, 'include(partial/header): Failed to open stream: No such file or directory', 'APPPATH\\Views\\layout\\template.php', 201)
 2 APPPATH\Views\layout\template.php(201): include()
 3 SYSTEMPATH\View\View.php(213): include('APPPATH\\Views\\layout\\template.php')
 4 SYSTEMPATH\View\View.php(216): CodeIgniter\View\View->CodeIgniter\View\{closure}()
 5 SYSTEMPATH\View\View.php(229): CodeIgniter\View\View->render('layout/template', [], true)
 6 SYSTEMPATH\Common.php(1177): CodeIgniter\View\View->render('qr_scan', [], true)
 7 APPPATH\Controllers\Home.php(9): view('qr_scan')
 8 SYSTEMPATH\CodeIgniter.php(934): App\Controllers\Home->index()
 9 SYSTEMPATH\CodeIgniter.php(499): CodeIgniter\CodeIgniter->runController(Object(App\Controllers\Home))
10 SYSTEMPATH\CodeIgniter.php(368): CodeIgniter\CodeIgniter->handleRequest(null, Object(Config\Cache), false)
11 FCPATH\index.php(67): CodeIgniter\CodeIgniter->run()
WARNING - 2023-04-08 22:03:19 --> [DEPRECATED] substr(): Passing null to parameter #1 ($string) of type string is deprecated in APPPATH\Controllers\QrScanApi.php on line 102.
 1 APPPATH\Controllers\QrScanApi.php(102): substr(null, -10)
 2 SYSTEMPATH\CodeIgniter.php(934): App\Controllers\QrScanApi->post_qr_out()
 3 SYSTEMPATH\CodeIgniter.php(499): CodeIgniter\CodeIgniter->runController(Object(App\Controllers\QrScanApi))
 4 SYSTEMPATH\CodeIgniter.php(368): CodeIgniter\CodeIgniter->handleRequest(null, Object(Config\Cache), false)
 5 FCPATH\index.php(67): CodeIgniter\CodeIgniter->run()
WARNING - 2023-04-08 22:03:19 --> [DEPRECATED] substr(): Passing null to parameter #1 ($string) of type string is deprecated in APPPATH\Controllers\QrScanApi.php on line 103.
 1 APPPATH\Controllers\QrScanApi.php(103): substr(null, 0, -10)
 2 SYSTEMPATH\CodeIgniter.php(934): App\Controllers\QrScanApi->post_qr_out()
 3 SYSTEMPATH\CodeIgniter.php(499): CodeIgniter\CodeIgniter->runController(Object(App\Controllers\QrScanApi))
 4 SYSTEMPATH\CodeIgniter.php(368): CodeIgniter\CodeIgniter->handleRequest(null, Object(Config\Cache), false)
 5 FCPATH\index.php(67): CodeIgniter\CodeIgniter->run()
WARNING - 2023-04-08 22:07:30 --> [DEPRECATED] substr(): Passing null to parameter #1 ($string) of type string is deprecated in APPPATH\Controllers\QrScanApi.php on line 102.
 1 APPPATH\Controllers\QrScanApi.php(102): substr(null, -10)
 2 SYSTEMPATH\CodeIgniter.php(934): App\Controllers\QrScanApi->post_qr_out()
 3 SYSTEMPATH\CodeIgniter.php(499): CodeIgniter\CodeIgniter->runController(Object(App\Controllers\QrScanApi))
 4 SYSTEMPATH\CodeIgniter.php(368): CodeIgniter\CodeIgniter->handleRequest(null, Object(Config\Cache), false)
 5 FCPATH\index.php(67): CodeIgniter\CodeIgniter->run()
WARNING - 2023-04-08 22:07:30 --> [DEPRECATED] substr(): Passing null to parameter #1 ($string) of type string is deprecated in APPPATH\Controllers\QrScanApi.php on line 103.
 1 APPPATH\Controllers\QrScanApi.php(103): substr(null, 0, -10)
 2 SYSTEMPATH\CodeIgniter.php(934): App\Controllers\QrScanApi->post_qr_out()
 3 SYSTEMPATH\CodeIgniter.php(499): CodeIgniter\CodeIgniter->runController(Object(App\Controllers\QrScanApi))
 4 SYSTEMPATH\CodeIgniter.php(368): CodeIgniter\CodeIgniter->handleRequest(null, Object(Config\Cache), false)
 5 FCPATH\index.php(67): CodeIgniter\CodeIgniter->run()
WARNING - 2023-04-08 22:08:05 --> [DEPRECATED] substr(): Passing null to parameter #1 ($string) of type string is deprecated in APPPATH\Controllers\QrScanApi.php on line 102.
 1 APPPATH\Controllers\QrScanApi.php(102): substr(null, -10)
 2 SYSTEMPATH\CodeIgniter.php(934): App\Controllers\QrScanApi->post_qr_out()
 3 SYSTEMPATH\CodeIgniter.php(499): CodeIgniter\CodeIgniter->runController(Object(App\Controllers\QrScanApi))
 4 SYSTEMPATH\CodeIgniter.php(368): CodeIgniter\CodeIgniter->handleRequest(null, Object(Config\Cache), false)
 5 FCPATH\index.php(67): CodeIgniter\CodeIgniter->run()
WARNING - 2023-04-08 22:08:05 --> [DEPRECATED] substr(): Passing null to parameter #1 ($string) of type string is deprecated in APPPATH\Controllers\QrScanApi.php on line 103.
 1 APPPATH\Controllers\QrScanApi.php(103): substr(null, 0, -10)
 2 SYSTEMPATH\CodeIgniter.php(934): App\Controllers\QrScanApi->post_qr_out()
 3 SYSTEMPATH\CodeIgniter.php(499): CodeIgniter\CodeIgniter->runController(Object(App\Controllers\QrScanApi))
 4 SYSTEMPATH\CodeIgniter.php(368): CodeIgniter\CodeIgniter->handleRequest(null, Object(Config\Cache), false)
 5 FCPATH\index.php(67): CodeIgniter\CodeIgniter->run()
ERROR - 2023-04-08 22:10:37 --> mysqli_sql_exception: Unknown column 'id_absen_out' in 'field list' in C:\xampp_8.2\htdocs\presensi\system\Database\MySQLi\Connection.php:295
Stack trace:
#0 C:\xampp_8.2\htdocs\presensi\system\Database\MySQLi\Connection.php(295): mysqli->query('UPDATE `tbl_abs...', 0)
#1 C:\xampp_8.2\htdocs\presensi\system\Database\BaseConnection.php(691): CodeIgniter\Database\MySQLi\Connection->execute('UPDATE `tbl_abs...')
#2 C:\xampp_8.2\htdocs\presensi\system\Database\BaseConnection.php(605): CodeIgniter\Database\BaseConnection->simpleQuery('UPDATE `tbl_abs...')
#3 C:\xampp_8.2\htdocs\presensi\system\Database\BaseBuilder.php(2461): CodeIgniter\Database\BaseConnection->query('UPDATE `tbl_abs...', Array, false)
#4 C:\xampp_8.2\htdocs\presensi\app\Models\AbsenModel.php(26): CodeIgniter\Database\BaseBuilder->update(Array)
#5 C:\xampp_8.2\htdocs\presensi\app\Controllers\QrScanApi.php(131): App\Models\AbsenModel->update_absen(Array, '2023-04-08')
#6 C:\xampp_8.2\htdocs\presensi\system\CodeIgniter.php(934): App\Controllers\QrScanApi->post_qr_out()
#7 C:\xampp_8.2\htdocs\presensi\system\CodeIgniter.php(499): CodeIgniter\CodeIgniter->runController(Object(App\Controllers\QrScanApi))
#8 C:\xampp_8.2\htdocs\presensi\system\CodeIgniter.php(368): CodeIgniter\CodeIgniter->handleRequest(NULL, Object(Config\Cache), false)
#9 C:\xampp_8.2\htdocs\presensi\index.php(67): CodeIgniter\CodeIgniter->run()
#10 {main}
CRITICAL - 2023-04-08 22:10:37 --> Unknown column 'id_absen_out' in 'field list'
in SYSTEMPATH\Database\BaseConnection.php on line 645.
 1 SYSTEMPATH\Database\BaseBuilder.php(2461): CodeIgniter\Database\BaseConnection->query('UPDATE `tbl_absen` SET `tgl_out` = :tgl_out:, `jam_out` = :jam_out:, `id_absen_out` = :id_absen_out:
WHERE `tgl_in` = :tgl_in:', [...], false)
 2 APPPATH\Models\AbsenModel.php(26): CodeIgniter\Database\BaseBuilder->update([...])
 3 APPPATH\Controllers\QrScanApi.php(131): App\Models\AbsenModel->update_absen([...], '2023-04-08')
 4 SYSTEMPATH\CodeIgniter.php(934): App\Controllers\QrScanApi->post_qr_out()
 5 SYSTEMPATH\CodeIgniter.php(499): CodeIgniter\CodeIgniter->runController(Object(App\Controllers\QrScanApi))
 6 SYSTEMPATH\CodeIgniter.php(368): CodeIgniter\CodeIgniter->handleRequest(null, Object(Config\Cache), false)
 7 FCPATH\index.php(67): CodeIgniter\CodeIgniter->run()
ERROR - 2023-04-08 22:10:59 --> mysqli_sql_exception: Unknown column 'id_absen_out' in 'field list' in C:\xampp_8.2\htdocs\presensi\system\Database\MySQLi\Connection.php:295
Stack trace:
#0 C:\xampp_8.2\htdocs\presensi\system\Database\MySQLi\Connection.php(295): mysqli->query('UPDATE `tbl_abs...', 0)
#1 C:\xampp_8.2\htdocs\presensi\system\Database\BaseConnection.php(691): CodeIgniter\Database\MySQLi\Connection->execute('UPDATE `tbl_abs...')
#2 C:\xampp_8.2\htdocs\presensi\system\Database\BaseConnection.php(605): CodeIgniter\Database\BaseConnection->simpleQuery('UPDATE `tbl_abs...')
#3 C:\xampp_8.2\htdocs\presensi\system\Database\BaseBuilder.php(2461): CodeIgniter\Database\BaseConnection->query('UPDATE `tbl_abs...', Array, false)
#4 C:\xampp_8.2\htdocs\presensi\app\Models\AbsenModel.php(26): CodeIgniter\Database\BaseBuilder->update(Array)
#5 C:\xampp_8.2\htdocs\presensi\app\Controllers\QrScanApi.php(131): App\Models\AbsenModel->update_absen(Array, '2023-04-08')
#6 C:\xampp_8.2\htdocs\presensi\system\CodeIgniter.php(934): App\Controllers\QrScanApi->post_qr_out()
#7 C:\xampp_8.2\htdocs\presensi\system\CodeIgniter.php(499): CodeIgniter\CodeIgniter->runController(Object(App\Controllers\QrScanApi))
#8 C:\xampp_8.2\htdocs\presensi\system\CodeIgniter.php(368): CodeIgniter\CodeIgniter->handleRequest(NULL, Object(Config\Cache), false)
#9 C:\xampp_8.2\htdocs\presensi\index.php(67): CodeIgniter\CodeIgniter->run()
#10 {main}
CRITICAL - 2023-04-08 22:10:59 --> Unknown column 'id_absen_out' in 'field list'
in SYSTEMPATH\Database\BaseConnection.php on line 645.
 1 SYSTEMPATH\Database\BaseBuilder.php(2461): CodeIgniter\Database\BaseConnection->query('UPDATE `tbl_absen` SET `tgl_out` = :tgl_out:, `jam_out` = :jam_out:, `id_absen_out` = :id_absen_out:
WHERE `tgl_in` = :tgl_in:', [...], false)
 2 APPPATH\Models\AbsenModel.php(26): CodeIgniter\Database\BaseBuilder->update([...])
 3 APPPATH\Controllers\QrScanApi.php(131): App\Models\AbsenModel->update_absen([...], '2023-04-08')
 4 SYSTEMPATH\CodeIgniter.php(934): App\Controllers\QrScanApi->post_qr_out()
 5 SYSTEMPATH\CodeIgniter.php(499): CodeIgniter\CodeIgniter->runController(Object(App\Controllers\QrScanApi))
 6 SYSTEMPATH\CodeIgniter.php(368): CodeIgniter\CodeIgniter->handleRequest(null, Object(Config\Cache), false)
 7 FCPATH\index.php(67): CodeIgniter\CodeIgniter->run()
