INFO - 2024-02-26 13:45:37 --> Session: Class initialized using 'CodeIgniter\Session\Handlers\FileHandler' driver.
INFO - 2024-02-26 13:45:44 --> Session: Class initialized using 'CodeIgniter\Session\Handlers\FileHandler' driver.
INFO - 2024-02-26 13:45:44 --> Session: Class initialized using 'CodeIgniter\Session\Handlers\FileHandler' driver.
INFO - 2024-02-26 13:45:47 --> Session: Class initialized using 'CodeIgniter\Session\Handlers\FileHandler' driver.
INFO - 2024-02-26 13:45:48 --> Session: Class initialized using 'CodeIgniter\Session\Handlers\FileHandler' driver.
CRITICAL - 2024-02-26 13:45:59 --> Undefined property: stdClass::$hari_kerja
in APPPATH\Controllers\Skpd\Rekap.php on line 63.
 1 APPPATH\Controllers\Skpd\Rekap.php(63): CodeIgniter\Debug\Exceptions->errorHandler(2, 'Undefined property: stdClass::$hari_kerja', 'APPPATH\\Controllers\\Skpd\\Rekap.php', 63)
 2 APPPATH\Controllers\Skpd\Rekap.php(138): App\Controllers\Skpd\Rekap->get_absen_user('475', '2', '2024')
 3 SYSTEMPATH\CodeIgniter.php(934): App\Controllers\Skpd\Rekap->view_absen_tpp('475', '2', '2024')
 4 SYSTEMPATH\CodeIgniter.php(499): CodeIgniter\CodeIgniter->runController(Object(App\Controllers\Skpd\Rekap))
 5 SYSTEMPATH\CodeIgniter.php(368): CodeIgniter\CodeIgniter->handleRequest(null, Object(Config\Cache), false)
 6 FCPATH\index.php(67): CodeIgniter\CodeIgniter->run()
WARNING - 2024-02-26 13:48:52 --> [DEPRECATED] strtotime(): Passing null to parameter #1 ($datetime) of type string is deprecated in APPPATH\Views\skpd\rekap\rekap_absen_tpp.php on line 103.
 1 APPPATH\Views\skpd\rekap\rekap_absen_tpp.php(103): strtotime(null)
 2 SYSTEMPATH\View\View.php(213): include('APPPATH\\Views\\skpd\\rekap\\rekap_absen_tpp.php')
 3 SYSTEMPATH\View\View.php(216): CodeIgniter\View\View->CodeIgniter\View\{closure}()
 4 SYSTEMPATH\Common.php(1177): CodeIgniter\View\View->render('skpd/rekap/rekap_absen_tpp', [], true)
 5 APPPATH\Controllers\Skpd\Rekap.php(155): view('skpd/rekap/rekap_absen_tpp', [...])
 6 SYSTEMPATH\CodeIgniter.php(934): App\Controllers\Skpd\Rekap->view_absen_tpp('475', '2', '2024')
 7 SYSTEMPATH\CodeIgniter.php(499): CodeIgniter\CodeIgniter->runController(Object(App\Controllers\Skpd\Rekap))
 8 SYSTEMPATH\CodeIgniter.php(368): CodeIgniter\CodeIgniter->handleRequest(null, Object(Config\Cache), false)
 9 FCPATH\index.php(67): CodeIgniter\CodeIgniter->run()
WARNING - 2024-02-26 13:48:52 --> [DEPRECATED] strtotime(): Passing null to parameter #1 ($datetime) of type string is deprecated in APPPATH\Views\skpd\rekap\rekap_absen_tpp.php on line 137.
 1 APPPATH\Views\skpd\rekap\rekap_absen_tpp.php(137): strtotime(null)
 2 SYSTEMPATH\View\View.php(213): include('APPPATH\\Views\\skpd\\rekap\\rekap_absen_tpp.php')
 3 SYSTEMPATH\View\View.php(216): CodeIgniter\View\View->CodeIgniter\View\{closure}()
 4 SYSTEMPATH\Common.php(1177): CodeIgniter\View\View->render('skpd/rekap/rekap_absen_tpp', [], true)
 5 APPPATH\Controllers\Skpd\Rekap.php(155): view('skpd/rekap/rekap_absen_tpp', [...])
 6 SYSTEMPATH\CodeIgniter.php(934): App\Controllers\Skpd\Rekap->view_absen_tpp('475', '2', '2024')
 7 SYSTEMPATH\CodeIgniter.php(499): CodeIgniter\CodeIgniter->runController(Object(App\Controllers\Skpd\Rekap))
 8 SYSTEMPATH\CodeIgniter.php(368): CodeIgniter\CodeIgniter->handleRequest(null, Object(Config\Cache), false)
 9 FCPATH\index.php(67): CodeIgniter\CodeIgniter->run()
WARNING - 2024-02-26 13:48:52 --> [DEPRECATED] strtotime(): Passing null to parameter #1 ($datetime) of type string is deprecated in APPPATH\Views\skpd\rekap\rekap_absen_tpp.php on line 103.
 1 APPPATH\Views\skpd\rekap\rekap_absen_tpp.php(103): strtotime(null)
 2 SYSTEMPATH\View\View.php(213): include('APPPATH\\Views\\skpd\\rekap\\rekap_absen_tpp.php')
 3 SYSTEMPATH\View\View.php(216): CodeIgniter\View\View->CodeIgniter\View\{closure}()
 4 SYSTEMPATH\Common.php(1177): CodeIgniter\View\View->render('skpd/rekap/rekap_absen_tpp', [], true)
 5 APPPATH\Controllers\Skpd\Rekap.php(155): view('skpd/rekap/rekap_absen_tpp', [...])
 6 SYSTEMPATH\CodeIgniter.php(934): App\Controllers\Skpd\Rekap->view_absen_tpp('475', '2', '2024')
 7 SYSTEMPATH\CodeIgniter.php(499): CodeIgniter\CodeIgniter->runController(Object(App\Controllers\Skpd\Rekap))
 8 SYSTEMPATH\CodeIgniter.php(368): CodeIgniter\CodeIgniter->handleRequest(null, Object(Config\Cache), false)
 9 FCPATH\index.php(67): CodeIgniter\CodeIgniter->run()
WARNING - 2024-02-26 13:48:52 --> [DEPRECATED] strtotime(): Passing null to parameter #1 ($datetime) of type string is deprecated in APPPATH\Views\skpd\rekap\rekap_absen_tpp.php on line 137.
 1 APPPATH\Views\skpd\rekap\rekap_absen_tpp.php(137): strtotime(null)
 2 SYSTEMPATH\View\View.php(213): include('APPPATH\\Views\\skpd\\rekap\\rekap_absen_tpp.php')
 3 SYSTEMPATH\View\View.php(216): CodeIgniter\View\View->CodeIgniter\View\{closure}()
 4 SYSTEMPATH\Common.php(1177): CodeIgniter\View\View->render('skpd/rekap/rekap_absen_tpp', [], true)
 5 APPPATH\Controllers\Skpd\Rekap.php(155): view('skpd/rekap/rekap_absen_tpp', [...])
 6 SYSTEMPATH\CodeIgniter.php(934): App\Controllers\Skpd\Rekap->view_absen_tpp('475', '2', '2024')
 7 SYSTEMPATH\CodeIgniter.php(499): CodeIgniter\CodeIgniter->runController(Object(App\Controllers\Skpd\Rekap))
 8 SYSTEMPATH\CodeIgniter.php(368): CodeIgniter\CodeIgniter->handleRequest(null, Object(Config\Cache), false)
 9 FCPATH\index.php(67): CodeIgniter\CodeIgniter->run()
WARNING - 2024-02-26 13:48:52 --> [DEPRECATED] strtotime(): Passing null to parameter #1 ($datetime) of type string is deprecated in APPPATH\Views\skpd\rekap\rekap_absen_tpp.php on line 103.
 1 APPPATH\Views\skpd\rekap\rekap_absen_tpp.php(103): strtotime(null)
 2 SYSTEMPATH\View\View.php(213): include('APPPATH\\Views\\skpd\\rekap\\rekap_absen_tpp.php')
 3 SYSTEMPATH\View\View.php(216): CodeIgniter\View\View->CodeIgniter\View\{closure}()
 4 SYSTEMPATH\Common.php(1177): CodeIgniter\View\View->render('skpd/rekap/rekap_absen_tpp', [], true)
 5 APPPATH\Controllers\Skpd\Rekap.php(155): view('skpd/rekap/rekap_absen_tpp', [...])
 6 SYSTEMPATH\CodeIgniter.php(934): App\Controllers\Skpd\Rekap->view_absen_tpp('475', '2', '2024')
 7 SYSTEMPATH\CodeIgniter.php(499): CodeIgniter\CodeIgniter->runController(Object(App\Controllers\Skpd\Rekap))
 8 SYSTEMPATH\CodeIgniter.php(368): CodeIgniter\CodeIgniter->handleRequest(null, Object(Config\Cache), false)
 9 FCPATH\index.php(67): CodeIgniter\CodeIgniter->run()
WARNING - 2024-02-26 13:48:52 --> [DEPRECATED] strtotime(): Passing null to parameter #1 ($datetime) of type string is deprecated in APPPATH\Views\skpd\rekap\rekap_absen_tpp.php on line 137.
 1 APPPATH\Views\skpd\rekap\rekap_absen_tpp.php(137): strtotime(null)
 2 SYSTEMPATH\View\View.php(213): include('APPPATH\\Views\\skpd\\rekap\\rekap_absen_tpp.php')
 3 SYSTEMPATH\View\View.php(216): CodeIgniter\View\View->CodeIgniter\View\{closure}()
 4 SYSTEMPATH\Common.php(1177): CodeIgniter\View\View->render('skpd/rekap/rekap_absen_tpp', [], true)
 5 APPPATH\Controllers\Skpd\Rekap.php(155): view('skpd/rekap/rekap_absen_tpp', [...])
 6 SYSTEMPATH\CodeIgniter.php(934): App\Controllers\Skpd\Rekap->view_absen_tpp('475', '2', '2024')
 7 SYSTEMPATH\CodeIgniter.php(499): CodeIgniter\CodeIgniter->runController(Object(App\Controllers\Skpd\Rekap))
 8 SYSTEMPATH\CodeIgniter.php(368): CodeIgniter\CodeIgniter->handleRequest(null, Object(Config\Cache), false)
 9 FCPATH\index.php(67): CodeIgniter\CodeIgniter->run()
WARNING - 2024-02-26 13:48:52 --> [DEPRECATED] strtotime(): Passing null to parameter #1 ($datetime) of type string is deprecated in APPPATH\Views\skpd\rekap\rekap_absen_tpp.php on line 103.
 1 APPPATH\Views\skpd\rekap\rekap_absen_tpp.php(103): strtotime(null)
 2 SYSTEMPATH\View\View.php(213): include('APPPATH\\Views\\skpd\\rekap\\rekap_absen_tpp.php')
 3 SYSTEMPATH\View\View.php(216): CodeIgniter\View\View->CodeIgniter\View\{closure}()
 4 SYSTEMPATH\Common.php(1177): CodeIgniter\View\View->render('skpd/rekap/rekap_absen_tpp', [], true)
 5 APPPATH\Controllers\Skpd\Rekap.php(155): view('skpd/rekap/rekap_absen_tpp', [...])
 6 SYSTEMPATH\CodeIgniter.php(934): App\Controllers\Skpd\Rekap->view_absen_tpp('475', '2', '2024')
 7 SYSTEMPATH\CodeIgniter.php(499): CodeIgniter\CodeIgniter->runController(Object(App\Controllers\Skpd\Rekap))
 8 SYSTEMPATH\CodeIgniter.php(368): CodeIgniter\CodeIgniter->handleRequest(null, Object(Config\Cache), false)
 9 FCPATH\index.php(67): CodeIgniter\CodeIgniter->run()
WARNING - 2024-02-26 13:48:52 --> [DEPRECATED] strtotime(): Passing null to parameter #1 ($datetime) of type string is deprecated in APPPATH\Views\skpd\rekap\rekap_absen_tpp.php on line 137.
 1 APPPATH\Views\skpd\rekap\rekap_absen_tpp.php(137): strtotime(null)
 2 SYSTEMPATH\View\View.php(213): include('APPPATH\\Views\\skpd\\rekap\\rekap_absen_tpp.php')
 3 SYSTEMPATH\View\View.php(216): CodeIgniter\View\View->CodeIgniter\View\{closure}()
 4 SYSTEMPATH\Common.php(1177): CodeIgniter\View\View->render('skpd/rekap/rekap_absen_tpp', [], true)
 5 APPPATH\Controllers\Skpd\Rekap.php(155): view('skpd/rekap/rekap_absen_tpp', [...])
 6 SYSTEMPATH\CodeIgniter.php(934): App\Controllers\Skpd\Rekap->view_absen_tpp('475', '2', '2024')
 7 SYSTEMPATH\CodeIgniter.php(499): CodeIgniter\CodeIgniter->runController(Object(App\Controllers\Skpd\Rekap))
 8 SYSTEMPATH\CodeIgniter.php(368): CodeIgniter\CodeIgniter->handleRequest(null, Object(Config\Cache), false)
 9 FCPATH\index.php(67): CodeIgniter\CodeIgniter->run()
WARNING - 2024-02-26 13:48:52 --> [DEPRECATED] strtotime(): Passing null to parameter #1 ($datetime) of type string is deprecated in APPPATH\Views\skpd\rekap\rekap_absen_tpp.php on line 103.
 1 APPPATH\Views\skpd\rekap\rekap_absen_tpp.php(103): strtotime(null)
 2 SYSTEMPATH\View\View.php(213): include('APPPATH\\Views\\skpd\\rekap\\rekap_absen_tpp.php')
 3 SYSTEMPATH\View\View.php(216): CodeIgniter\View\View->CodeIgniter\View\{closure}()
 4 SYSTEMPATH\Common.php(1177): CodeIgniter\View\View->render('skpd/rekap/rekap_absen_tpp', [], true)
 5 APPPATH\Controllers\Skpd\Rekap.php(155): view('skpd/rekap/rekap_absen_tpp', [...])
 6 SYSTEMPATH\CodeIgniter.php(934): App\Controllers\Skpd\Rekap->view_absen_tpp('475', '2', '2024')
 7 SYSTEMPATH\CodeIgniter.php(499): CodeIgniter\CodeIgniter->runController(Object(App\Controllers\Skpd\Rekap))
 8 SYSTEMPATH\CodeIgniter.php(368): CodeIgniter\CodeIgniter->handleRequest(null, Object(Config\Cache), false)
 9 FCPATH\index.php(67): CodeIgniter\CodeIgniter->run()
WARNING - 2024-02-26 13:48:52 --> [DEPRECATED] strtotime(): Passing null to parameter #1 ($datetime) of type string is deprecated in APPPATH\Views\skpd\rekap\rekap_absen_tpp.php on line 137.
 1 APPPATH\Views\skpd\rekap\rekap_absen_tpp.php(137): strtotime(null)
 2 SYSTEMPATH\View\View.php(213): include('APPPATH\\Views\\skpd\\rekap\\rekap_absen_tpp.php')
 3 SYSTEMPATH\View\View.php(216): CodeIgniter\View\View->CodeIgniter\View\{closure}()
 4 SYSTEMPATH\Common.php(1177): CodeIgniter\View\View->render('skpd/rekap/rekap_absen_tpp', [], true)
 5 APPPATH\Controllers\Skpd\Rekap.php(155): view('skpd/rekap/rekap_absen_tpp', [...])
 6 SYSTEMPATH\CodeIgniter.php(934): App\Controllers\Skpd\Rekap->view_absen_tpp('475', '2', '2024')
 7 SYSTEMPATH\CodeIgniter.php(499): CodeIgniter\CodeIgniter->runController(Object(App\Controllers\Skpd\Rekap))
 8 SYSTEMPATH\CodeIgniter.php(368): CodeIgniter\CodeIgniter->handleRequest(null, Object(Config\Cache), false)
 9 FCPATH\index.php(67): CodeIgniter\CodeIgniter->run()
WARNING - 2024-02-26 13:48:52 --> [DEPRECATED] strtotime(): Passing null to parameter #1 ($datetime) of type string is deprecated in APPPATH\Views\skpd\rekap\rekap_absen_tpp.php on line 103.
 1 APPPATH\Views\skpd\rekap\rekap_absen_tpp.php(103): strtotime(null)
 2 SYSTEMPATH\View\View.php(213): include('APPPATH\\Views\\skpd\\rekap\\rekap_absen_tpp.php')
 3 SYSTEMPATH\View\View.php(216): CodeIgniter\View\View->CodeIgniter\View\{closure}()
 4 SYSTEMPATH\Common.php(1177): CodeIgniter\View\View->render('skpd/rekap/rekap_absen_tpp', [], true)
 5 APPPATH\Controllers\Skpd\Rekap.php(155): view('skpd/rekap/rekap_absen_tpp', [...])
 6 SYSTEMPATH\CodeIgniter.php(934): App\Controllers\Skpd\Rekap->view_absen_tpp('475', '2', '2024')
 7 SYSTEMPATH\CodeIgniter.php(499): CodeIgniter\CodeIgniter->runController(Object(App\Controllers\Skpd\Rekap))
 8 SYSTEMPATH\CodeIgniter.php(368): CodeIgniter\CodeIgniter->handleRequest(null, Object(Config\Cache), false)
 9 FCPATH\index.php(67): CodeIgniter\CodeIgniter->run()
WARNING - 2024-02-26 13:48:52 --> [DEPRECATED] strtotime(): Passing null to parameter #1 ($datetime) of type string is deprecated in APPPATH\Views\skpd\rekap\rekap_absen_tpp.php on line 137.
 1 APPPATH\Views\skpd\rekap\rekap_absen_tpp.php(137): strtotime(null)
 2 SYSTEMPATH\View\View.php(213): include('APPPATH\\Views\\skpd\\rekap\\rekap_absen_tpp.php')
 3 SYSTEMPATH\View\View.php(216): CodeIgniter\View\View->CodeIgniter\View\{closure}()
 4 SYSTEMPATH\Common.php(1177): CodeIgniter\View\View->render('skpd/rekap/rekap_absen_tpp', [], true)
 5 APPPATH\Controllers\Skpd\Rekap.php(155): view('skpd/rekap/rekap_absen_tpp', [...])
 6 SYSTEMPATH\CodeIgniter.php(934): App\Controllers\Skpd\Rekap->view_absen_tpp('475', '2', '2024')
 7 SYSTEMPATH\CodeIgniter.php(499): CodeIgniter\CodeIgniter->runController(Object(App\Controllers\Skpd\Rekap))
 8 SYSTEMPATH\CodeIgniter.php(368): CodeIgniter\CodeIgniter->handleRequest(null, Object(Config\Cache), false)
 9 FCPATH\index.php(67): CodeIgniter\CodeIgniter->run()
INFO - 2024-02-26 13:48:52 --> Session: Class initialized using 'CodeIgniter\Session\Handlers\FileHandler' driver.
INFO - 2024-02-26 13:49:13 --> Session: Class initialized using 'CodeIgniter\Session\Handlers\FileHandler' driver.
INFO - 2024-02-26 13:49:52 --> Session: Class initialized using 'CodeIgniter\Session\Handlers\FileHandler' driver.
