CRITICAL - 2023-01-13 06:49:29 --> json_decode(): Argument #1 ($json) must be of type string, stdClass given
in APPPATH\Controllers\User.php on line 17.
 1 APPPATH\Controllers\User.php(17): json_decode(Object(stdClass))
 2 SYSTEMPATH\CodeIgniter.php(934): App\Controllers\User->get_user()
 3 SYSTEMPATH\CodeIgniter.php(499): CodeIgniter\CodeIgniter->runController(Object(App\Controllers\User))
 4 SYSTEMPATH\CodeIgniter.php(368): CodeIgniter\CodeIgniter->handleRequest(null, Object(Config\Cache), false)
 5 FCPATH\index.php(67): CodeIgniter\CodeIgniter->run()
ERROR - 2023-01-13 08:20:57 --> Error connecting to the database: mysqli_sql_exception: No connection could be made because the target machine actively refused it in C:\xampp_8\htdocs\presensi\system\Database\MySQLi\Connection.php:173
Stack trace:
#0 C:\xampp_8\htdocs\presensi\system\Database\MySQLi\Connection.php(173): mysqli->real_connect('localhost', 'root', Object(SensitiveParameterValue), 'db_presensi', 3306, '', 0)
#1 C:\xampp_8\htdocs\presensi\system\Database\BaseConnection.php(391): CodeIgniter\Database\MySQLi\Connection->connect(false)
#2 C:\xampp_8\htdocs\presensi\system\Database\BaseConnection.php(573): CodeIgniter\Database\BaseConnection->initialize()
#3 C:\xampp_8\htdocs\presensi\system\Database\BaseBuilder.php(1601): CodeIgniter\Database\BaseConnection->query('SELECT *\nFROM `...', Array, false)
#4 C:\xampp_8\htdocs\presensi\app\Models\UserModel.php(45): CodeIgniter\Database\BaseBuilder->get()
#5 C:\xampp_8\htdocs\presensi\app\Controllers\User.php(16): App\Models\UserModel->get_user()
#6 C:\xampp_8\htdocs\presensi\system\CodeIgniter.php(934): App\Controllers\User->get_user()
#7 C:\xampp_8\htdocs\presensi\system\CodeIgniter.php(499): CodeIgniter\CodeIgniter->runController(Object(App\Controllers\User))
#8 C:\xampp_8\htdocs\presensi\system\CodeIgniter.php(368): CodeIgniter\CodeIgniter->handleRequest(NULL, Object(Config\Cache), false)
#9 C:\xampp_8\htdocs\presensi\index.php(67): CodeIgniter\CodeIgniter->run()
#10 {main}

Next CodeIgniter\Database\Exceptions\DatabaseException: No connection could be made because the target machine actively refused it in C:\xampp_8\htdocs\presensi\system\Database\MySQLi\Connection.php:218
Stack trace:
#0 C:\xampp_8\htdocs\presensi\system\Database\BaseConnection.php(391): CodeIgniter\Database\MySQLi\Connection->connect(false)
#1 C:\xampp_8\htdocs\presensi\system\Database\BaseConnection.php(573): CodeIgniter\Database\BaseConnection->initialize()
#2 C:\xampp_8\htdocs\presensi\system\Database\BaseBuilder.php(1601): CodeIgniter\Database\BaseConnection->query('SELECT *\nFROM `...', Array, false)
#3 C:\xampp_8\htdocs\presensi\app\Models\UserModel.php(45): CodeIgniter\Database\BaseBuilder->get()
#4 C:\xampp_8\htdocs\presensi\app\Controllers\User.php(16): App\Models\UserModel->get_user()
#5 C:\xampp_8\htdocs\presensi\system\CodeIgniter.php(934): App\Controllers\User->get_user()
#6 C:\xampp_8\htdocs\presensi\system\CodeIgniter.php(499): CodeIgniter\CodeIgniter->runController(Object(App\Controllers\User))
#7 C:\xampp_8\htdocs\presensi\system\CodeIgniter.php(368): CodeIgniter\CodeIgniter->handleRequest(NULL, Object(Config\Cache), false)
#8 C:\xampp_8\htdocs\presensi\index.php(67): CodeIgniter\CodeIgniter->run()
#9 {main}
CRITICAL - 2023-01-13 08:20:57 --> Unable to connect to the database.
Main connection [MySQLi]: No connection could be made because the target machine actively refused it
in SYSTEMPATH\Database\BaseConnection.php on line 427.
 1 SYSTEMPATH\Database\BaseConnection.php(573): CodeIgniter\Database\BaseConnection->initialize()
 2 SYSTEMPATH\Database\BaseBuilder.php(1601): CodeIgniter\Database\BaseConnection->query('SELECT *
FROM `tbl_user`
JOIN `tbl_unit` ON `tbl_user`.`id_unit` = `tbl_unit`.`id_unit`', [], false)
 3 APPPATH\Models\UserModel.php(45): CodeIgniter\Database\BaseBuilder->get()
 4 APPPATH\Controllers\User.php(16): App\Models\UserModel->get_user()
 5 SYSTEMPATH\CodeIgniter.php(934): App\Controllers\User->get_user()
 6 SYSTEMPATH\CodeIgniter.php(499): CodeIgniter\CodeIgniter->runController(Object(App\Controllers\User))
 7 SYSTEMPATH\CodeIgniter.php(368): CodeIgniter\CodeIgniter->handleRequest(null, Object(Config\Cache), false)
 8 FCPATH\index.php(67): CodeIgniter\CodeIgniter->run()
WARNING - 2023-01-13 14:50:09 --> [DEPRECATED] substr(): Passing null to parameter #1 ($string) of type string is deprecated in APPPATH\Controllers\QrScanApi.php on line 25.
 1 APPPATH\Controllers\QrScanApi.php(25): substr(null, -10)
 2 SYSTEMPATH\CodeIgniter.php(934): App\Controllers\QrScanApi->post_qr()
 3 SYSTEMPATH\CodeIgniter.php(499): CodeIgniter\CodeIgniter->runController(Object(App\Controllers\QrScanApi))
 4 SYSTEMPATH\CodeIgniter.php(368): CodeIgniter\CodeIgniter->handleRequest(null, Object(Config\Cache), false)
 5 FCPATH\index.php(67): CodeIgniter\CodeIgniter->run()
WARNING - 2023-01-13 14:50:09 --> [DEPRECATED] substr(): Passing null to parameter #1 ($string) of type string is deprecated in APPPATH\Controllers\QrScanApi.php on line 26.
 1 APPPATH\Controllers\QrScanApi.php(26): substr(null, 0, -10)
 2 SYSTEMPATH\CodeIgniter.php(934): App\Controllers\QrScanApi->post_qr()
 3 SYSTEMPATH\CodeIgniter.php(499): CodeIgniter\CodeIgniter->runController(Object(App\Controllers\QrScanApi))
 4 SYSTEMPATH\CodeIgniter.php(368): CodeIgniter\CodeIgniter->handleRequest(null, Object(Config\Cache), false)
 5 FCPATH\index.php(67): CodeIgniter\CodeIgniter->run()
WARNING - 2023-01-13 15:16:40 --> [DEPRECATED] substr(): Passing null to parameter #1 ($string) of type string is deprecated in APPPATH\Controllers\QrScanApi.php on line 25.
 1 APPPATH\Controllers\QrScanApi.php(25): substr(null, -10)
 2 SYSTEMPATH\CodeIgniter.php(934): App\Controllers\QrScanApi->post_qr()
 3 SYSTEMPATH\CodeIgniter.php(499): CodeIgniter\CodeIgniter->runController(Object(App\Controllers\QrScanApi))
 4 SYSTEMPATH\CodeIgniter.php(368): CodeIgniter\CodeIgniter->handleRequest(null, Object(Config\Cache), false)
 5 FCPATH\index.php(67): CodeIgniter\CodeIgniter->run()
WARNING - 2023-01-13 15:16:40 --> [DEPRECATED] substr(): Passing null to parameter #1 ($string) of type string is deprecated in APPPATH\Controllers\QrScanApi.php on line 26.
 1 APPPATH\Controllers\QrScanApi.php(26): substr(null, 0, -10)
 2 SYSTEMPATH\CodeIgniter.php(934): App\Controllers\QrScanApi->post_qr()
 3 SYSTEMPATH\CodeIgniter.php(499): CodeIgniter\CodeIgniter->runController(Object(App\Controllers\QrScanApi))
 4 SYSTEMPATH\CodeIgniter.php(368): CodeIgniter\CodeIgniter->handleRequest(null, Object(Config\Cache), false)
 5 FCPATH\index.php(67): CodeIgniter\CodeIgniter->run()
