CRITICAL - 2023-04-12 21:08:53 --> Invalid file: "layout/dashboard.php"
in SYSTEMPATH\Exceptions\FrameworkException.php on line 33.
 1 SYSTEMPATH\View\View.php(201): CodeIgniter\Exceptions\FrameworkException::forInvalidFile('layout/dashboard.php')
 2 SYSTEMPATH\Common.php(1177): CodeIgniter\View\View->render('layout/dashboard', [], true)
 3 APPPATH\Controllers\Admin\Dashboard.php(11): view('layout/dashboard')
 4 SYSTEMPATH\CodeIgniter.php(934): App\Controllers\Admin\Dashboard->index()
 5 SYSTEMPATH\CodeIgniter.php(499): CodeIgniter\CodeIgniter->runController(Object(App\Controllers\Admin\Dashboard))
 6 SYSTEMPATH\CodeIgniter.php(368): CodeIgniter\CodeIgniter->handleRequest(null, Object(Config\Cache), false)
 7 FCPATH\index.php(67): CodeIgniter\CodeIgniter->run()
CRITICAL - 2023-04-12 21:09:01 --> Invalid file: "layout/dashboard.php"
in SYSTEMPATH\Exceptions\FrameworkException.php on line 33.
 1 SYSTEMPATH\View\View.php(201): CodeIgniter\Exceptions\FrameworkException::forInvalidFile('layout/dashboard.php')
 2 SYSTEMPATH\Common.php(1177): CodeIgniter\View\View->render('layout/dashboard', [], true)
 3 APPPATH\Controllers\Admin\Dashboard.php(11): view('layout/dashboard')
 4 SYSTEMPATH\CodeIgniter.php(934): App\Controllers\Admin\Dashboard->index()
 5 SYSTEMPATH\CodeIgniter.php(499): CodeIgniter\CodeIgniter->runController(Object(App\Controllers\Admin\Dashboard))
 6 SYSTEMPATH\CodeIgniter.php(368): CodeIgniter\CodeIgniter->handleRequest(null, Object(Config\Cache), false)
 7 FCPATH\index.php(67): CodeIgniter\CodeIgniter->run()
INFO - 2023-04-12 21:12:57 --> Session: Class initialized using 'CodeIgniter\Session\Handlers\FileHandler' driver.
INFO - 2023-04-12 21:13:21 --> Session: Class initialized using 'CodeIgniter\Session\Handlers\FileHandler' driver.
INFO - 2023-04-12 21:14:30 --> Session: Class initialized using 'CodeIgniter\Session\Handlers\FileHandler' driver.
INFO - 2023-04-12 21:14:30 --> Session: Class initialized using 'CodeIgniter\Session\Handlers\FileHandler' driver.
INFO - 2023-04-12 21:14:54 --> Session: Class initialized using 'CodeIgniter\Session\Handlers\FileHandler' driver.
CRITICAL - 2023-04-12 21:14:54 --> Undefined variable $judul
in APPPATH\Views\layout\template_admin.php on line 13.
 1 APPPATH\Views\layout\template_admin.php(13): CodeIgniter\Debug\Exceptions->errorHandler(2, 'Undefined variable $judul', 'APPPATH\\Views\\layout\\template_admin.php', 13)
 2 SYSTEMPATH\View\View.php(213): include('APPPATH\\Views\\layout\\template_admin.php')
 3 SYSTEMPATH\View\View.php(216): CodeIgniter\View\View->CodeIgniter\View\{closure}()
 4 SYSTEMPATH\Common.php(1177): CodeIgniter\View\View->render('layout/template_admin', [], true)
 5 APPPATH\Controllers\Admin\Dashboard.php(16): view('layout/template_admin')
 6 SYSTEMPATH\CodeIgniter.php(934): App\Controllers\Admin\Dashboard->index()
 7 SYSTEMPATH\CodeIgniter.php(499): CodeIgniter\CodeIgniter->runController(Object(App\Controllers\Admin\Dashboard))
 8 SYSTEMPATH\CodeIgniter.php(368): CodeIgniter\CodeIgniter->handleRequest(null, Object(Config\Cache), false)
 9 FCPATH\index.php(67): CodeIgniter\CodeIgniter->run()
INFO - 2023-04-12 21:15:12 --> Session: Class initialized using 'CodeIgniter\Session\Handlers\FileHandler' driver.
INFO - 2023-04-12 21:16:15 --> Session: Class initialized using 'CodeIgniter\Session\Handlers\FileHandler' driver.
INFO - 2023-04-12 21:16:25 --> Session: Class initialized using 'CodeIgniter\Session\Handlers\FileHandler' driver.
INFO - 2023-04-12 21:16:34 --> Session: Class initialized using 'CodeIgniter\Session\Handlers\FileHandler' driver.
INFO - 2023-04-12 21:16:41 --> Session: Class initialized using 'CodeIgniter\Session\Handlers\FileHandler' driver.
INFO - 2023-04-12 21:21:55 --> Session: Class initialized using 'CodeIgniter\Session\Handlers\FileHandler' driver.
INFO - 2023-04-12 21:22:30 --> Session: Class initialized using 'CodeIgniter\Session\Handlers\FileHandler' driver.
CRITICAL - 2023-04-12 21:22:30 --> The route for "http://localhost/presensi" cannot be found.
in SYSTEMPATH\HTTP\RedirectResponse.php on line 60.
 1 SYSTEMPATH\HTTP\RedirectResponse.php(60): CodeIgniter\HTTP\Exceptions\HTTPException::forInvalidRedirectRoute('http://localhost/presensi')
 2 SYSTEMPATH\Common.php(869): CodeIgniter\HTTP\RedirectResponse->route(false)
 3 APPPATH\Controllers\Auth.php(53): redirect('http://localhost/presensi')
 4 SYSTEMPATH\CodeIgniter.php(934): App\Controllers\Auth->logout()
 5 SYSTEMPATH\CodeIgniter.php(499): CodeIgniter\CodeIgniter->runController(Object(App\Controllers\Auth))
 6 SYSTEMPATH\CodeIgniter.php(368): CodeIgniter\CodeIgniter->handleRequest(null, Object(Config\Cache), false)
 7 FCPATH\index.php(67): CodeIgniter\CodeIgniter->run()
INFO - 2023-04-12 21:23:20 --> Session: Class initialized using 'CodeIgniter\Session\Handlers\FileHandler' driver.
INFO - 2023-04-12 21:23:39 --> Session: Class initialized using 'CodeIgniter\Session\Handlers\FileHandler' driver.
INFO - 2023-04-12 21:23:42 --> Session: Class initialized using 'CodeIgniter\Session\Handlers\FileHandler' driver.
INFO - 2023-04-12 21:23:46 --> Session: Class initialized using 'CodeIgniter\Session\Handlers\FileHandler' driver.
INFO - 2023-04-12 21:23:46 --> Session: Class initialized using 'CodeIgniter\Session\Handlers\FileHandler' driver.
INFO - 2023-04-12 21:24:26 --> Session: Class initialized using 'CodeIgniter\Session\Handlers\FileHandler' driver.
INFO - 2023-04-12 21:24:36 --> Session: Class initialized using 'CodeIgniter\Session\Handlers\FileHandler' driver.
INFO - 2023-04-12 21:24:42 --> Session: Class initialized using 'CodeIgniter\Session\Handlers\FileHandler' driver.
INFO - 2023-04-12 21:25:37 --> Session: Class initialized using 'CodeIgniter\Session\Handlers\FileHandler' driver.
INFO - 2023-04-12 21:25:40 --> Session: Class initialized using 'CodeIgniter\Session\Handlers\FileHandler' driver.
INFO - 2023-04-12 21:26:10 --> Session: Class initialized using 'CodeIgniter\Session\Handlers\FileHandler' driver.
INFO - 2023-04-12 21:26:22 --> Session: Class initialized using 'CodeIgniter\Session\Handlers\FileHandler' driver.
INFO - 2023-04-12 21:27:25 --> Session: Class initialized using 'CodeIgniter\Session\Handlers\FileHandler' driver.
INFO - 2023-04-12 21:27:52 --> Session: Class initialized using 'CodeIgniter\Session\Handlers\FileHandler' driver.
INFO - 2023-04-12 21:30:35 --> Session: Class initialized using 'CodeIgniter\Session\Handlers\FileHandler' driver.
INFO - 2023-04-12 21:32:39 --> Session: Class initialized using 'CodeIgniter\Session\Handlers\FileHandler' driver.
INFO - 2023-04-12 21:33:10 --> Session: Class initialized using 'CodeIgniter\Session\Handlers\FileHandler' driver.
INFO - 2023-04-12 21:38:41 --> Session: Class initialized using 'CodeIgniter\Session\Handlers\FileHandler' driver.
INFO - 2023-04-12 21:38:46 --> Session: Class initialized using 'CodeIgniter\Session\Handlers\FileHandler' driver.
INFO - 2023-04-12 21:38:50 --> Session: Class initialized using 'CodeIgniter\Session\Handlers\FileHandler' driver.
INFO - 2023-04-12 21:38:50 --> Session: Class initialized using 'CodeIgniter\Session\Handlers\FileHandler' driver.
INFO - 2023-04-12 21:39:08 --> Session: Class initialized using 'CodeIgniter\Session\Handlers\FileHandler' driver.
INFO - 2023-04-12 21:39:38 --> Session: Class initialized using 'CodeIgniter\Session\Handlers\FileHandler' driver.
INFO - 2023-04-12 21:40:13 --> Session: Class initialized using 'CodeIgniter\Session\Handlers\FileHandler' driver.
INFO - 2023-04-12 21:40:33 --> Session: Class initialized using 'CodeIgniter\Session\Handlers\FileHandler' driver.
INFO - 2023-04-12 21:40:45 --> Session: Class initialized using 'CodeIgniter\Session\Handlers\FileHandler' driver.
INFO - 2023-04-12 21:41:09 --> Session: Class initialized using 'CodeIgniter\Session\Handlers\FileHandler' driver.
INFO - 2023-04-12 21:41:14 --> Session: Class initialized using 'CodeIgniter\Session\Handlers\FileHandler' driver.
INFO - 2023-04-12 21:42:13 --> Session: Class initialized using 'CodeIgniter\Session\Handlers\FileHandler' driver.
INFO - 2023-04-12 21:42:21 --> Session: Class initialized using 'CodeIgniter\Session\Handlers\FileHandler' driver.
INFO - 2023-04-12 21:43:11 --> Session: Class initialized using 'CodeIgniter\Session\Handlers\FileHandler' driver.
INFO - 2023-04-12 21:45:39 --> Session: Class initialized using 'CodeIgniter\Session\Handlers\FileHandler' driver.
INFO - 2023-04-12 21:46:33 --> Session: Class initialized using 'CodeIgniter\Session\Handlers\FileHandler' driver.
INFO - 2023-04-12 21:46:55 --> Session: Class initialized using 'CodeIgniter\Session\Handlers\FileHandler' driver.
INFO - 2023-04-12 21:47:25 --> Session: Class initialized using 'CodeIgniter\Session\Handlers\FileHandler' driver.
INFO - 2023-04-12 21:47:36 --> Session: Class initialized using 'CodeIgniter\Session\Handlers\FileHandler' driver.
INFO - 2023-04-12 21:47:40 --> Session: Class initialized using 'CodeIgniter\Session\Handlers\FileHandler' driver.
INFO - 2023-04-12 21:48:35 --> Session: Class initialized using 'CodeIgniter\Session\Handlers\FileHandler' driver.
INFO - 2023-04-12 21:48:45 --> Session: Class initialized using 'CodeIgniter\Session\Handlers\FileHandler' driver.
INFO - 2023-04-12 21:48:55 --> Session: Class initialized using 'CodeIgniter\Session\Handlers\FileHandler' driver.
INFO - 2023-04-12 21:49:58 --> Session: Class initialized using 'CodeIgniter\Session\Handlers\FileHandler' driver.
INFO - 2023-04-12 21:50:24 --> Session: Class initialized using 'CodeIgniter\Session\Handlers\FileHandler' driver.
INFO - 2023-04-12 21:55:07 --> Session: Class initialized using 'CodeIgniter\Session\Handlers\FileHandler' driver.
INFO - 2023-04-12 21:55:38 --> Session: Class initialized using 'CodeIgniter\Session\Handlers\FileHandler' driver.
INFO - 2023-04-12 21:58:37 --> Session: Class initialized using 'CodeIgniter\Session\Handlers\FileHandler' driver.
INFO - 2023-04-12 22:03:20 --> Session: Class initialized using 'CodeIgniter\Session\Handlers\FileHandler' driver.
INFO - 2023-04-12 22:03:22 --> Session: Class initialized using 'CodeIgniter\Session\Handlers\FileHandler' driver.
INFO - 2023-04-12 22:03:29 --> Session: Class initialized using 'CodeIgniter\Session\Handlers\FileHandler' driver.
INFO - 2023-04-12 22:03:37 --> Session: Class initialized using 'CodeIgniter\Session\Handlers\FileHandler' driver.
INFO - 2023-04-12 22:03:43 --> Session: Class initialized using 'CodeIgniter\Session\Handlers\FileHandler' driver.
INFO - 2023-04-12 22:03:46 --> Session: Class initialized using 'CodeIgniter\Session\Handlers\FileHandler' driver.
INFO - 2023-04-12 22:03:48 --> Session: Class initialized using 'CodeIgniter\Session\Handlers\FileHandler' driver.
INFO - 2023-04-12 22:03:53 --> Session: Class initialized using 'CodeIgniter\Session\Handlers\FileHandler' driver.
INFO - 2023-04-12 22:04:11 --> Session: Class initialized using 'CodeIgniter\Session\Handlers\FileHandler' driver.
INFO - 2023-04-12 22:04:37 --> Session: Class initialized using 'CodeIgniter\Session\Handlers\FileHandler' driver.
INFO - 2023-04-12 22:05:15 --> Session: Class initialized using 'CodeIgniter\Session\Handlers\FileHandler' driver.
INFO - 2023-04-12 22:05:29 --> Session: Class initialized using 'CodeIgniter\Session\Handlers\FileHandler' driver.
INFO - 2023-04-12 22:06:08 --> Session: Class initialized using 'CodeIgniter\Session\Handlers\FileHandler' driver.
INFO - 2023-04-12 22:06:22 --> Session: Class initialized using 'CodeIgniter\Session\Handlers\FileHandler' driver.
INFO - 2023-04-12 22:06:25 --> Session: Class initialized using 'CodeIgniter\Session\Handlers\FileHandler' driver.
INFO - 2023-04-12 22:06:25 --> Session: Class initialized using 'CodeIgniter\Session\Handlers\FileHandler' driver.
INFO - 2023-04-12 22:06:30 --> Session: Class initialized using 'CodeIgniter\Session\Handlers\FileHandler' driver.
INFO - 2023-04-12 22:07:04 --> Session: Class initialized using 'CodeIgniter\Session\Handlers\FileHandler' driver.
INFO - 2023-04-12 22:09:13 --> Session: Class initialized using 'CodeIgniter\Session\Handlers\FileHandler' driver.
INFO - 2023-04-12 22:09:17 --> Session: Class initialized using 'CodeIgniter\Session\Handlers\FileHandler' driver.
INFO - 2023-04-12 22:09:55 --> Session: Class initialized using 'CodeIgniter\Session\Handlers\FileHandler' driver.
INFO - 2023-04-12 22:09:58 --> Session: Class initialized using 'CodeIgniter\Session\Handlers\FileHandler' driver.
INFO - 2023-04-12 22:10:02 --> Session: Class initialized using 'CodeIgniter\Session\Handlers\FileHandler' driver.
INFO - 2023-04-12 22:10:38 --> Session: Class initialized using 'CodeIgniter\Session\Handlers\FileHandler' driver.
INFO - 2023-04-12 22:10:45 --> Session: Class initialized using 'CodeIgniter\Session\Handlers\FileHandler' driver.
INFO - 2023-04-12 22:10:46 --> Session: Class initialized using 'CodeIgniter\Session\Handlers\FileHandler' driver.
INFO - 2023-04-12 22:10:48 --> Session: Class initialized using 'CodeIgniter\Session\Handlers\FileHandler' driver.
INFO - 2023-04-12 22:10:52 --> Session: Class initialized using 'CodeIgniter\Session\Handlers\FileHandler' driver.
INFO - 2023-04-12 22:10:59 --> Session: Class initialized using 'CodeIgniter\Session\Handlers\FileHandler' driver.
INFO - 2023-04-12 22:11:02 --> Session: Class initialized using 'CodeIgniter\Session\Handlers\FileHandler' driver.
INFO - 2023-04-12 22:11:24 --> Session: Class initialized using 'CodeIgniter\Session\Handlers\FileHandler' driver.
INFO - 2023-04-12 22:11:27 --> Session: Class initialized using 'CodeIgniter\Session\Handlers\FileHandler' driver.
INFO - 2023-04-12 22:12:07 --> Session: Class initialized using 'CodeIgniter\Session\Handlers\FileHandler' driver.
INFO - 2023-04-12 22:12:33 --> Session: Class initialized using 'CodeIgniter\Session\Handlers\FileHandler' driver.
INFO - 2023-04-12 22:12:37 --> Session: Class initialized using 'CodeIgniter\Session\Handlers\FileHandler' driver.
INFO - 2023-04-12 22:12:55 --> Session: Class initialized using 'CodeIgniter\Session\Handlers\FileHandler' driver.
INFO - 2023-04-12 22:13:16 --> Session: Class initialized using 'CodeIgniter\Session\Handlers\FileHandler' driver.
INFO - 2023-04-12 22:13:16 --> Session: Class initialized using 'CodeIgniter\Session\Handlers\FileHandler' driver.
INFO - 2023-04-12 22:13:16 --> Session: Class initialized using 'CodeIgniter\Session\Handlers\FileHandler' driver.
INFO - 2023-04-12 22:13:21 --> Session: Class initialized using 'CodeIgniter\Session\Handlers\FileHandler' driver.
INFO - 2023-04-12 22:13:27 --> Session: Class initialized using 'CodeIgniter\Session\Handlers\FileHandler' driver.
INFO - 2023-04-12 22:13:37 --> Session: Class initialized using 'CodeIgniter\Session\Handlers\FileHandler' driver.
INFO - 2023-04-12 22:13:43 --> Session: Class initialized using 'CodeIgniter\Session\Handlers\FileHandler' driver.
INFO - 2023-04-12 22:13:52 --> Session: Class initialized using 'CodeIgniter\Session\Handlers\FileHandler' driver.
INFO - 2023-04-12 22:13:55 --> Session: Class initialized using 'CodeIgniter\Session\Handlers\FileHandler' driver.
INFO - 2023-04-12 22:14:10 --> Session: Class initialized using 'CodeIgniter\Session\Handlers\FileHandler' driver.
INFO - 2023-04-12 22:15:07 --> Session: Class initialized using 'CodeIgniter\Session\Handlers\FileHandler' driver.
INFO - 2023-04-12 22:16:18 --> Session: Class initialized using 'CodeIgniter\Session\Handlers\FileHandler' driver.
INFO - 2023-04-12 22:16:39 --> Session: Class initialized using 'CodeIgniter\Session\Handlers\FileHandler' driver.
INFO - 2023-04-12 22:21:10 --> Session: Class initialized using 'CodeIgniter\Session\Handlers\FileHandler' driver.
INFO - 2023-04-12 22:22:44 --> Session: Class initialized using 'CodeIgniter\Session\Handlers\FileHandler' driver.
INFO - 2023-04-12 22:23:41 --> Session: Class initialized using 'CodeIgniter\Session\Handlers\FileHandler' driver.
INFO - 2023-04-12 22:24:15 --> Session: Class initialized using 'CodeIgniter\Session\Handlers\FileHandler' driver.
INFO - 2023-04-12 22:25:37 --> Session: Class initialized using 'CodeIgniter\Session\Handlers\FileHandler' driver.
INFO - 2023-04-12 22:25:56 --> Session: Class initialized using 'CodeIgniter\Session\Handlers\FileHandler' driver.
INFO - 2023-04-12 22:26:03 --> Session: Class initialized using 'CodeIgniter\Session\Handlers\FileHandler' driver.
INFO - 2023-04-12 22:27:04 --> Session: Class initialized using 'CodeIgniter\Session\Handlers\FileHandler' driver.
INFO - 2023-04-12 22:27:58 --> Session: Class initialized using 'CodeIgniter\Session\Handlers\FileHandler' driver.
INFO - 2023-04-12 22:29:22 --> Session: Class initialized using 'CodeIgniter\Session\Handlers\FileHandler' driver.
INFO - 2023-04-12 22:30:34 --> Session: Class initialized using 'CodeIgniter\Session\Handlers\FileHandler' driver.
INFO - 2023-04-12 22:31:05 --> Session: Class initialized using 'CodeIgniter\Session\Handlers\FileHandler' driver.
INFO - 2023-04-12 22:32:40 --> Session: Class initialized using 'CodeIgniter\Session\Handlers\FileHandler' driver.
INFO - 2023-04-12 22:33:01 --> Session: Class initialized using 'CodeIgniter\Session\Handlers\FileHandler' driver.
INFO - 2023-04-12 22:33:47 --> Session: Class initialized using 'CodeIgniter\Session\Handlers\FileHandler' driver.
INFO - 2023-04-12 22:34:05 --> Session: Class initialized using 'CodeIgniter\Session\Handlers\FileHandler' driver.
INFO - 2023-04-12 22:34:13 --> Session: Class initialized using 'CodeIgniter\Session\Handlers\FileHandler' driver.
INFO - 2023-04-12 22:34:24 --> Session: Class initialized using 'CodeIgniter\Session\Handlers\FileHandler' driver.
INFO - 2023-04-12 22:34:32 --> Session: Class initialized using 'CodeIgniter\Session\Handlers\FileHandler' driver.
INFO - 2023-04-12 22:35:07 --> Session: Class initialized using 'CodeIgniter\Session\Handlers\FileHandler' driver.
INFO - 2023-04-12 22:35:25 --> Session: Class initialized using 'CodeIgniter\Session\Handlers\FileHandler' driver.
INFO - 2023-04-12 22:35:36 --> Session: Class initialized using 'CodeIgniter\Session\Handlers\FileHandler' driver.
INFO - 2023-04-12 22:35:53 --> Session: Class initialized using 'CodeIgniter\Session\Handlers\FileHandler' driver.
INFO - 2023-04-12 22:36:18 --> Session: Class initialized using 'CodeIgniter\Session\Handlers\FileHandler' driver.
INFO - 2023-04-12 22:36:43 --> Session: Class initialized using 'CodeIgniter\Session\Handlers\FileHandler' driver.
INFO - 2023-04-12 22:36:53 --> Session: Class initialized using 'CodeIgniter\Session\Handlers\FileHandler' driver.
INFO - 2023-04-12 22:37:23 --> Session: Class initialized using 'CodeIgniter\Session\Handlers\FileHandler' driver.
INFO - 2023-04-12 22:37:59 --> Session: Class initialized using 'CodeIgniter\Session\Handlers\FileHandler' driver.
INFO - 2023-04-12 22:38:06 --> Session: Class initialized using 'CodeIgniter\Session\Handlers\FileHandler' driver.
CRITICAL - 2023-04-12 22:49:08 --> Call to undefined function App\Controllers\Admin\datatables()
in APPPATH\Controllers\Admin\Pengaturan.php on line 26.
 1 SYSTEMPATH\CodeIgniter.php(934): App\Controllers\Admin\Pengaturan->json_unit()
 2 SYSTEMPATH\CodeIgniter.php(499): CodeIgniter\CodeIgniter->runController(Object(App\Controllers\Admin\Pengaturan))
 3 SYSTEMPATH\CodeIgniter.php(368): CodeIgniter\CodeIgniter->handleRequest(null, Object(Config\Cache), false)
 4 FCPATH\index.php(67): CodeIgniter\CodeIgniter->run()
CRITICAL - 2023-04-12 22:56:00 --> Undefined array key "no_quotes"
in APPPATH\ThirdParty\codeigniter4-datatables\src\DataTableColumnDefs.php on line 261.
 1 APPPATH\ThirdParty\codeigniter4-datatables\src\DataTableColumnDefs.php(261): CodeIgniter\Debug\Exceptions->errorHandler(2, 'Undefined array key "no_quotes"', 'APPPATH\\ThirdParty\\codeigniter4-datatables\\src\\DataTableColumnDefs.php', 261)
 2 APPPATH\ThirdParty\codeigniter4-datatables\src\DataTableColumnDefs.php(17): Hermawan\DataTables\DataTableColumnDefs->initFromBuilder(Object(CodeIgniter\Database\MySQLi\Builder))
 3 APPPATH\ThirdParty\codeigniter4-datatables\src\DataTable.php(35): Hermawan\DataTables\DataTableColumnDefs->__construct(Object(CodeIgniter\Database\MySQLi\Builder))
 4 APPPATH\ThirdParty\codeigniter4-datatables\src\DataTable.php(46): Hermawan\DataTables\DataTable->__construct(Object(CodeIgniter\Database\MySQLi\Builder))
 5 APPPATH\Controllers\Admin\Pengaturan.php(27): Hermawan\DataTables\DataTable::of(Object(CodeIgniter\Database\MySQLi\Builder))
 6 SYSTEMPATH\CodeIgniter.php(934): App\Controllers\Admin\Pengaturan->json_unit()
 7 SYSTEMPATH\CodeIgniter.php(499): CodeIgniter\CodeIgniter->runController(Object(App\Controllers\Admin\Pengaturan))
 8 SYSTEMPATH\CodeIgniter.php(368): CodeIgniter\CodeIgniter->handleRequest(null, Object(Config\Cache), false)
 9 FCPATH\index.php(67): CodeIgniter\CodeIgniter->run()
CRITICAL - 2023-04-12 22:57:34 --> Undefined array key "no_quotes"
in APPPATH\ThirdParty\codeigniter4-datatables\src\DataTableColumnDefs.php on line 261.
 1 APPPATH\ThirdParty\codeigniter4-datatables\src\DataTableColumnDefs.php(261): CodeIgniter\Debug\Exceptions->errorHandler(2, 'Undefined array key "no_quotes"', 'APPPATH\\ThirdParty\\codeigniter4-datatables\\src\\DataTableColumnDefs.php', 261)
 2 APPPATH\ThirdParty\codeigniter4-datatables\src\DataTableColumnDefs.php(17): Hermawan\DataTables\DataTableColumnDefs->initFromBuilder(Object(CodeIgniter\Database\MySQLi\Builder))
 3 APPPATH\ThirdParty\codeigniter4-datatables\src\DataTable.php(35): Hermawan\DataTables\DataTableColumnDefs->__construct(Object(CodeIgniter\Database\MySQLi\Builder))
 4 APPPATH\ThirdParty\codeigniter4-datatables\src\DataTable.php(46): Hermawan\DataTables\DataTable->__construct(Object(CodeIgniter\Database\MySQLi\Builder))
 5 APPPATH\Controllers\Admin\Pengaturan.php(27): Hermawan\DataTables\DataTable::of(Object(CodeIgniter\Database\MySQLi\Builder))
 6 SYSTEMPATH\CodeIgniter.php(934): App\Controllers\Admin\Pengaturan->json_unit()
 7 SYSTEMPATH\CodeIgniter.php(499): CodeIgniter\CodeIgniter->runController(Object(App\Controllers\Admin\Pengaturan))
 8 SYSTEMPATH\CodeIgniter.php(368): CodeIgniter\CodeIgniter->handleRequest(null, Object(Config\Cache), false)
 9 FCPATH\index.php(67): CodeIgniter\CodeIgniter->run()
CRITICAL - 2023-04-12 22:57:36 --> Undefined array key "no_quotes"
in APPPATH\ThirdParty\codeigniter4-datatables\src\DataTableColumnDefs.php on line 261.
 1 APPPATH\ThirdParty\codeigniter4-datatables\src\DataTableColumnDefs.php(261): CodeIgniter\Debug\Exceptions->errorHandler(2, 'Undefined array key "no_quotes"', 'APPPATH\\ThirdParty\\codeigniter4-datatables\\src\\DataTableColumnDefs.php', 261)
 2 APPPATH\ThirdParty\codeigniter4-datatables\src\DataTableColumnDefs.php(17): Hermawan\DataTables\DataTableColumnDefs->initFromBuilder(Object(CodeIgniter\Database\MySQLi\Builder))
 3 APPPATH\ThirdParty\codeigniter4-datatables\src\DataTable.php(35): Hermawan\DataTables\DataTableColumnDefs->__construct(Object(CodeIgniter\Database\MySQLi\Builder))
 4 APPPATH\ThirdParty\codeigniter4-datatables\src\DataTable.php(46): Hermawan\DataTables\DataTable->__construct(Object(CodeIgniter\Database\MySQLi\Builder))
 5 APPPATH\Controllers\Admin\Pengaturan.php(27): Hermawan\DataTables\DataTable::of(Object(CodeIgniter\Database\MySQLi\Builder))
 6 SYSTEMPATH\CodeIgniter.php(934): App\Controllers\Admin\Pengaturan->json_unit()
 7 SYSTEMPATH\CodeIgniter.php(499): CodeIgniter\CodeIgniter->runController(Object(App\Controllers\Admin\Pengaturan))
 8 SYSTEMPATH\CodeIgniter.php(368): CodeIgniter\CodeIgniter->handleRequest(null, Object(Config\Cache), false)
 9 FCPATH\index.php(67): CodeIgniter\CodeIgniter->run()
CRITICAL - 2023-04-12 22:57:36 --> Undefined array key "no_quotes"
in APPPATH\ThirdParty\codeigniter4-datatables\src\DataTableColumnDefs.php on line 261.
 1 APPPATH\ThirdParty\codeigniter4-datatables\src\DataTableColumnDefs.php(261): CodeIgniter\Debug\Exceptions->errorHandler(2, 'Undefined array key "no_quotes"', 'APPPATH\\ThirdParty\\codeigniter4-datatables\\src\\DataTableColumnDefs.php', 261)
 2 APPPATH\ThirdParty\codeigniter4-datatables\src\DataTableColumnDefs.php(17): Hermawan\DataTables\DataTableColumnDefs->initFromBuilder(Object(CodeIgniter\Database\MySQLi\Builder))
 3 APPPATH\ThirdParty\codeigniter4-datatables\src\DataTable.php(35): Hermawan\DataTables\DataTableColumnDefs->__construct(Object(CodeIgniter\Database\MySQLi\Builder))
 4 APPPATH\ThirdParty\codeigniter4-datatables\src\DataTable.php(46): Hermawan\DataTables\DataTable->__construct(Object(CodeIgniter\Database\MySQLi\Builder))
 5 APPPATH\Controllers\Admin\Pengaturan.php(27): Hermawan\DataTables\DataTable::of(Object(CodeIgniter\Database\MySQLi\Builder))
 6 SYSTEMPATH\CodeIgniter.php(934): App\Controllers\Admin\Pengaturan->json_unit()
 7 SYSTEMPATH\CodeIgniter.php(499): CodeIgniter\CodeIgniter->runController(Object(App\Controllers\Admin\Pengaturan))
 8 SYSTEMPATH\CodeIgniter.php(368): CodeIgniter\CodeIgniter->handleRequest(null, Object(Config\Cache), false)
 9 FCPATH\index.php(67): CodeIgniter\CodeIgniter->run()
CRITICAL - 2023-04-12 22:58:05 --> Undefined array key "no_quotes"
in APPPATH\ThirdParty\codeigniter4-datatables\src\DataTableColumnDefs.php on line 261.
 1 APPPATH\ThirdParty\codeigniter4-datatables\src\DataTableColumnDefs.php(261): CodeIgniter\Debug\Exceptions->errorHandler(2, 'Undefined array key "no_quotes"', 'APPPATH\\ThirdParty\\codeigniter4-datatables\\src\\DataTableColumnDefs.php', 261)
 2 APPPATH\ThirdParty\codeigniter4-datatables\src\DataTableColumnDefs.php(17): Hermawan\DataTables\DataTableColumnDefs->initFromBuilder(Object(CodeIgniter\Database\MySQLi\Builder))
 3 APPPATH\ThirdParty\codeigniter4-datatables\src\DataTable.php(35): Hermawan\DataTables\DataTableColumnDefs->__construct(Object(CodeIgniter\Database\MySQLi\Builder))
 4 APPPATH\ThirdParty\codeigniter4-datatables\src\DataTable.php(46): Hermawan\DataTables\DataTable->__construct(Object(CodeIgniter\Database\MySQLi\Builder))
 5 APPPATH\Controllers\Admin\Pengaturan.php(25): Hermawan\DataTables\DataTable::of(Object(CodeIgniter\Database\MySQLi\Builder))
 6 SYSTEMPATH\CodeIgniter.php(934): App\Controllers\Admin\Pengaturan->json_unit()
 7 SYSTEMPATH\CodeIgniter.php(499): CodeIgniter\CodeIgniter->runController(Object(App\Controllers\Admin\Pengaturan))
 8 SYSTEMPATH\CodeIgniter.php(368): CodeIgniter\CodeIgniter->handleRequest(null, Object(Config\Cache), false)
 9 FCPATH\index.php(67): CodeIgniter\CodeIgniter->run()
CRITICAL - 2023-04-12 22:59:09 --> Undefined array key "no_quotes"
in APPPATH\ThirdParty\codeigniter4-datatables\src\DataTableColumnDefs.php on line 261.
 1 APPPATH\ThirdParty\codeigniter4-datatables\src\DataTableColumnDefs.php(261): CodeIgniter\Debug\Exceptions->errorHandler(2, 'Undefined array key "no_quotes"', 'APPPATH\\ThirdParty\\codeigniter4-datatables\\src\\DataTableColumnDefs.php', 261)
 2 APPPATH\ThirdParty\codeigniter4-datatables\src\DataTableColumnDefs.php(17): Hermawan\DataTables\DataTableColumnDefs->initFromBuilder(Object(CodeIgniter\Database\MySQLi\Builder))
 3 APPPATH\ThirdParty\codeigniter4-datatables\src\DataTable.php(35): Hermawan\DataTables\DataTableColumnDefs->__construct(Object(CodeIgniter\Database\MySQLi\Builder))
 4 APPPATH\ThirdParty\codeigniter4-datatables\src\DataTable.php(46): Hermawan\DataTables\DataTable->__construct(Object(CodeIgniter\Database\MySQLi\Builder))
 5 APPPATH\Controllers\Admin\Pengaturan.php(25): Hermawan\DataTables\DataTable::of(Object(CodeIgniter\Database\MySQLi\Builder))
 6 SYSTEMPATH\CodeIgniter.php(934): App\Controllers\Admin\Pengaturan->json_unit()
 7 SYSTEMPATH\CodeIgniter.php(499): CodeIgniter\CodeIgniter->runController(Object(App\Controllers\Admin\Pengaturan))
 8 SYSTEMPATH\CodeIgniter.php(368): CodeIgniter\CodeIgniter->handleRequest(null, Object(Config\Cache), false)
 9 FCPATH\index.php(67): CodeIgniter\CodeIgniter->run()
INFO - 2023-04-12 23:01:41 --> Session: Class initialized using 'CodeIgniter\Session\Handlers\FileHandler' driver.
INFO - 2023-04-12 23:01:43 --> Session: Class initialized using 'CodeIgniter\Session\Handlers\FileHandler' driver.
INFO - 2023-04-12 23:02:35 --> Session: Class initialized using 'CodeIgniter\Session\Handlers\FileHandler' driver.
INFO - 2023-04-12 23:03:48 --> Session: Class initialized using 'CodeIgniter\Session\Handlers\FileHandler' driver.
INFO - 2023-04-12 23:05:23 --> Session: Class initialized using 'CodeIgniter\Session\Handlers\FileHandler' driver.
INFO - 2023-04-12 23:06:44 --> Session: Class initialized using 'CodeIgniter\Session\Handlers\FileHandler' driver.
INFO - 2023-04-12 23:07:10 --> Session: Class initialized using 'CodeIgniter\Session\Handlers\FileHandler' driver.
INFO - 2023-04-12 23:07:41 --> Session: Class initialized using 'CodeIgniter\Session\Handlers\FileHandler' driver.
INFO - 2023-04-12 23:08:13 --> Session: Class initialized using 'CodeIgniter\Session\Handlers\FileHandler' driver.
INFO - 2023-04-12 23:09:35 --> Session: Class initialized using 'CodeIgniter\Session\Handlers\FileHandler' driver.
INFO - 2023-04-12 23:11:48 --> Session: Class initialized using 'CodeIgniter\Session\Handlers\FileHandler' driver.
INFO - 2023-04-12 23:12:32 --> Session: Class initialized using 'CodeIgniter\Session\Handlers\FileHandler' driver.
INFO - 2023-04-12 23:12:44 --> Session: Class initialized using 'CodeIgniter\Session\Handlers\FileHandler' driver.
INFO - 2023-04-12 23:12:54 --> Session: Class initialized using 'CodeIgniter\Session\Handlers\FileHandler' driver.
INFO - 2023-04-12 23:13:32 --> Session: Class initialized using 'CodeIgniter\Session\Handlers\FileHandler' driver.
INFO - 2023-04-12 23:13:59 --> Session: Class initialized using 'CodeIgniter\Session\Handlers\FileHandler' driver.
INFO - 2023-04-12 23:14:17 --> Session: Class initialized using 'CodeIgniter\Session\Handlers\FileHandler' driver.
INFO - 2023-04-12 23:14:34 --> Session: Class initialized using 'CodeIgniter\Session\Handlers\FileHandler' driver.
INFO - 2023-04-12 23:14:46 --> Session: Class initialized using 'CodeIgniter\Session\Handlers\FileHandler' driver.
INFO - 2023-04-12 23:14:59 --> Session: Class initialized using 'CodeIgniter\Session\Handlers\FileHandler' driver.
INFO - 2023-04-12 23:16:04 --> Session: Class initialized using 'CodeIgniter\Session\Handlers\FileHandler' driver.
INFO - 2023-04-12 23:16:18 --> Session: Class initialized using 'CodeIgniter\Session\Handlers\FileHandler' driver.
INFO - 2023-04-12 23:17:45 --> Session: Class initialized using 'CodeIgniter\Session\Handlers\FileHandler' driver.
INFO - 2023-04-12 23:18:25 --> Session: Class initialized using 'CodeIgniter\Session\Handlers\FileHandler' driver.
ERROR - 2023-04-12 23:18:27 --> mysqli_sql_exception: Unknown column 'function' in 'order clause' in C:\xampp_8.2\htdocs\presensi\system\Database\MySQLi\Connection.php:295
Stack trace:
#0 C:\xampp_8.2\htdocs\presensi\system\Database\MySQLi\Connection.php(295): mysqli->query('SELECT `id_unit...', 0)
#1 C:\xampp_8.2\htdocs\presensi\system\Database\BaseConnection.php(691): CodeIgniter\Database\MySQLi\Connection->execute('SELECT `id_unit...')
#2 C:\xampp_8.2\htdocs\presensi\system\Database\BaseConnection.php(605): CodeIgniter\Database\BaseConnection->simpleQuery('SELECT `id_unit...')
#3 C:\xampp_8.2\htdocs\presensi\system\Database\BaseBuilder.php(1601): CodeIgniter\Database\BaseConnection->query('SELECT `id_unit...', Array, false)
#4 C:\xampp_8.2\htdocs\presensi\app\ThirdParty\codeigniter4-datatables\src\DataTableQuery.php(219): CodeIgniter\Database\BaseBuilder->get()
#5 C:\xampp_8.2\htdocs\presensi\app\ThirdParty\codeigniter4-datatables\src\DataTableQuery.php(70): Hermawan\DataTables\DataTableQuery->queryResult()
#6 C:\xampp_8.2\htdocs\presensi\app\ThirdParty\codeigniter4-datatables\src\DataTable.php(176): Hermawan\DataTables\DataTableQuery->getDataResult()
#7 C:\xampp_8.2\htdocs\presensi\app\Controllers\Admin\Pengaturan.php(25): Hermawan\DataTables\DataTable->toJson(true)
#8 C:\xampp_8.2\htdocs\presensi\system\CodeIgniter.php(934): App\Controllers\Admin\Pengaturan->json_unit()
#9 C:\xampp_8.2\htdocs\presensi\system\CodeIgniter.php(499): CodeIgniter\CodeIgniter->runController(Object(App\Controllers\Admin\Pengaturan))
#10 C:\xampp_8.2\htdocs\presensi\system\CodeIgniter.php(368): CodeIgniter\CodeIgniter->handleRequest(NULL, Object(Config\Cache), false)
#11 C:\xampp_8.2\htdocs\presensi\index.php(67): CodeIgniter\CodeIgniter->run()
#12 {main}
CRITICAL - 2023-04-12 23:18:27 --> Unknown column 'function' in 'order clause'
in SYSTEMPATH\Database\BaseConnection.php on line 645.
 1 SYSTEMPATH\Database\BaseBuilder.php(1601): CodeIgniter\Database\BaseConnection->query('SELECT `id_unit`, `nm_unit`
FROM `tbl_unit`
ORDER BY `function` ASC', [], false)
 2 APPPATH\ThirdParty\codeigniter4-datatables\src\DataTableQuery.php(219): CodeIgniter\Database\BaseBuilder->get()
 3 APPPATH\ThirdParty\codeigniter4-datatables\src\DataTableQuery.php(70): Hermawan\DataTables\DataTableQuery->queryResult()
 4 APPPATH\ThirdParty\codeigniter4-datatables\src\DataTable.php(176): Hermawan\DataTables\DataTableQuery->getDataResult()
 5 APPPATH\Controllers\Admin\Pengaturan.php(25): Hermawan\DataTables\DataTable->toJson(true)
 6 SYSTEMPATH\CodeIgniter.php(934): App\Controllers\Admin\Pengaturan->json_unit()
 7 SYSTEMPATH\CodeIgniter.php(499): CodeIgniter\CodeIgniter->runController(Object(App\Controllers\Admin\Pengaturan))
 8 SYSTEMPATH\CodeIgniter.php(368): CodeIgniter\CodeIgniter->handleRequest(null, Object(Config\Cache), false)
 9 FCPATH\index.php(67): CodeIgniter\CodeIgniter->run()
ERROR - 2023-04-12 23:18:34 --> mysqli_sql_exception: Unknown column 'function' in 'order clause' in C:\xampp_8.2\htdocs\presensi\system\Database\MySQLi\Connection.php:295
Stack trace:
#0 C:\xampp_8.2\htdocs\presensi\system\Database\MySQLi\Connection.php(295): mysqli->query('SELECT `id_unit...', 0)
#1 C:\xampp_8.2\htdocs\presensi\system\Database\BaseConnection.php(691): CodeIgniter\Database\MySQLi\Connection->execute('SELECT `id_unit...')
#2 C:\xampp_8.2\htdocs\presensi\system\Database\BaseConnection.php(605): CodeIgniter\Database\BaseConnection->simpleQuery('SELECT `id_unit...')
#3 C:\xampp_8.2\htdocs\presensi\system\Database\BaseBuilder.php(1601): CodeIgniter\Database\BaseConnection->query('SELECT `id_unit...', Array, false)
#4 C:\xampp_8.2\htdocs\presensi\app\ThirdParty\codeigniter4-datatables\src\DataTableQuery.php(219): CodeIgniter\Database\BaseBuilder->get()
#5 C:\xampp_8.2\htdocs\presensi\app\ThirdParty\codeigniter4-datatables\src\DataTableQuery.php(70): Hermawan\DataTables\DataTableQuery->queryResult()
#6 C:\xampp_8.2\htdocs\presensi\app\ThirdParty\codeigniter4-datatables\src\DataTable.php(176): Hermawan\DataTables\DataTableQuery->getDataResult()
#7 C:\xampp_8.2\htdocs\presensi\app\Controllers\Admin\Pengaturan.php(25): Hermawan\DataTables\DataTable->toJson(true)
#8 C:\xampp_8.2\htdocs\presensi\system\CodeIgniter.php(934): App\Controllers\Admin\Pengaturan->json_unit()
#9 C:\xampp_8.2\htdocs\presensi\system\CodeIgniter.php(499): CodeIgniter\CodeIgniter->runController(Object(App\Controllers\Admin\Pengaturan))
#10 C:\xampp_8.2\htdocs\presensi\system\CodeIgniter.php(368): CodeIgniter\CodeIgniter->handleRequest(NULL, Object(Config\Cache), false)
#11 C:\xampp_8.2\htdocs\presensi\index.php(67): CodeIgniter\CodeIgniter->run()
#12 {main}
CRITICAL - 2023-04-12 23:18:34 --> Unknown column 'function' in 'order clause'
in SYSTEMPATH\Database\BaseConnection.php on line 645.
 1 SYSTEMPATH\Database\BaseBuilder.php(1601): CodeIgniter\Database\BaseConnection->query('SELECT `id_unit`, `nm_unit`
FROM `tbl_unit`
ORDER BY `function` ASC', [], false)
 2 APPPATH\ThirdParty\codeigniter4-datatables\src\DataTableQuery.php(219): CodeIgniter\Database\BaseBuilder->get()
 3 APPPATH\ThirdParty\codeigniter4-datatables\src\DataTableQuery.php(70): Hermawan\DataTables\DataTableQuery->queryResult()
 4 APPPATH\ThirdParty\codeigniter4-datatables\src\DataTable.php(176): Hermawan\DataTables\DataTableQuery->getDataResult()
 5 APPPATH\Controllers\Admin\Pengaturan.php(25): Hermawan\DataTables\DataTable->toJson(true)
 6 SYSTEMPATH\CodeIgniter.php(934): App\Controllers\Admin\Pengaturan->json_unit()
 7 SYSTEMPATH\CodeIgniter.php(499): CodeIgniter\CodeIgniter->runController(Object(App\Controllers\Admin\Pengaturan))
 8 SYSTEMPATH\CodeIgniter.php(368): CodeIgniter\CodeIgniter->handleRequest(null, Object(Config\Cache), false)
 9 FCPATH\index.php(67): CodeIgniter\CodeIgniter->run()
ERROR - 2023-04-12 23:18:47 --> mysqli_sql_exception: Unknown column 'function' in 'order clause' in C:\xampp_8.2\htdocs\presensi\system\Database\MySQLi\Connection.php:295
Stack trace:
#0 C:\xampp_8.2\htdocs\presensi\system\Database\MySQLi\Connection.php(295): mysqli->query('SELECT `id_unit...', 0)
#1 C:\xampp_8.2\htdocs\presensi\system\Database\BaseConnection.php(691): CodeIgniter\Database\MySQLi\Connection->execute('SELECT `id_unit...')
#2 C:\xampp_8.2\htdocs\presensi\system\Database\BaseConnection.php(605): CodeIgniter\Database\BaseConnection->simpleQuery('SELECT `id_unit...')
#3 C:\xampp_8.2\htdocs\presensi\system\Database\BaseBuilder.php(1601): CodeIgniter\Database\BaseConnection->query('SELECT `id_unit...', Array, false)
#4 C:\xampp_8.2\htdocs\presensi\app\ThirdParty\codeigniter4-datatables\src\DataTableQuery.php(219): CodeIgniter\Database\BaseBuilder->get()
#5 C:\xampp_8.2\htdocs\presensi\app\ThirdParty\codeigniter4-datatables\src\DataTableQuery.php(70): Hermawan\DataTables\DataTableQuery->queryResult()
#6 C:\xampp_8.2\htdocs\presensi\app\ThirdParty\codeigniter4-datatables\src\DataTable.php(176): Hermawan\DataTables\DataTableQuery->getDataResult()
#7 C:\xampp_8.2\htdocs\presensi\app\Controllers\Admin\Pengaturan.php(25): Hermawan\DataTables\DataTable->toJson(true)
#8 C:\xampp_8.2\htdocs\presensi\system\CodeIgniter.php(934): App\Controllers\Admin\Pengaturan->json_unit()
#9 C:\xampp_8.2\htdocs\presensi\system\CodeIgniter.php(499): CodeIgniter\CodeIgniter->runController(Object(App\Controllers\Admin\Pengaturan))
#10 C:\xampp_8.2\htdocs\presensi\system\CodeIgniter.php(368): CodeIgniter\CodeIgniter->handleRequest(NULL, Object(Config\Cache), false)
#11 C:\xampp_8.2\htdocs\presensi\index.php(67): CodeIgniter\CodeIgniter->run()
#12 {main}
CRITICAL - 2023-04-12 23:18:47 --> Unknown column 'function' in 'order clause'
in SYSTEMPATH\Database\BaseConnection.php on line 645.
 1 SYSTEMPATH\Database\BaseBuilder.php(1601): CodeIgniter\Database\BaseConnection->query('SELECT `id_unit`, `nm_unit`
FROM `tbl_unit`
ORDER BY `function` ASC', [], false)
 2 APPPATH\ThirdParty\codeigniter4-datatables\src\DataTableQuery.php(219): CodeIgniter\Database\BaseBuilder->get()
 3 APPPATH\ThirdParty\codeigniter4-datatables\src\DataTableQuery.php(70): Hermawan\DataTables\DataTableQuery->queryResult()
 4 APPPATH\ThirdParty\codeigniter4-datatables\src\DataTable.php(176): Hermawan\DataTables\DataTableQuery->getDataResult()
 5 APPPATH\Controllers\Admin\Pengaturan.php(25): Hermawan\DataTables\DataTable->toJson(true)
 6 SYSTEMPATH\CodeIgniter.php(934): App\Controllers\Admin\Pengaturan->json_unit()
 7 SYSTEMPATH\CodeIgniter.php(499): CodeIgniter\CodeIgniter->runController(Object(App\Controllers\Admin\Pengaturan))
 8 SYSTEMPATH\CodeIgniter.php(368): CodeIgniter\CodeIgniter->handleRequest(null, Object(Config\Cache), false)
 9 FCPATH\index.php(67): CodeIgniter\CodeIgniter->run()
ERROR - 2023-04-12 23:18:51 --> mysqli_sql_exception: Unknown column 'function' in 'order clause' in C:\xampp_8.2\htdocs\presensi\system\Database\MySQLi\Connection.php:295
Stack trace:
#0 C:\xampp_8.2\htdocs\presensi\system\Database\MySQLi\Connection.php(295): mysqli->query('SELECT `id_unit...', 0)
#1 C:\xampp_8.2\htdocs\presensi\system\Database\BaseConnection.php(691): CodeIgniter\Database\MySQLi\Connection->execute('SELECT `id_unit...')
#2 C:\xampp_8.2\htdocs\presensi\system\Database\BaseConnection.php(605): CodeIgniter\Database\BaseConnection->simpleQuery('SELECT `id_unit...')
#3 C:\xampp_8.2\htdocs\presensi\system\Database\BaseBuilder.php(1601): CodeIgniter\Database\BaseConnection->query('SELECT `id_unit...', Array, false)
#4 C:\xampp_8.2\htdocs\presensi\app\ThirdParty\codeigniter4-datatables\src\DataTableQuery.php(219): CodeIgniter\Database\BaseBuilder->get()
#5 C:\xampp_8.2\htdocs\presensi\app\ThirdParty\codeigniter4-datatables\src\DataTableQuery.php(70): Hermawan\DataTables\DataTableQuery->queryResult()
#6 C:\xampp_8.2\htdocs\presensi\app\ThirdParty\codeigniter4-datatables\src\DataTable.php(176): Hermawan\DataTables\DataTableQuery->getDataResult()
#7 C:\xampp_8.2\htdocs\presensi\app\Controllers\Admin\Pengaturan.php(25): Hermawan\DataTables\DataTable->toJson(true)
#8 C:\xampp_8.2\htdocs\presensi\system\CodeIgniter.php(934): App\Controllers\Admin\Pengaturan->json_unit()
#9 C:\xampp_8.2\htdocs\presensi\system\CodeIgniter.php(499): CodeIgniter\CodeIgniter->runController(Object(App\Controllers\Admin\Pengaturan))
#10 C:\xampp_8.2\htdocs\presensi\system\CodeIgniter.php(368): CodeIgniter\CodeIgniter->handleRequest(NULL, Object(Config\Cache), false)
#11 C:\xampp_8.2\htdocs\presensi\index.php(67): CodeIgniter\CodeIgniter->run()
#12 {main}
CRITICAL - 2023-04-12 23:18:51 --> Unknown column 'function' in 'order clause'
in SYSTEMPATH\Database\BaseConnection.php on line 645.
 1 SYSTEMPATH\Database\BaseBuilder.php(1601): CodeIgniter\Database\BaseConnection->query('SELECT `id_unit`, `nm_unit`
FROM `tbl_unit`
ORDER BY `function` ASC', [], false)
 2 APPPATH\ThirdParty\codeigniter4-datatables\src\DataTableQuery.php(219): CodeIgniter\Database\BaseBuilder->get()
 3 APPPATH\ThirdParty\codeigniter4-datatables\src\DataTableQuery.php(70): Hermawan\DataTables\DataTableQuery->queryResult()
 4 APPPATH\ThirdParty\codeigniter4-datatables\src\DataTable.php(176): Hermawan\DataTables\DataTableQuery->getDataResult()
 5 APPPATH\Controllers\Admin\Pengaturan.php(25): Hermawan\DataTables\DataTable->toJson(true)
 6 SYSTEMPATH\CodeIgniter.php(934): App\Controllers\Admin\Pengaturan->json_unit()
 7 SYSTEMPATH\CodeIgniter.php(499): CodeIgniter\CodeIgniter->runController(Object(App\Controllers\Admin\Pengaturan))
 8 SYSTEMPATH\CodeIgniter.php(368): CodeIgniter\CodeIgniter->handleRequest(null, Object(Config\Cache), false)
 9 FCPATH\index.php(67): CodeIgniter\CodeIgniter->run()
INFO - 2023-04-12 23:19:21 --> Session: Class initialized using 'CodeIgniter\Session\Handlers\FileHandler' driver.
ERROR - 2023-04-12 23:19:23 --> mysqli_sql_exception: Unknown column 'function' in 'order clause' in C:\xampp_8.2\htdocs\presensi\system\Database\MySQLi\Connection.php:295
Stack trace:
#0 C:\xampp_8.2\htdocs\presensi\system\Database\MySQLi\Connection.php(295): mysqli->query('SELECT `id_unit...', 0)
#1 C:\xampp_8.2\htdocs\presensi\system\Database\BaseConnection.php(691): CodeIgniter\Database\MySQLi\Connection->execute('SELECT `id_unit...')
#2 C:\xampp_8.2\htdocs\presensi\system\Database\BaseConnection.php(605): CodeIgniter\Database\BaseConnection->simpleQuery('SELECT `id_unit...')
#3 C:\xampp_8.2\htdocs\presensi\system\Database\BaseBuilder.php(1601): CodeIgniter\Database\BaseConnection->query('SELECT `id_unit...', Array, false)
#4 C:\xampp_8.2\htdocs\presensi\app\ThirdParty\codeigniter4-datatables\src\DataTableQuery.php(219): CodeIgniter\Database\BaseBuilder->get()
#5 C:\xampp_8.2\htdocs\presensi\app\ThirdParty\codeigniter4-datatables\src\DataTableQuery.php(70): Hermawan\DataTables\DataTableQuery->queryResult()
#6 C:\xampp_8.2\htdocs\presensi\app\ThirdParty\codeigniter4-datatables\src\DataTable.php(176): Hermawan\DataTables\DataTableQuery->getDataResult()
#7 C:\xampp_8.2\htdocs\presensi\app\Controllers\Admin\Pengaturan.php(25): Hermawan\DataTables\DataTable->toJson(true)
#8 C:\xampp_8.2\htdocs\presensi\system\CodeIgniter.php(934): App\Controllers\Admin\Pengaturan->json_unit()
#9 C:\xampp_8.2\htdocs\presensi\system\CodeIgniter.php(499): CodeIgniter\CodeIgniter->runController(Object(App\Controllers\Admin\Pengaturan))
#10 C:\xampp_8.2\htdocs\presensi\system\CodeIgniter.php(368): CodeIgniter\CodeIgniter->handleRequest(NULL, Object(Config\Cache), false)
#11 C:\xampp_8.2\htdocs\presensi\index.php(67): CodeIgniter\CodeIgniter->run()
#12 {main}
CRITICAL - 2023-04-12 23:19:23 --> Unknown column 'function' in 'order clause'
in SYSTEMPATH\Database\BaseConnection.php on line 645.
 1 SYSTEMPATH\Database\BaseBuilder.php(1601): CodeIgniter\Database\BaseConnection->query('SELECT `id_unit`, `nm_unit`
FROM `tbl_unit`
ORDER BY `function` ASC', [], false)
 2 APPPATH\ThirdParty\codeigniter4-datatables\src\DataTableQuery.php(219): CodeIgniter\Database\BaseBuilder->get()
 3 APPPATH\ThirdParty\codeigniter4-datatables\src\DataTableQuery.php(70): Hermawan\DataTables\DataTableQuery->queryResult()
 4 APPPATH\ThirdParty\codeigniter4-datatables\src\DataTable.php(176): Hermawan\DataTables\DataTableQuery->getDataResult()
 5 APPPATH\Controllers\Admin\Pengaturan.php(25): Hermawan\DataTables\DataTable->toJson(true)
 6 SYSTEMPATH\CodeIgniter.php(934): App\Controllers\Admin\Pengaturan->json_unit()
 7 SYSTEMPATH\CodeIgniter.php(499): CodeIgniter\CodeIgniter->runController(Object(App\Controllers\Admin\Pengaturan))
 8 SYSTEMPATH\CodeIgniter.php(368): CodeIgniter\CodeIgniter->handleRequest(null, Object(Config\Cache), false)
 9 FCPATH\index.php(67): CodeIgniter\CodeIgniter->run()
INFO - 2023-04-12 23:20:15 --> Session: Class initialized using 'CodeIgniter\Session\Handlers\FileHandler' driver.
CRITICAL - 2023-04-12 23:20:17 --> Undefined array key "no_quotes"
in APPPATH\ThirdParty\codeigniter4-datatables\src\DataTableColumnDefs.php on line 261.
 1 APPPATH\ThirdParty\codeigniter4-datatables\src\DataTableColumnDefs.php(261): CodeIgniter\Debug\Exceptions->errorHandler(2, 'Undefined array key "no_quotes"', 'APPPATH\\ThirdParty\\codeigniter4-datatables\\src\\DataTableColumnDefs.php', 261)
 2 APPPATH\ThirdParty\codeigniter4-datatables\src\DataTableColumnDefs.php(17): Hermawan\DataTables\DataTableColumnDefs->initFromBuilder(Object(CodeIgniter\Database\MySQLi\Builder))
 3 APPPATH\ThirdParty\codeigniter4-datatables\src\DataTable.php(35): Hermawan\DataTables\DataTableColumnDefs->__construct(Object(CodeIgniter\Database\MySQLi\Builder))
 4 APPPATH\ThirdParty\codeigniter4-datatables\src\DataTable.php(46): Hermawan\DataTables\DataTable->__construct(Object(CodeIgniter\Database\MySQLi\Builder))
 5 APPPATH\Controllers\Admin\Pengaturan.php(25): Hermawan\DataTables\DataTable::of(Object(CodeIgniter\Database\MySQLi\Builder))
 6 SYSTEMPATH\CodeIgniter.php(934): App\Controllers\Admin\Pengaturan->json_unit()
 7 SYSTEMPATH\CodeIgniter.php(499): CodeIgniter\CodeIgniter->runController(Object(App\Controllers\Admin\Pengaturan))
 8 SYSTEMPATH\CodeIgniter.php(368): CodeIgniter\CodeIgniter->handleRequest(null, Object(Config\Cache), false)
 9 FCPATH\index.php(67): CodeIgniter\CodeIgniter->run()
INFO - 2023-04-12 23:20:25 --> Session: Class initialized using 'CodeIgniter\Session\Handlers\FileHandler' driver.
CRITICAL - 2023-04-12 23:20:27 --> Undefined array key "no_quotes"
in APPPATH\ThirdParty\codeigniter4-datatables\src\DataTableColumnDefs.php on line 261.
 1 APPPATH\ThirdParty\codeigniter4-datatables\src\DataTableColumnDefs.php(261): CodeIgniter\Debug\Exceptions->errorHandler(2, 'Undefined array key "no_quotes"', 'APPPATH\\ThirdParty\\codeigniter4-datatables\\src\\DataTableColumnDefs.php', 261)
 2 APPPATH\ThirdParty\codeigniter4-datatables\src\DataTableColumnDefs.php(17): Hermawan\DataTables\DataTableColumnDefs->initFromBuilder(Object(CodeIgniter\Database\MySQLi\Builder))
 3 APPPATH\ThirdParty\codeigniter4-datatables\src\DataTable.php(35): Hermawan\DataTables\DataTableColumnDefs->__construct(Object(CodeIgniter\Database\MySQLi\Builder))
 4 APPPATH\ThirdParty\codeigniter4-datatables\src\DataTable.php(46): Hermawan\DataTables\DataTable->__construct(Object(CodeIgniter\Database\MySQLi\Builder))
 5 APPPATH\Controllers\Admin\Pengaturan.php(25): Hermawan\DataTables\DataTable::of(Object(CodeIgniter\Database\MySQLi\Builder))
 6 SYSTEMPATH\CodeIgniter.php(934): App\Controllers\Admin\Pengaturan->json_unit()
 7 SYSTEMPATH\CodeIgniter.php(499): CodeIgniter\CodeIgniter->runController(Object(App\Controllers\Admin\Pengaturan))
 8 SYSTEMPATH\CodeIgniter.php(368): CodeIgniter\CodeIgniter->handleRequest(null, Object(Config\Cache), false)
 9 FCPATH\index.php(67): CodeIgniter\CodeIgniter->run()
CRITICAL - 2023-04-12 23:20:30 --> Undefined array key "no_quotes"
in APPPATH\ThirdParty\codeigniter4-datatables\src\DataTableColumnDefs.php on line 261.
 1 APPPATH\ThirdParty\codeigniter4-datatables\src\DataTableColumnDefs.php(261): CodeIgniter\Debug\Exceptions->errorHandler(2, 'Undefined array key "no_quotes"', 'APPPATH\\ThirdParty\\codeigniter4-datatables\\src\\DataTableColumnDefs.php', 261)
 2 APPPATH\ThirdParty\codeigniter4-datatables\src\DataTableColumnDefs.php(17): Hermawan\DataTables\DataTableColumnDefs->initFromBuilder(Object(CodeIgniter\Database\MySQLi\Builder))
 3 APPPATH\ThirdParty\codeigniter4-datatables\src\DataTable.php(35): Hermawan\DataTables\DataTableColumnDefs->__construct(Object(CodeIgniter\Database\MySQLi\Builder))
 4 APPPATH\ThirdParty\codeigniter4-datatables\src\DataTable.php(46): Hermawan\DataTables\DataTable->__construct(Object(CodeIgniter\Database\MySQLi\Builder))
 5 APPPATH\Controllers\Admin\Pengaturan.php(25): Hermawan\DataTables\DataTable::of(Object(CodeIgniter\Database\MySQLi\Builder))
 6 SYSTEMPATH\CodeIgniter.php(934): App\Controllers\Admin\Pengaturan->json_unit()
 7 SYSTEMPATH\CodeIgniter.php(499): CodeIgniter\CodeIgniter->runController(Object(App\Controllers\Admin\Pengaturan))
 8 SYSTEMPATH\CodeIgniter.php(368): CodeIgniter\CodeIgniter->handleRequest(null, Object(Config\Cache), false)
 9 FCPATH\index.php(67): CodeIgniter\CodeIgniter->run()
INFO - 2023-04-12 23:21:19 --> Session: Class initialized using 'CodeIgniter\Session\Handlers\FileHandler' driver.
ERROR - 2023-04-12 23:21:42 --> mysqli_sql_exception: Unknown column 'function' in 'order clause' in C:\xampp_8.2\htdocs\presensi\system\Database\MySQLi\Connection.php:295
Stack trace:
#0 C:\xampp_8.2\htdocs\presensi\system\Database\MySQLi\Connection.php(295): mysqli->query('SELECT `tbl_uni...', 0)
#1 C:\xampp_8.2\htdocs\presensi\system\Database\BaseConnection.php(691): CodeIgniter\Database\MySQLi\Connection->execute('SELECT `tbl_uni...')
#2 C:\xampp_8.2\htdocs\presensi\system\Database\BaseConnection.php(605): CodeIgniter\Database\BaseConnection->simpleQuery('SELECT `tbl_uni...')
#3 C:\xampp_8.2\htdocs\presensi\system\Database\BaseBuilder.php(1601): CodeIgniter\Database\BaseConnection->query('SELECT `tbl_uni...', Array, false)
#4 C:\xampp_8.2\htdocs\presensi\app\ThirdParty\codeigniter4-datatables\src\DataTableQuery.php(219): CodeIgniter\Database\BaseBuilder->get()
#5 C:\xampp_8.2\htdocs\presensi\app\ThirdParty\codeigniter4-datatables\src\DataTableQuery.php(70): Hermawan\DataTables\DataTableQuery->queryResult()
#6 C:\xampp_8.2\htdocs\presensi\app\ThirdParty\codeigniter4-datatables\src\DataTable.php(176): Hermawan\DataTables\DataTableQuery->getDataResult()
#7 C:\xampp_8.2\htdocs\presensi\app\Controllers\Admin\Pengaturan.php(31): Hermawan\DataTables\DataTable->toJson(true)
#8 C:\xampp_8.2\htdocs\presensi\system\CodeIgniter.php(934): App\Controllers\Admin\Pengaturan->json_unit()
#9 C:\xampp_8.2\htdocs\presensi\system\CodeIgniter.php(499): CodeIgniter\CodeIgniter->runController(Object(App\Controllers\Admin\Pengaturan))
#10 C:\xampp_8.2\htdocs\presensi\system\CodeIgniter.php(368): CodeIgniter\CodeIgniter->handleRequest(NULL, Object(Config\Cache), false)
#11 C:\xampp_8.2\htdocs\presensi\index.php(67): CodeIgniter\CodeIgniter->run()
#12 {main}
CRITICAL - 2023-04-12 23:21:42 --> Unknown column 'function' in 'order clause'
in SYSTEMPATH\Database\BaseConnection.php on line 645.
 1 SYSTEMPATH\Database\BaseBuilder.php(1601): CodeIgniter\Database\BaseConnection->query('SELECT `tbl_unit`.`id_unit`, `tbl_unit`.`nm_unit`, `tbl_unit`.`created_at`, `tbl_unit`.`updated_at`, `tbl_unit`.`lat`, `tbl_unit`.`long`, `tbl_unit`.`radius`
FROM `tbl_unit`
ORDER BY `function` ASC', [], false)
 2 APPPATH\ThirdParty\codeigniter4-datatables\src\DataTableQuery.php(219): CodeIgniter\Database\BaseBuilder->get()
 3 APPPATH\ThirdParty\codeigniter4-datatables\src\DataTableQuery.php(70): Hermawan\DataTables\DataTableQuery->queryResult()
 4 APPPATH\ThirdParty\codeigniter4-datatables\src\DataTable.php(176): Hermawan\DataTables\DataTableQuery->getDataResult()
 5 APPPATH\Controllers\Admin\Pengaturan.php(31): Hermawan\DataTables\DataTable->toJson(true)
 6 SYSTEMPATH\CodeIgniter.php(934): App\Controllers\Admin\Pengaturan->json_unit()
 7 SYSTEMPATH\CodeIgniter.php(499): CodeIgniter\CodeIgniter->runController(Object(App\Controllers\Admin\Pengaturan))
 8 SYSTEMPATH\CodeIgniter.php(368): CodeIgniter\CodeIgniter->handleRequest(null, Object(Config\Cache), false)
 9 FCPATH\index.php(67): CodeIgniter\CodeIgniter->run()
INFO - 2023-04-12 23:22:08 --> Session: Class initialized using 'CodeIgniter\Session\Handlers\FileHandler' driver.
ERROR - 2023-04-12 23:22:10 --> mysqli_sql_exception: Unknown column 'function' in 'order clause' in C:\xampp_8.2\htdocs\presensi\system\Database\MySQLi\Connection.php:295
Stack trace:
#0 C:\xampp_8.2\htdocs\presensi\system\Database\MySQLi\Connection.php(295): mysqli->query('SELECT `tbl_uni...', 0)
#1 C:\xampp_8.2\htdocs\presensi\system\Database\BaseConnection.php(691): CodeIgniter\Database\MySQLi\Connection->execute('SELECT `tbl_uni...')
#2 C:\xampp_8.2\htdocs\presensi\system\Database\BaseConnection.php(605): CodeIgniter\Database\BaseConnection->simpleQuery('SELECT `tbl_uni...')
#3 C:\xampp_8.2\htdocs\presensi\system\Database\BaseBuilder.php(1601): CodeIgniter\Database\BaseConnection->query('SELECT `tbl_uni...', Array, false)
#4 C:\xampp_8.2\htdocs\presensi\app\ThirdParty\codeigniter4-datatables\src\DataTableQuery.php(219): CodeIgniter\Database\BaseBuilder->get()
#5 C:\xampp_8.2\htdocs\presensi\app\ThirdParty\codeigniter4-datatables\src\DataTableQuery.php(70): Hermawan\DataTables\DataTableQuery->queryResult()
#6 C:\xampp_8.2\htdocs\presensi\app\ThirdParty\codeigniter4-datatables\src\DataTable.php(176): Hermawan\DataTables\DataTableQuery->getDataResult()
#7 C:\xampp_8.2\htdocs\presensi\app\Controllers\Admin\Pengaturan.php(31): Hermawan\DataTables\DataTable->toJson(true)
#8 C:\xampp_8.2\htdocs\presensi\system\CodeIgniter.php(934): App\Controllers\Admin\Pengaturan->json_unit()
#9 C:\xampp_8.2\htdocs\presensi\system\CodeIgniter.php(499): CodeIgniter\CodeIgniter->runController(Object(App\Controllers\Admin\Pengaturan))
#10 C:\xampp_8.2\htdocs\presensi\system\CodeIgniter.php(368): CodeIgniter\CodeIgniter->handleRequest(NULL, Object(Config\Cache), false)
#11 C:\xampp_8.2\htdocs\presensi\index.php(67): CodeIgniter\CodeIgniter->run()
#12 {main}
CRITICAL - 2023-04-12 23:22:10 --> Unknown column 'function' in 'order clause'
in SYSTEMPATH\Database\BaseConnection.php on line 645.
 1 SYSTEMPATH\Database\BaseBuilder.php(1601): CodeIgniter\Database\BaseConnection->query('SELECT `tbl_unit`.`id_unit`, `tbl_unit`.`nm_unit`, `tbl_unit`.`created_at`, `tbl_unit`.`updated_at`, `tbl_unit`.`lat`, `tbl_unit`.`long`, `tbl_unit`.`radius`
FROM `tbl_unit`
ORDER BY `function` ASC', [], false)
 2 APPPATH\ThirdParty\codeigniter4-datatables\src\DataTableQuery.php(219): CodeIgniter\Database\BaseBuilder->get()
 3 APPPATH\ThirdParty\codeigniter4-datatables\src\DataTableQuery.php(70): Hermawan\DataTables\DataTableQuery->queryResult()
 4 APPPATH\ThirdParty\codeigniter4-datatables\src\DataTable.php(176): Hermawan\DataTables\DataTableQuery->getDataResult()
 5 APPPATH\Controllers\Admin\Pengaturan.php(31): Hermawan\DataTables\DataTable->toJson(true)
 6 SYSTEMPATH\CodeIgniter.php(934): App\Controllers\Admin\Pengaturan->json_unit()
 7 SYSTEMPATH\CodeIgniter.php(499): CodeIgniter\CodeIgniter->runController(Object(App\Controllers\Admin\Pengaturan))
 8 SYSTEMPATH\CodeIgniter.php(368): CodeIgniter\CodeIgniter->handleRequest(null, Object(Config\Cache), false)
 9 FCPATH\index.php(67): CodeIgniter\CodeIgniter->run()
ERROR - 2023-04-12 23:22:13 --> mysqli_sql_exception: Unknown column 'function' in 'order clause' in C:\xampp_8.2\htdocs\presensi\system\Database\MySQLi\Connection.php:295
Stack trace:
#0 C:\xampp_8.2\htdocs\presensi\system\Database\MySQLi\Connection.php(295): mysqli->query('SELECT `tbl_uni...', 0)
#1 C:\xampp_8.2\htdocs\presensi\system\Database\BaseConnection.php(691): CodeIgniter\Database\MySQLi\Connection->execute('SELECT `tbl_uni...')
#2 C:\xampp_8.2\htdocs\presensi\system\Database\BaseConnection.php(605): CodeIgniter\Database\BaseConnection->simpleQuery('SELECT `tbl_uni...')
#3 C:\xampp_8.2\htdocs\presensi\system\Database\BaseBuilder.php(1601): CodeIgniter\Database\BaseConnection->query('SELECT `tbl_uni...', Array, false)
#4 C:\xampp_8.2\htdocs\presensi\app\ThirdParty\codeigniter4-datatables\src\DataTableQuery.php(219): CodeIgniter\Database\BaseBuilder->get()
#5 C:\xampp_8.2\htdocs\presensi\app\ThirdParty\codeigniter4-datatables\src\DataTableQuery.php(70): Hermawan\DataTables\DataTableQuery->queryResult()
#6 C:\xampp_8.2\htdocs\presensi\app\ThirdParty\codeigniter4-datatables\src\DataTable.php(176): Hermawan\DataTables\DataTableQuery->getDataResult()
#7 C:\xampp_8.2\htdocs\presensi\app\Controllers\Admin\Pengaturan.php(31): Hermawan\DataTables\DataTable->toJson(true)
#8 C:\xampp_8.2\htdocs\presensi\system\CodeIgniter.php(934): App\Controllers\Admin\Pengaturan->json_unit()
#9 C:\xampp_8.2\htdocs\presensi\system\CodeIgniter.php(499): CodeIgniter\CodeIgniter->runController(Object(App\Controllers\Admin\Pengaturan))
#10 C:\xampp_8.2\htdocs\presensi\system\CodeIgniter.php(368): CodeIgniter\CodeIgniter->handleRequest(NULL, Object(Config\Cache), false)
#11 C:\xampp_8.2\htdocs\presensi\index.php(67): CodeIgniter\CodeIgniter->run()
#12 {main}
CRITICAL - 2023-04-12 23:22:13 --> Unknown column 'function' in 'order clause'
in SYSTEMPATH\Database\BaseConnection.php on line 645.
 1 SYSTEMPATH\Database\BaseBuilder.php(1601): CodeIgniter\Database\BaseConnection->query('SELECT `tbl_unit`.`id_unit`, `tbl_unit`.`nm_unit`, `tbl_unit`.`created_at`, `tbl_unit`.`updated_at`, `tbl_unit`.`lat`, `tbl_unit`.`long`, `tbl_unit`.`radius`
FROM `tbl_unit`
ORDER BY `function` ASC', [], false)
 2 APPPATH\ThirdParty\codeigniter4-datatables\src\DataTableQuery.php(219): CodeIgniter\Database\BaseBuilder->get()
 3 APPPATH\ThirdParty\codeigniter4-datatables\src\DataTableQuery.php(70): Hermawan\DataTables\DataTableQuery->queryResult()
 4 APPPATH\ThirdParty\codeigniter4-datatables\src\DataTable.php(176): Hermawan\DataTables\DataTableQuery->getDataResult()
 5 APPPATH\Controllers\Admin\Pengaturan.php(31): Hermawan\DataTables\DataTable->toJson(true)
 6 SYSTEMPATH\CodeIgniter.php(934): App\Controllers\Admin\Pengaturan->json_unit()
 7 SYSTEMPATH\CodeIgniter.php(499): CodeIgniter\CodeIgniter->runController(Object(App\Controllers\Admin\Pengaturan))
 8 SYSTEMPATH\CodeIgniter.php(368): CodeIgniter\CodeIgniter->handleRequest(null, Object(Config\Cache), false)
 9 FCPATH\index.php(67): CodeIgniter\CodeIgniter->run()
ERROR - 2023-04-12 23:23:00 --> mysqli_sql_exception: Unknown column 'function' in 'order clause' in C:\xampp_8.2\htdocs\presensi\system\Database\MySQLi\Connection.php:295
Stack trace:
#0 C:\xampp_8.2\htdocs\presensi\system\Database\MySQLi\Connection.php(295): mysqli->query('SELECT `tbl_uni...', 0)
#1 C:\xampp_8.2\htdocs\presensi\system\Database\BaseConnection.php(691): CodeIgniter\Database\MySQLi\Connection->execute('SELECT `tbl_uni...')
#2 C:\xampp_8.2\htdocs\presensi\system\Database\BaseConnection.php(605): CodeIgniter\Database\BaseConnection->simpleQuery('SELECT `tbl_uni...')
#3 C:\xampp_8.2\htdocs\presensi\system\Database\BaseBuilder.php(1601): CodeIgniter\Database\BaseConnection->query('SELECT `tbl_uni...', Array, false)
#4 C:\xampp_8.2\htdocs\presensi\app\ThirdParty\codeigniter4-datatables\src\DataTableQuery.php(219): CodeIgniter\Database\BaseBuilder->get()
#5 C:\xampp_8.2\htdocs\presensi\app\ThirdParty\codeigniter4-datatables\src\DataTableQuery.php(70): Hermawan\DataTables\DataTableQuery->queryResult()
#6 C:\xampp_8.2\htdocs\presensi\app\ThirdParty\codeigniter4-datatables\src\DataTable.php(176): Hermawan\DataTables\DataTableQuery->getDataResult()
#7 C:\xampp_8.2\htdocs\presensi\app\Controllers\Admin\Pengaturan.php(31): Hermawan\DataTables\DataTable->toJson(true)
#8 C:\xampp_8.2\htdocs\presensi\system\CodeIgniter.php(934): App\Controllers\Admin\Pengaturan->json_unit()
#9 C:\xampp_8.2\htdocs\presensi\system\CodeIgniter.php(499): CodeIgniter\CodeIgniter->runController(Object(App\Controllers\Admin\Pengaturan))
#10 C:\xampp_8.2\htdocs\presensi\system\CodeIgniter.php(368): CodeIgniter\CodeIgniter->handleRequest(NULL, Object(Config\Cache), false)
#11 C:\xampp_8.2\htdocs\presensi\index.php(67): CodeIgniter\CodeIgniter->run()
#12 {main}
CRITICAL - 2023-04-12 23:23:00 --> Unknown column 'function' in 'order clause'
in SYSTEMPATH\Database\BaseConnection.php on line 645.
 1 SYSTEMPATH\Database\BaseBuilder.php(1601): CodeIgniter\Database\BaseConnection->query('SELECT `tbl_unit`.`id_unit`, `tbl_unit`.`nm_unit`, `tbl_unit`.`created_at`, `tbl_unit`.`updated_at`, `tbl_unit`.`lat`, `tbl_unit`.`long`, `tbl_unit`.`radius`
FROM `tbl_unit`
ORDER BY `function` ASC', [], false)
 2 APPPATH\ThirdParty\codeigniter4-datatables\src\DataTableQuery.php(219): CodeIgniter\Database\BaseBuilder->get()
 3 APPPATH\ThirdParty\codeigniter4-datatables\src\DataTableQuery.php(70): Hermawan\DataTables\DataTableQuery->queryResult()
 4 APPPATH\ThirdParty\codeigniter4-datatables\src\DataTable.php(176): Hermawan\DataTables\DataTableQuery->getDataResult()
 5 APPPATH\Controllers\Admin\Pengaturan.php(31): Hermawan\DataTables\DataTable->toJson(true)
 6 SYSTEMPATH\CodeIgniter.php(934): App\Controllers\Admin\Pengaturan->json_unit()
 7 SYSTEMPATH\CodeIgniter.php(499): CodeIgniter\CodeIgniter->runController(Object(App\Controllers\Admin\Pengaturan))
 8 SYSTEMPATH\CodeIgniter.php(368): CodeIgniter\CodeIgniter->handleRequest(null, Object(Config\Cache), false)
 9 FCPATH\index.php(67): CodeIgniter\CodeIgniter->run()
ERROR - 2023-04-12 23:23:22 --> mysqli_sql_exception: Unknown column 'function' in 'order clause' in C:\xampp_8.2\htdocs\presensi\system\Database\MySQLi\Connection.php:295
Stack trace:
#0 C:\xampp_8.2\htdocs\presensi\system\Database\MySQLi\Connection.php(295): mysqli->query('SELECT `tbl_uni...', 0)
#1 C:\xampp_8.2\htdocs\presensi\system\Database\BaseConnection.php(691): CodeIgniter\Database\MySQLi\Connection->execute('SELECT `tbl_uni...')
#2 C:\xampp_8.2\htdocs\presensi\system\Database\BaseConnection.php(605): CodeIgniter\Database\BaseConnection->simpleQuery('SELECT `tbl_uni...')
#3 C:\xampp_8.2\htdocs\presensi\system\Database\BaseBuilder.php(1601): CodeIgniter\Database\BaseConnection->query('SELECT `tbl_uni...', Array, false)
#4 C:\xampp_8.2\htdocs\presensi\app\ThirdParty\codeigniter4-datatables\src\DataTableQuery.php(219): CodeIgniter\Database\BaseBuilder->get()
#5 C:\xampp_8.2\htdocs\presensi\app\ThirdParty\codeigniter4-datatables\src\DataTableQuery.php(70): Hermawan\DataTables\DataTableQuery->queryResult()
#6 C:\xampp_8.2\htdocs\presensi\app\ThirdParty\codeigniter4-datatables\src\DataTable.php(176): Hermawan\DataTables\DataTableQuery->getDataResult()
#7 C:\xampp_8.2\htdocs\presensi\app\Controllers\Admin\Pengaturan.php(31): Hermawan\DataTables\DataTable->toJson(true)
#8 C:\xampp_8.2\htdocs\presensi\system\CodeIgniter.php(934): App\Controllers\Admin\Pengaturan->json_unit()
#9 C:\xampp_8.2\htdocs\presensi\system\CodeIgniter.php(499): CodeIgniter\CodeIgniter->runController(Object(App\Controllers\Admin\Pengaturan))
#10 C:\xampp_8.2\htdocs\presensi\system\CodeIgniter.php(368): CodeIgniter\CodeIgniter->handleRequest(NULL, Object(Config\Cache), false)
#11 C:\xampp_8.2\htdocs\presensi\index.php(67): CodeIgniter\CodeIgniter->run()
#12 {main}
CRITICAL - 2023-04-12 23:23:22 --> Unknown column 'function' in 'order clause'
in SYSTEMPATH\Database\BaseConnection.php on line 645.
 1 SYSTEMPATH\Database\BaseBuilder.php(1601): CodeIgniter\Database\BaseConnection->query('SELECT `tbl_unit`.`id_unit`, `tbl_unit`.`nm_unit`, `tbl_unit`.`created_at`, `tbl_unit`.`updated_at`, `tbl_unit`.`lat`, `tbl_unit`.`long`, `tbl_unit`.`radius`
FROM `tbl_unit`
ORDER BY `function` ASC', [], false)
 2 APPPATH\ThirdParty\codeigniter4-datatables\src\DataTableQuery.php(219): CodeIgniter\Database\BaseBuilder->get()
 3 APPPATH\ThirdParty\codeigniter4-datatables\src\DataTableQuery.php(70): Hermawan\DataTables\DataTableQuery->queryResult()
 4 APPPATH\ThirdParty\codeigniter4-datatables\src\DataTable.php(176): Hermawan\DataTables\DataTableQuery->getDataResult()
 5 APPPATH\Controllers\Admin\Pengaturan.php(31): Hermawan\DataTables\DataTable->toJson(true)
 6 SYSTEMPATH\CodeIgniter.php(934): App\Controllers\Admin\Pengaturan->json_unit()
 7 SYSTEMPATH\CodeIgniter.php(499): CodeIgniter\CodeIgniter->runController(Object(App\Controllers\Admin\Pengaturan))
 8 SYSTEMPATH\CodeIgniter.php(368): CodeIgniter\CodeIgniter->handleRequest(null, Object(Config\Cache), false)
 9 FCPATH\index.php(67): CodeIgniter\CodeIgniter->run()
ERROR - 2023-04-12 23:23:26 --> mysqli_sql_exception: Unknown column 'function' in 'order clause' in C:\xampp_8.2\htdocs\presensi\system\Database\MySQLi\Connection.php:295
Stack trace:
#0 C:\xampp_8.2\htdocs\presensi\system\Database\MySQLi\Connection.php(295): mysqli->query('SELECT `tbl_uni...', 0)
#1 C:\xampp_8.2\htdocs\presensi\system\Database\BaseConnection.php(691): CodeIgniter\Database\MySQLi\Connection->execute('SELECT `tbl_uni...')
#2 C:\xampp_8.2\htdocs\presensi\system\Database\BaseConnection.php(605): CodeIgniter\Database\BaseConnection->simpleQuery('SELECT `tbl_uni...')
#3 C:\xampp_8.2\htdocs\presensi\system\Database\BaseBuilder.php(1601): CodeIgniter\Database\BaseConnection->query('SELECT `tbl_uni...', Array, false)
#4 C:\xampp_8.2\htdocs\presensi\app\ThirdParty\codeigniter4-datatables\src\DataTableQuery.php(219): CodeIgniter\Database\BaseBuilder->get()
#5 C:\xampp_8.2\htdocs\presensi\app\ThirdParty\codeigniter4-datatables\src\DataTableQuery.php(70): Hermawan\DataTables\DataTableQuery->queryResult()
#6 C:\xampp_8.2\htdocs\presensi\app\ThirdParty\codeigniter4-datatables\src\DataTable.php(176): Hermawan\DataTables\DataTableQuery->getDataResult()
#7 C:\xampp_8.2\htdocs\presensi\app\Controllers\Admin\Pengaturan.php(31): Hermawan\DataTables\DataTable->toJson(true)
#8 C:\xampp_8.2\htdocs\presensi\system\CodeIgniter.php(934): App\Controllers\Admin\Pengaturan->json_unit()
#9 C:\xampp_8.2\htdocs\presensi\system\CodeIgniter.php(499): CodeIgniter\CodeIgniter->runController(Object(App\Controllers\Admin\Pengaturan))
#10 C:\xampp_8.2\htdocs\presensi\system\CodeIgniter.php(368): CodeIgniter\CodeIgniter->handleRequest(NULL, Object(Config\Cache), false)
#11 C:\xampp_8.2\htdocs\presensi\index.php(67): CodeIgniter\CodeIgniter->run()
#12 {main}
CRITICAL - 2023-04-12 23:23:26 --> Unknown column 'function' in 'order clause'
in SYSTEMPATH\Database\BaseConnection.php on line 645.
 1 SYSTEMPATH\Database\BaseBuilder.php(1601): CodeIgniter\Database\BaseConnection->query('SELECT `tbl_unit`.`id_unit`, `tbl_unit`.`nm_unit`, `tbl_unit`.`created_at`, `tbl_unit`.`updated_at`, `tbl_unit`.`lat`, `tbl_unit`.`long`, `tbl_unit`.`radius`
FROM `tbl_unit`
ORDER BY `function` ASC', [], false)
 2 APPPATH\ThirdParty\codeigniter4-datatables\src\DataTableQuery.php(219): CodeIgniter\Database\BaseBuilder->get()
 3 APPPATH\ThirdParty\codeigniter4-datatables\src\DataTableQuery.php(70): Hermawan\DataTables\DataTableQuery->queryResult()
 4 APPPATH\ThirdParty\codeigniter4-datatables\src\DataTable.php(176): Hermawan\DataTables\DataTableQuery->getDataResult()
 5 APPPATH\Controllers\Admin\Pengaturan.php(31): Hermawan\DataTables\DataTable->toJson(true)
 6 SYSTEMPATH\CodeIgniter.php(934): App\Controllers\Admin\Pengaturan->json_unit()
 7 SYSTEMPATH\CodeIgniter.php(499): CodeIgniter\CodeIgniter->runController(Object(App\Controllers\Admin\Pengaturan))
 8 SYSTEMPATH\CodeIgniter.php(368): CodeIgniter\CodeIgniter->handleRequest(null, Object(Config\Cache), false)
 9 FCPATH\index.php(67): CodeIgniter\CodeIgniter->run()
INFO - 2023-04-12 23:23:32 --> Session: Class initialized using 'CodeIgniter\Session\Handlers\FileHandler' driver.
ERROR - 2023-04-12 23:23:33 --> mysqli_sql_exception: Unknown column 'function' in 'order clause' in C:\xampp_8.2\htdocs\presensi\system\Database\MySQLi\Connection.php:295
Stack trace:
#0 C:\xampp_8.2\htdocs\presensi\system\Database\MySQLi\Connection.php(295): mysqli->query('SELECT `tbl_uni...', 0)
#1 C:\xampp_8.2\htdocs\presensi\system\Database\BaseConnection.php(691): CodeIgniter\Database\MySQLi\Connection->execute('SELECT `tbl_uni...')
#2 C:\xampp_8.2\htdocs\presensi\system\Database\BaseConnection.php(605): CodeIgniter\Database\BaseConnection->simpleQuery('SELECT `tbl_uni...')
#3 C:\xampp_8.2\htdocs\presensi\system\Database\BaseBuilder.php(1601): CodeIgniter\Database\BaseConnection->query('SELECT `tbl_uni...', Array, false)
#4 C:\xampp_8.2\htdocs\presensi\app\ThirdParty\codeigniter4-datatables\src\DataTableQuery.php(219): CodeIgniter\Database\BaseBuilder->get()
#5 C:\xampp_8.2\htdocs\presensi\app\ThirdParty\codeigniter4-datatables\src\DataTableQuery.php(70): Hermawan\DataTables\DataTableQuery->queryResult()
#6 C:\xampp_8.2\htdocs\presensi\app\ThirdParty\codeigniter4-datatables\src\DataTable.php(176): Hermawan\DataTables\DataTableQuery->getDataResult()
#7 C:\xampp_8.2\htdocs\presensi\app\Controllers\Admin\Pengaturan.php(31): Hermawan\DataTables\DataTable->toJson(true)
#8 C:\xampp_8.2\htdocs\presensi\system\CodeIgniter.php(934): App\Controllers\Admin\Pengaturan->json_unit()
#9 C:\xampp_8.2\htdocs\presensi\system\CodeIgniter.php(499): CodeIgniter\CodeIgniter->runController(Object(App\Controllers\Admin\Pengaturan))
#10 C:\xampp_8.2\htdocs\presensi\system\CodeIgniter.php(368): CodeIgniter\CodeIgniter->handleRequest(NULL, Object(Config\Cache), false)
#11 C:\xampp_8.2\htdocs\presensi\index.php(67): CodeIgniter\CodeIgniter->run()
#12 {main}
CRITICAL - 2023-04-12 23:23:33 --> Unknown column 'function' in 'order clause'
in SYSTEMPATH\Database\BaseConnection.php on line 645.
 1 SYSTEMPATH\Database\BaseBuilder.php(1601): CodeIgniter\Database\BaseConnection->query('SELECT `tbl_unit`.`id_unit`, `tbl_unit`.`nm_unit`, `tbl_unit`.`created_at`, `tbl_unit`.`updated_at`, `tbl_unit`.`lat`, `tbl_unit`.`long`, `tbl_unit`.`radius`
FROM `tbl_unit`
ORDER BY `function` ASC', [], false)
 2 APPPATH\ThirdParty\codeigniter4-datatables\src\DataTableQuery.php(219): CodeIgniter\Database\BaseBuilder->get()
 3 APPPATH\ThirdParty\codeigniter4-datatables\src\DataTableQuery.php(70): Hermawan\DataTables\DataTableQuery->queryResult()
 4 APPPATH\ThirdParty\codeigniter4-datatables\src\DataTable.php(176): Hermawan\DataTables\DataTableQuery->getDataResult()
 5 APPPATH\Controllers\Admin\Pengaturan.php(31): Hermawan\DataTables\DataTable->toJson(true)
 6 SYSTEMPATH\CodeIgniter.php(934): App\Controllers\Admin\Pengaturan->json_unit()
 7 SYSTEMPATH\CodeIgniter.php(499): CodeIgniter\CodeIgniter->runController(Object(App\Controllers\Admin\Pengaturan))
 8 SYSTEMPATH\CodeIgniter.php(368): CodeIgniter\CodeIgniter->handleRequest(null, Object(Config\Cache), false)
 9 FCPATH\index.php(67): CodeIgniter\CodeIgniter->run()
ERROR - 2023-04-12 23:23:41 --> mysqli_sql_exception: Unknown column 'function' in 'order clause' in C:\xampp_8.2\htdocs\presensi\system\Database\MySQLi\Connection.php:295
Stack trace:
#0 C:\xampp_8.2\htdocs\presensi\system\Database\MySQLi\Connection.php(295): mysqli->query('SELECT `tbl_uni...', 0)
#1 C:\xampp_8.2\htdocs\presensi\system\Database\BaseConnection.php(691): CodeIgniter\Database\MySQLi\Connection->execute('SELECT `tbl_uni...')
#2 C:\xampp_8.2\htdocs\presensi\system\Database\BaseConnection.php(605): CodeIgniter\Database\BaseConnection->simpleQuery('SELECT `tbl_uni...')
#3 C:\xampp_8.2\htdocs\presensi\system\Database\BaseBuilder.php(1601): CodeIgniter\Database\BaseConnection->query('SELECT `tbl_uni...', Array, false)
#4 C:\xampp_8.2\htdocs\presensi\app\ThirdParty\codeigniter4-datatables\src\DataTableQuery.php(219): CodeIgniter\Database\BaseBuilder->get()
#5 C:\xampp_8.2\htdocs\presensi\app\ThirdParty\codeigniter4-datatables\src\DataTableQuery.php(70): Hermawan\DataTables\DataTableQuery->queryResult()
#6 C:\xampp_8.2\htdocs\presensi\app\ThirdParty\codeigniter4-datatables\src\DataTable.php(176): Hermawan\DataTables\DataTableQuery->getDataResult()
#7 C:\xampp_8.2\htdocs\presensi\app\Controllers\Admin\Pengaturan.php(31): Hermawan\DataTables\DataTable->toJson(true)
#8 C:\xampp_8.2\htdocs\presensi\system\CodeIgniter.php(934): App\Controllers\Admin\Pengaturan->json_unit()
#9 C:\xampp_8.2\htdocs\presensi\system\CodeIgniter.php(499): CodeIgniter\CodeIgniter->runController(Object(App\Controllers\Admin\Pengaturan))
#10 C:\xampp_8.2\htdocs\presensi\system\CodeIgniter.php(368): CodeIgniter\CodeIgniter->handleRequest(NULL, Object(Config\Cache), false)
#11 C:\xampp_8.2\htdocs\presensi\index.php(67): CodeIgniter\CodeIgniter->run()
#12 {main}
CRITICAL - 2023-04-12 23:23:41 --> Unknown column 'function' in 'order clause'
in SYSTEMPATH\Database\BaseConnection.php on line 645.
 1 SYSTEMPATH\Database\BaseBuilder.php(1601): CodeIgniter\Database\BaseConnection->query('SELECT `tbl_unit`.`id_unit`, `tbl_unit`.`nm_unit`, `tbl_unit`.`created_at`, `tbl_unit`.`updated_at`, `tbl_unit`.`lat`, `tbl_unit`.`long`, `tbl_unit`.`radius`
FROM `tbl_unit`
ORDER BY `function` ASC', [], false)
 2 APPPATH\ThirdParty\codeigniter4-datatables\src\DataTableQuery.php(219): CodeIgniter\Database\BaseBuilder->get()
 3 APPPATH\ThirdParty\codeigniter4-datatables\src\DataTableQuery.php(70): Hermawan\DataTables\DataTableQuery->queryResult()
 4 APPPATH\ThirdParty\codeigniter4-datatables\src\DataTable.php(176): Hermawan\DataTables\DataTableQuery->getDataResult()
 5 APPPATH\Controllers\Admin\Pengaturan.php(31): Hermawan\DataTables\DataTable->toJson(true)
 6 SYSTEMPATH\CodeIgniter.php(934): App\Controllers\Admin\Pengaturan->json_unit()
 7 SYSTEMPATH\CodeIgniter.php(499): CodeIgniter\CodeIgniter->runController(Object(App\Controllers\Admin\Pengaturan))
 8 SYSTEMPATH\CodeIgniter.php(368): CodeIgniter\CodeIgniter->handleRequest(null, Object(Config\Cache), false)
 9 FCPATH\index.php(67): CodeIgniter\CodeIgniter->run()
ERROR - 2023-04-12 23:24:51 --> mysqli_sql_exception: Unknown column 'function' in 'order clause' in C:\xampp_8.2\htdocs\presensi\system\Database\MySQLi\Connection.php:295
Stack trace:
#0 C:\xampp_8.2\htdocs\presensi\system\Database\MySQLi\Connection.php(295): mysqli->query('SELECT `id_unit...', 0)
#1 C:\xampp_8.2\htdocs\presensi\system\Database\BaseConnection.php(691): CodeIgniter\Database\MySQLi\Connection->execute('SELECT `id_unit...')
#2 C:\xampp_8.2\htdocs\presensi\system\Database\BaseConnection.php(605): CodeIgniter\Database\BaseConnection->simpleQuery('SELECT `id_unit...')
#3 C:\xampp_8.2\htdocs\presensi\system\Database\BaseBuilder.php(1601): CodeIgniter\Database\BaseConnection->query('SELECT `id_unit...', Array, false)
#4 C:\xampp_8.2\htdocs\presensi\app\ThirdParty\codeigniter4-datatables\src\DataTableQuery.php(219): CodeIgniter\Database\BaseBuilder->get()
#5 C:\xampp_8.2\htdocs\presensi\app\ThirdParty\codeigniter4-datatables\src\DataTableQuery.php(70): Hermawan\DataTables\DataTableQuery->queryResult()
#6 C:\xampp_8.2\htdocs\presensi\app\ThirdParty\codeigniter4-datatables\src\DataTable.php(176): Hermawan\DataTables\DataTableQuery->getDataResult()
#7 C:\xampp_8.2\htdocs\presensi\app\Controllers\Admin\Pengaturan.php(31): Hermawan\DataTables\DataTable->toJson(true)
#8 C:\xampp_8.2\htdocs\presensi\system\CodeIgniter.php(934): App\Controllers\Admin\Pengaturan->json_unit()
#9 C:\xampp_8.2\htdocs\presensi\system\CodeIgniter.php(499): CodeIgniter\CodeIgniter->runController(Object(App\Controllers\Admin\Pengaturan))
#10 C:\xampp_8.2\htdocs\presensi\system\CodeIgniter.php(368): CodeIgniter\CodeIgniter->handleRequest(NULL, Object(Config\Cache), false)
#11 C:\xampp_8.2\htdocs\presensi\index.php(67): CodeIgniter\CodeIgniter->run()
#12 {main}
CRITICAL - 2023-04-12 23:24:51 --> Unknown column 'function' in 'order clause'
in SYSTEMPATH\Database\BaseConnection.php on line 645.
 1 SYSTEMPATH\Database\BaseBuilder.php(1601): CodeIgniter\Database\BaseConnection->query('SELECT `id_unit`, `nm_unit`, `created_at`, `updated_at`, `lat`, `long`, `radius`
FROM `tbl_unit`
ORDER BY `function` ASC', [], false)
 2 APPPATH\ThirdParty\codeigniter4-datatables\src\DataTableQuery.php(219): CodeIgniter\Database\BaseBuilder->get()
 3 APPPATH\ThirdParty\codeigniter4-datatables\src\DataTableQuery.php(70): Hermawan\DataTables\DataTableQuery->queryResult()
 4 APPPATH\ThirdParty\codeigniter4-datatables\src\DataTable.php(176): Hermawan\DataTables\DataTableQuery->getDataResult()
 5 APPPATH\Controllers\Admin\Pengaturan.php(31): Hermawan\DataTables\DataTable->toJson(true)
 6 SYSTEMPATH\CodeIgniter.php(934): App\Controllers\Admin\Pengaturan->json_unit()
 7 SYSTEMPATH\CodeIgniter.php(499): CodeIgniter\CodeIgniter->runController(Object(App\Controllers\Admin\Pengaturan))
 8 SYSTEMPATH\CodeIgniter.php(368): CodeIgniter\CodeIgniter->handleRequest(null, Object(Config\Cache), false)
 9 FCPATH\index.php(67): CodeIgniter\CodeIgniter->run()
INFO - 2023-04-12 23:25:10 --> Session: Class initialized using 'CodeIgniter\Session\Handlers\FileHandler' driver.
ERROR - 2023-04-12 23:25:12 --> mysqli_sql_exception: Unknown column 'function' in 'order clause' in C:\xampp_8.2\htdocs\presensi\system\Database\MySQLi\Connection.php:295
Stack trace:
#0 C:\xampp_8.2\htdocs\presensi\system\Database\MySQLi\Connection.php(295): mysqli->query('SELECT `id_unit...', 0)
#1 C:\xampp_8.2\htdocs\presensi\system\Database\BaseConnection.php(691): CodeIgniter\Database\MySQLi\Connection->execute('SELECT `id_unit...')
#2 C:\xampp_8.2\htdocs\presensi\system\Database\BaseConnection.php(605): CodeIgniter\Database\BaseConnection->simpleQuery('SELECT `id_unit...')
#3 C:\xampp_8.2\htdocs\presensi\system\Database\BaseBuilder.php(1601): CodeIgniter\Database\BaseConnection->query('SELECT `id_unit...', Array, false)
#4 C:\xampp_8.2\htdocs\presensi\app\ThirdParty\codeigniter4-datatables\src\DataTableQuery.php(219): CodeIgniter\Database\BaseBuilder->get()
#5 C:\xampp_8.2\htdocs\presensi\app\ThirdParty\codeigniter4-datatables\src\DataTableQuery.php(70): Hermawan\DataTables\DataTableQuery->queryResult()
#6 C:\xampp_8.2\htdocs\presensi\app\ThirdParty\codeigniter4-datatables\src\DataTable.php(176): Hermawan\DataTables\DataTableQuery->getDataResult()
#7 C:\xampp_8.2\htdocs\presensi\app\Controllers\Admin\Pengaturan.php(31): Hermawan\DataTables\DataTable->toJson(true)
#8 C:\xampp_8.2\htdocs\presensi\system\CodeIgniter.php(934): App\Controllers\Admin\Pengaturan->json_unit()
#9 C:\xampp_8.2\htdocs\presensi\system\CodeIgniter.php(499): CodeIgniter\CodeIgniter->runController(Object(App\Controllers\Admin\Pengaturan))
#10 C:\xampp_8.2\htdocs\presensi\system\CodeIgniter.php(368): CodeIgniter\CodeIgniter->handleRequest(NULL, Object(Config\Cache), false)
#11 C:\xampp_8.2\htdocs\presensi\index.php(67): CodeIgniter\CodeIgniter->run()
#12 {main}
CRITICAL - 2023-04-12 23:25:12 --> Unknown column 'function' in 'order clause'
in SYSTEMPATH\Database\BaseConnection.php on line 645.
 1 SYSTEMPATH\Database\BaseBuilder.php(1601): CodeIgniter\Database\BaseConnection->query('SELECT `id_unit`, `nm_unit`, `created_at`, `updated_at`, `lat`, `long`, `radius`
FROM `tbl_unit`
ORDER BY `function` ASC', [], false)
 2 APPPATH\ThirdParty\codeigniter4-datatables\src\DataTableQuery.php(219): CodeIgniter\Database\BaseBuilder->get()
 3 APPPATH\ThirdParty\codeigniter4-datatables\src\DataTableQuery.php(70): Hermawan\DataTables\DataTableQuery->queryResult()
 4 APPPATH\ThirdParty\codeigniter4-datatables\src\DataTable.php(176): Hermawan\DataTables\DataTableQuery->getDataResult()
 5 APPPATH\Controllers\Admin\Pengaturan.php(31): Hermawan\DataTables\DataTable->toJson(true)
 6 SYSTEMPATH\CodeIgniter.php(934): App\Controllers\Admin\Pengaturan->json_unit()
 7 SYSTEMPATH\CodeIgniter.php(499): CodeIgniter\CodeIgniter->runController(Object(App\Controllers\Admin\Pengaturan))
 8 SYSTEMPATH\CodeIgniter.php(368): CodeIgniter\CodeIgniter->handleRequest(null, Object(Config\Cache), false)
 9 FCPATH\index.php(67): CodeIgniter\CodeIgniter->run()
ERROR - 2023-04-12 23:25:15 --> mysqli_sql_exception: Unknown column 'function' in 'order clause' in C:\xampp_8.2\htdocs\presensi\system\Database\MySQLi\Connection.php:295
Stack trace:
#0 C:\xampp_8.2\htdocs\presensi\system\Database\MySQLi\Connection.php(295): mysqli->query('SELECT `id_unit...', 0)
#1 C:\xampp_8.2\htdocs\presensi\system\Database\BaseConnection.php(691): CodeIgniter\Database\MySQLi\Connection->execute('SELECT `id_unit...')
#2 C:\xampp_8.2\htdocs\presensi\system\Database\BaseConnection.php(605): CodeIgniter\Database\BaseConnection->simpleQuery('SELECT `id_unit...')
#3 C:\xampp_8.2\htdocs\presensi\system\Database\BaseBuilder.php(1601): CodeIgniter\Database\BaseConnection->query('SELECT `id_unit...', Array, false)
#4 C:\xampp_8.2\htdocs\presensi\app\ThirdParty\codeigniter4-datatables\src\DataTableQuery.php(219): CodeIgniter\Database\BaseBuilder->get()
#5 C:\xampp_8.2\htdocs\presensi\app\ThirdParty\codeigniter4-datatables\src\DataTableQuery.php(70): Hermawan\DataTables\DataTableQuery->queryResult()
#6 C:\xampp_8.2\htdocs\presensi\app\ThirdParty\codeigniter4-datatables\src\DataTable.php(176): Hermawan\DataTables\DataTableQuery->getDataResult()
#7 C:\xampp_8.2\htdocs\presensi\app\Controllers\Admin\Pengaturan.php(31): Hermawan\DataTables\DataTable->toJson(true)
#8 C:\xampp_8.2\htdocs\presensi\system\CodeIgniter.php(934): App\Controllers\Admin\Pengaturan->json_unit()
#9 C:\xampp_8.2\htdocs\presensi\system\CodeIgniter.php(499): CodeIgniter\CodeIgniter->runController(Object(App\Controllers\Admin\Pengaturan))
#10 C:\xampp_8.2\htdocs\presensi\system\CodeIgniter.php(368): CodeIgniter\CodeIgniter->handleRequest(NULL, Object(Config\Cache), false)
#11 C:\xampp_8.2\htdocs\presensi\index.php(67): CodeIgniter\CodeIgniter->run()
#12 {main}
CRITICAL - 2023-04-12 23:25:15 --> Unknown column 'function' in 'order clause'
in SYSTEMPATH\Database\BaseConnection.php on line 645.
 1 SYSTEMPATH\Database\BaseBuilder.php(1601): CodeIgniter\Database\BaseConnection->query('SELECT `id_unit`, `nm_unit`, `created_at`, `updated_at`, `lat`, `long`, `radius`
FROM `tbl_unit`
ORDER BY `function` ASC', [], false)
 2 APPPATH\ThirdParty\codeigniter4-datatables\src\DataTableQuery.php(219): CodeIgniter\Database\BaseBuilder->get()
 3 APPPATH\ThirdParty\codeigniter4-datatables\src\DataTableQuery.php(70): Hermawan\DataTables\DataTableQuery->queryResult()
 4 APPPATH\ThirdParty\codeigniter4-datatables\src\DataTable.php(176): Hermawan\DataTables\DataTableQuery->getDataResult()
 5 APPPATH\Controllers\Admin\Pengaturan.php(31): Hermawan\DataTables\DataTable->toJson(true)
 6 SYSTEMPATH\CodeIgniter.php(934): App\Controllers\Admin\Pengaturan->json_unit()
 7 SYSTEMPATH\CodeIgniter.php(499): CodeIgniter\CodeIgniter->runController(Object(App\Controllers\Admin\Pengaturan))
 8 SYSTEMPATH\CodeIgniter.php(368): CodeIgniter\CodeIgniter->handleRequest(null, Object(Config\Cache), false)
 9 FCPATH\index.php(67): CodeIgniter\CodeIgniter->run()
ERROR - 2023-04-12 23:25:41 --> mysqli_sql_exception: Unknown column 'function' in 'order clause' in C:\xampp_8.2\htdocs\presensi\system\Database\MySQLi\Connection.php:295
Stack trace:
#0 C:\xampp_8.2\htdocs\presensi\system\Database\MySQLi\Connection.php(295): mysqli->query('SELECT `id_unit...', 0)
#1 C:\xampp_8.2\htdocs\presensi\system\Database\BaseConnection.php(691): CodeIgniter\Database\MySQLi\Connection->execute('SELECT `id_unit...')
#2 C:\xampp_8.2\htdocs\presensi\system\Database\BaseConnection.php(605): CodeIgniter\Database\BaseConnection->simpleQuery('SELECT `id_unit...')
#3 C:\xampp_8.2\htdocs\presensi\system\Database\BaseBuilder.php(1601): CodeIgniter\Database\BaseConnection->query('SELECT `id_unit...', Array, false)
#4 C:\xampp_8.2\htdocs\presensi\app\ThirdParty\codeigniter4-datatables\src\DataTableQuery.php(219): CodeIgniter\Database\BaseBuilder->get()
#5 C:\xampp_8.2\htdocs\presensi\app\ThirdParty\codeigniter4-datatables\src\DataTableQuery.php(70): Hermawan\DataTables\DataTableQuery->queryResult()
#6 C:\xampp_8.2\htdocs\presensi\app\ThirdParty\codeigniter4-datatables\src\DataTable.php(176): Hermawan\DataTables\DataTableQuery->getDataResult()
#7 C:\xampp_8.2\htdocs\presensi\app\Controllers\Admin\Pengaturan.php(25): Hermawan\DataTables\DataTable->toJson(true)
#8 C:\xampp_8.2\htdocs\presensi\system\CodeIgniter.php(934): App\Controllers\Admin\Pengaturan->json_unit()
#9 C:\xampp_8.2\htdocs\presensi\system\CodeIgniter.php(499): CodeIgniter\CodeIgniter->runController(Object(App\Controllers\Admin\Pengaturan))
#10 C:\xampp_8.2\htdocs\presensi\system\CodeIgniter.php(368): CodeIgniter\CodeIgniter->handleRequest(NULL, Object(Config\Cache), false)
#11 C:\xampp_8.2\htdocs\presensi\index.php(67): CodeIgniter\CodeIgniter->run()
#12 {main}
CRITICAL - 2023-04-12 23:25:41 --> Unknown column 'function' in 'order clause'
in SYSTEMPATH\Database\BaseConnection.php on line 645.
 1 SYSTEMPATH\Database\BaseBuilder.php(1601): CodeIgniter\Database\BaseConnection->query('SELECT `id_unit`, `nm_unit`, `created_at`, `updated_at`, `lat`, `long`, `radius`
FROM `tbl_unit`
ORDER BY `function` ASC', [], false)
 2 APPPATH\ThirdParty\codeigniter4-datatables\src\DataTableQuery.php(219): CodeIgniter\Database\BaseBuilder->get()
 3 APPPATH\ThirdParty\codeigniter4-datatables\src\DataTableQuery.php(70): Hermawan\DataTables\DataTableQuery->queryResult()
 4 APPPATH\ThirdParty\codeigniter4-datatables\src\DataTable.php(176): Hermawan\DataTables\DataTableQuery->getDataResult()
 5 APPPATH\Controllers\Admin\Pengaturan.php(25): Hermawan\DataTables\DataTable->toJson(true)
 6 SYSTEMPATH\CodeIgniter.php(934): App\Controllers\Admin\Pengaturan->json_unit()
 7 SYSTEMPATH\CodeIgniter.php(499): CodeIgniter\CodeIgniter->runController(Object(App\Controllers\Admin\Pengaturan))
 8 SYSTEMPATH\CodeIgniter.php(368): CodeIgniter\CodeIgniter->handleRequest(null, Object(Config\Cache), false)
 9 FCPATH\index.php(67): CodeIgniter\CodeIgniter->run()
INFO - 2023-04-12 23:26:26 --> Session: Class initialized using 'CodeIgniter\Session\Handlers\FileHandler' driver.
INFO - 2023-04-12 23:26:47 --> Session: Class initialized using 'CodeIgniter\Session\Handlers\FileHandler' driver.
INFO - 2023-04-12 23:28:14 --> Session: Class initialized using 'CodeIgniter\Session\Handlers\FileHandler' driver.
INFO - 2023-04-12 23:28:46 --> Session: Class initialized using 'CodeIgniter\Session\Handlers\FileHandler' driver.
INFO - 2023-04-12 23:29:05 --> Session: Class initialized using 'CodeIgniter\Session\Handlers\FileHandler' driver.
INFO - 2023-04-12 23:29:13 --> Session: Class initialized using 'CodeIgniter\Session\Handlers\FileHandler' driver.
INFO - 2023-04-12 23:29:39 --> Session: Class initialized using 'CodeIgniter\Session\Handlers\FileHandler' driver.
INFO - 2023-04-12 23:32:39 --> Session: Class initialized using 'CodeIgniter\Session\Handlers\FileHandler' driver.
INFO - 2023-04-12 23:48:13 --> Session: Class initialized using 'CodeIgniter\Session\Handlers\FileHandler' driver.
INFO - 2023-04-12 23:53:08 --> Session: Class initialized using 'CodeIgniter\Session\Handlers\FileHandler' driver.
INFO - 2023-04-12 23:54:19 --> Session: Class initialized using 'CodeIgniter\Session\Handlers\FileHandler' driver.
INFO - 2023-04-12 23:54:40 --> Session: Class initialized using 'CodeIgniter\Session\Handlers\FileHandler' driver.
INFO - 2023-04-12 23:54:44 --> Session: Class initialized using 'CodeIgniter\Session\Handlers\FileHandler' driver.
INFO - 2023-04-12 23:55:29 --> Session: Class initialized using 'CodeIgniter\Session\Handlers\FileHandler' driver.
INFO - 2023-04-12 23:55:47 --> Session: Class initialized using 'CodeIgniter\Session\Handlers\FileHandler' driver.
INFO - 2023-04-12 23:55:53 --> Session: Class initialized using 'CodeIgniter\Session\Handlers\FileHandler' driver.
INFO - 2023-04-12 23:56:01 --> Session: Class initialized using 'CodeIgniter\Session\Handlers\FileHandler' driver.
INFO - 2023-04-12 23:56:09 --> Session: Class initialized using 'CodeIgniter\Session\Handlers\FileHandler' driver.
INFO - 2023-04-12 23:56:38 --> Session: Class initialized using 'CodeIgniter\Session\Handlers\FileHandler' driver.
INFO - 2023-04-12 23:57:12 --> Session: Class initialized using 'CodeIgniter\Session\Handlers\FileHandler' driver.
INFO - 2023-04-12 23:57:27 --> Session: Class initialized using 'CodeIgniter\Session\Handlers\FileHandler' driver.
